[0.076s] DEBUG:colcon:Command line arguments: ['/usr/bin/colcon', 'build']
[0.076s] DEBUG:colcon:Parsed command line arguments: Namespace(log_base=None, log_level=None, verb_name='build', build_base='build', install_base='install', merge_install=False, symlink_install=False, test_result_base=None, continue_on_error=False, executor='parallel', parallel_workers=16, event_handlers=None, ignore_user_meta=False, metas=['./colcon.meta'], base_paths=['.'], packages_ignore=None, packages_ignore_regex=None, paths=None, packages_up_to=None, packages_up_to_regex=None, packages_above=None, packages_above_and_dependencies=None, packages_above_depth=None, packages_select_by_dep=None, packages_skip_by_dep=None, packages_skip_up_to=None, packages_select_build_failed=False, packages_skip_build_finished=False, packages_select_test_failures=False, packages_skip_test_passed=False, packages_select=None, packages_skip=None, packages_select_regex=None, packages_skip_regex=None, packages_start=None, packages_end=None, allow_overriding=[], cmake_args=None, cmake_target=None, cmake_target_skip_unavailable=False, cmake_clean_cache=False, cmake_clean_first=False, cmake_force_configure=False, ament_cmake_args=None, catkin_cmake_args=None, catkin_skip_building_tests=False, verb_parser=<colcon_defaults.argument_parser.defaults.DefaultArgumentsDecorator object at 0x7209974e79d0>, verb_extension=<colcon_core.verb.build.BuildVerb object at 0x72099764ad70>, main=<bound method BuildVerb.main of <colcon_core.verb.build.BuildVerb object at 0x72099764ad70>>)
[0.179s] Level 1:colcon.colcon_core.package_discovery:discover_packages(colcon_meta) check parameters
[0.179s] Level 1:colcon.colcon_core.package_discovery:discover_packages(recursive) check parameters
[0.179s] Level 1:colcon.colcon_core.package_discovery:discover_packages(ignore) check parameters
[0.179s] Level 1:colcon.colcon_core.package_discovery:discover_packages(path) check parameters
[0.179s] Level 1:colcon.colcon_core.package_discovery:discover_packages(colcon_meta) discover
[0.179s] Level 1:colcon.colcon_core.package_discovery:discover_packages(recursive) discover
[0.179s] INFO:colcon.colcon_core.package_discovery:Crawling recursively for packages in '/home/rick/cartographer_ws'
[0.179s] Level 1:colcon.colcon_core.package_identification:_identify(.) by extensions ['ignore', 'ignore_ament_install']
[0.179s] Level 1:colcon.colcon_core.package_identification:_identify(.) by extension 'ignore'
[0.179s] Level 1:colcon.colcon_core.package_identification:_identify(.) by extension 'ignore_ament_install'
[0.179s] Level 1:colcon.colcon_core.package_identification:_identify(.) by extensions ['colcon_pkg']
[0.179s] Level 1:colcon.colcon_core.package_identification:_identify(.) by extension 'colcon_pkg'
[0.179s] Level 1:colcon.colcon_core.package_identification:_identify(.) by extensions ['colcon_meta']
[0.179s] Level 1:colcon.colcon_core.package_identification:_identify(.) by extension 'colcon_meta'
[0.179s] Level 1:colcon.colcon_core.package_identification:_identify(.) by extensions ['ros']
[0.179s] Level 1:colcon.colcon_core.package_identification:_identify(.) by extension 'ros'
[0.196s] Level 1:colcon.colcon_core.package_identification:_identify(.) by extensions ['cmake', 'python']
[0.196s] Level 1:colcon.colcon_core.package_identification:_identify(.) by extension 'cmake'
[0.196s] Level 1:colcon.colcon_core.package_identification:_identify(.) by extension 'python'
[0.196s] Level 1:colcon.colcon_core.package_identification:_identify(.) by extensions ['python_setup_py']
[0.196s] Level 1:colcon.colcon_core.package_identification:_identify(.) by extension 'python_setup_py'
[0.196s] Level 1:colcon.colcon_core.package_identification:_identify(build) by extensions ['ignore', 'ignore_ament_install']
[0.196s] Level 1:colcon.colcon_core.package_identification:_identify(build) by extension 'ignore'
[0.196s] Level 1:colcon.colcon_core.package_identification:_identify(build) ignored
[0.196s] Level 1:colcon.colcon_core.package_identification:_identify(install) by extensions ['ignore', 'ignore_ament_install']
[0.196s] Level 1:colcon.colcon_core.package_identification:_identify(install) by extension 'ignore'
[0.196s] Level 1:colcon.colcon_core.package_identification:_identify(install) ignored
[0.197s] Level 1:colcon.colcon_core.package_identification:_identify(log) by extensions ['ignore', 'ignore_ament_install']
[0.197s] Level 1:colcon.colcon_core.package_identification:_identify(log) by extension 'ignore'
[0.197s] Level 1:colcon.colcon_core.package_identification:_identify(log) ignored
[0.197s] Level 1:colcon.colcon_core.package_identification:_identify(src) by extensions ['ignore', 'ignore_ament_install']
[0.197s] Level 1:colcon.colcon_core.package_identification:_identify(src) by extension 'ignore'
[0.197s] Level 1:colcon.colcon_core.package_identification:_identify(src) by extension 'ignore_ament_install'
[0.197s] Level 1:colcon.colcon_core.package_identification:_identify(src) by extensions ['colcon_pkg']
[0.197s] Level 1:colcon.colcon_core.package_identification:_identify(src) by extension 'colcon_pkg'
[0.197s] Level 1:colcon.colcon_core.package_identification:_identify(src) by extensions ['colcon_meta']
[0.197s] Level 1:colcon.colcon_core.package_identification:_identify(src) by extension 'colcon_meta'
[0.197s] Level 1:colcon.colcon_core.package_identification:_identify(src) by extensions ['ros']
[0.197s] Level 1:colcon.colcon_core.package_identification:_identify(src) by extension 'ros'
[0.197s] Level 1:colcon.colcon_core.package_identification:_identify(src) by extensions ['cmake', 'python']
[0.197s] Level 1:colcon.colcon_core.package_identification:_identify(src) by extension 'cmake'
[0.197s] Level 1:colcon.colcon_core.package_identification:_identify(src) by extension 'python'
[0.197s] Level 1:colcon.colcon_core.package_identification:_identify(src) by extensions ['python_setup_py']
[0.197s] Level 1:colcon.colcon_core.package_identification:_identify(src) by extension 'python_setup_py'
[0.197s] Level 1:colcon.colcon_core.package_identification:_identify(src/cartographer) by extensions ['ignore', 'ignore_ament_install']
[0.197s] Level 1:colcon.colcon_core.package_identification:_identify(src/cartographer) by extension 'ignore'
[0.197s] Level 1:colcon.colcon_core.package_identification:_identify(src/cartographer) by extension 'ignore_ament_install'
[0.197s] Level 1:colcon.colcon_core.package_identification:_identify(src/cartographer) by extensions ['colcon_pkg']
[0.197s] Level 1:colcon.colcon_core.package_identification:_identify(src/cartographer) by extension 'colcon_pkg'
[0.197s] Level 1:colcon.colcon_core.package_identification:_identify(src/cartographer) by extensions ['colcon_meta']
[0.197s] Level 1:colcon.colcon_core.package_identification:_identify(src/cartographer) by extension 'colcon_meta'
[0.197s] Level 1:colcon.colcon_core.package_identification:_identify(src/cartographer) by extensions ['ros']
[0.197s] Level 1:colcon.colcon_core.package_identification:_identify(src/cartographer) by extension 'ros'
[0.199s] DEBUG:colcon.colcon_core.package_identification:Package 'src/cartographer' with type 'ros.cmake' and name 'cartographer'
[0.199s] Level 1:colcon.colcon_core.package_identification:_identify(src/cartographer_ros) by extensions ['ignore', 'ignore_ament_install']
[0.199s] Level 1:colcon.colcon_core.package_identification:_identify(src/cartographer_ros) by extension 'ignore'
[0.199s] Level 1:colcon.colcon_core.package_identification:_identify(src/cartographer_ros) by extension 'ignore_ament_install'
[0.199s] Level 1:colcon.colcon_core.package_identification:_identify(src/cartographer_ros) by extensions ['colcon_pkg']
[0.199s] Level 1:colcon.colcon_core.package_identification:_identify(src/cartographer_ros) by extension 'colcon_pkg'
[0.199s] Level 1:colcon.colcon_core.package_identification:_identify(src/cartographer_ros) by extensions ['colcon_meta']
[0.199s] Level 1:colcon.colcon_core.package_identification:_identify(src/cartographer_ros) by extension 'colcon_meta'
[0.200s] Level 1:colcon.colcon_core.package_identification:_identify(src/cartographer_ros) by extensions ['ros']
[0.200s] Level 1:colcon.colcon_core.package_identification:_identify(src/cartographer_ros) by extension 'ros'
[0.200s] Level 1:colcon.colcon_core.package_identification:_identify(src/cartographer_ros) by extensions ['cmake', 'python']
[0.200s] Level 1:colcon.colcon_core.package_identification:_identify(src/cartographer_ros) by extension 'cmake'
[0.200s] Level 1:colcon.colcon_core.package_identification:_identify(src/cartographer_ros) by extension 'python'
[0.200s] Level 1:colcon.colcon_core.package_identification:_identify(src/cartographer_ros) by extensions ['python_setup_py']
[0.200s] Level 1:colcon.colcon_core.package_identification:_identify(src/cartographer_ros) by extension 'python_setup_py'
[0.200s] Level 1:colcon.colcon_core.package_identification:_identify(src/cartographer_ros/cartographer_ros) by extensions ['ignore', 'ignore_ament_install']
[0.200s] Level 1:colcon.colcon_core.package_identification:_identify(src/cartographer_ros/cartographer_ros) by extension 'ignore'
[0.200s] Level 1:colcon.colcon_core.package_identification:_identify(src/cartographer_ros/cartographer_ros) by extension 'ignore_ament_install'
[0.200s] Level 1:colcon.colcon_core.package_identification:_identify(src/cartographer_ros/cartographer_ros) by extensions ['colcon_pkg']
[0.200s] Level 1:colcon.colcon_core.package_identification:_identify(src/cartographer_ros/cartographer_ros) by extension 'colcon_pkg'
[0.200s] Level 1:colcon.colcon_core.package_identification:_identify(src/cartographer_ros/cartographer_ros) by extensions ['colcon_meta']
[0.200s] Level 1:colcon.colcon_core.package_identification:_identify(src/cartographer_ros/cartographer_ros) by extension 'colcon_meta'
[0.200s] Level 1:colcon.colcon_core.package_identification:_identify(src/cartographer_ros/cartographer_ros) by extensions ['ros']
[0.200s] Level 1:colcon.colcon_core.package_identification:_identify(src/cartographer_ros/cartographer_ros) by extension 'ros'
[0.201s] DEBUG:colcon.colcon_core.package_identification:Package 'src/cartographer_ros/cartographer_ros' with type 'ros.ament_cmake' and name 'cartographer_ros'
[0.201s] Level 1:colcon.colcon_core.package_identification:_identify(src/cartographer_ros/cartographer_ros_msgs) by extensions ['ignore', 'ignore_ament_install']
[0.201s] Level 1:colcon.colcon_core.package_identification:_identify(src/cartographer_ros/cartographer_ros_msgs) by extension 'ignore'
[0.201s] Level 1:colcon.colcon_core.package_identification:_identify(src/cartographer_ros/cartographer_ros_msgs) by extension 'ignore_ament_install'
[0.201s] Level 1:colcon.colcon_core.package_identification:_identify(src/cartographer_ros/cartographer_ros_msgs) by extensions ['colcon_pkg']
[0.201s] Level 1:colcon.colcon_core.package_identification:_identify(src/cartographer_ros/cartographer_ros_msgs) by extension 'colcon_pkg'
[0.201s] Level 1:colcon.colcon_core.package_identification:_identify(src/cartographer_ros/cartographer_ros_msgs) by extensions ['colcon_meta']
[0.201s] Level 1:colcon.colcon_core.package_identification:_identify(src/cartographer_ros/cartographer_ros_msgs) by extension 'colcon_meta'
[0.202s] Level 1:colcon.colcon_core.package_identification:_identify(src/cartographer_ros/cartographer_ros_msgs) by extensions ['ros']
[0.202s] Level 1:colcon.colcon_core.package_identification:_identify(src/cartographer_ros/cartographer_ros_msgs) by extension 'ros'
[0.202s] DEBUG:colcon.colcon_core.package_identification:Package 'src/cartographer_ros/cartographer_ros_msgs' with type 'ros.ament_cmake' and name 'cartographer_ros_msgs'
[0.202s] Level 1:colcon.colcon_core.package_identification:_identify(src/cartographer_ros/cartographer_rviz) by extensions ['ignore', 'ignore_ament_install']
[0.202s] Level 1:colcon.colcon_core.package_identification:_identify(src/cartographer_ros/cartographer_rviz) by extension 'ignore'
[0.202s] Level 1:colcon.colcon_core.package_identification:_identify(src/cartographer_ros/cartographer_rviz) by extension 'ignore_ament_install'
[0.202s] Level 1:colcon.colcon_core.package_identification:_identify(src/cartographer_ros/cartographer_rviz) by extensions ['colcon_pkg']
[0.202s] Level 1:colcon.colcon_core.package_identification:_identify(src/cartographer_ros/cartographer_rviz) by extension 'colcon_pkg'
[0.202s] Level 1:colcon.colcon_core.package_identification:_identify(src/cartographer_ros/cartographer_rviz) by extensions ['colcon_meta']
[0.202s] Level 1:colcon.colcon_core.package_identification:_identify(src/cartographer_ros/cartographer_rviz) by extension 'colcon_meta'
[0.202s] Level 1:colcon.colcon_core.package_identification:_identify(src/cartographer_ros/cartographer_rviz) by extensions ['ros']
[0.202s] Level 1:colcon.colcon_core.package_identification:_identify(src/cartographer_ros/cartographer_rviz) by extension 'ros'
[0.203s] DEBUG:colcon.colcon_core.package_identification:Package 'src/cartographer_ros/cartographer_rviz' with type 'ros.ament_cmake' and name 'cartographer_rviz'
[0.203s] Level 1:colcon.colcon_core.package_identification:_identify(src/cartographer_ros/docs) by extensions ['ignore', 'ignore_ament_install']
[0.203s] Level 1:colcon.colcon_core.package_identification:_identify(src/cartographer_ros/docs) by extension 'ignore'
[0.203s] Level 1:colcon.colcon_core.package_identification:_identify(src/cartographer_ros/docs) ignored
[0.203s] Level 1:colcon.colcon_core.package_identification:_identify(src/cartographer_ros/scripts) by extensions ['ignore', 'ignore_ament_install']
[0.203s] Level 1:colcon.colcon_core.package_identification:_identify(src/cartographer_ros/scripts) by extension 'ignore'
[0.203s] Level 1:colcon.colcon_core.package_identification:_identify(src/cartographer_ros/scripts) by extension 'ignore_ament_install'
[0.203s] Level 1:colcon.colcon_core.package_identification:_identify(src/cartographer_ros/scripts) by extensions ['colcon_pkg']
[0.203s] Level 1:colcon.colcon_core.package_identification:_identify(src/cartographer_ros/scripts) by extension 'colcon_pkg'
[0.203s] Level 1:colcon.colcon_core.package_identification:_identify(src/cartographer_ros/scripts) by extensions ['colcon_meta']
[0.203s] Level 1:colcon.colcon_core.package_identification:_identify(src/cartographer_ros/scripts) by extension 'colcon_meta'
[0.203s] Level 1:colcon.colcon_core.package_identification:_identify(src/cartographer_ros/scripts) by extensions ['ros']
[0.203s] Level 1:colcon.colcon_core.package_identification:_identify(src/cartographer_ros/scripts) by extension 'ros'
[0.203s] Level 1:colcon.colcon_core.package_identification:_identify(src/cartographer_ros/scripts) by extensions ['cmake', 'python']
[0.203s] Level 1:colcon.colcon_core.package_identification:_identify(src/cartographer_ros/scripts) by extension 'cmake'
[0.203s] Level 1:colcon.colcon_core.package_identification:_identify(src/cartographer_ros/scripts) by extension 'python'
[0.203s] Level 1:colcon.colcon_core.package_identification:_identify(src/cartographer_ros/scripts) by extensions ['python_setup_py']
[0.203s] Level 1:colcon.colcon_core.package_identification:_identify(src/cartographer_ros/scripts) by extension 'python_setup_py'
[0.203s] Level 1:colcon.colcon_core.package_discovery:discover_packages(recursive) using defaults
[0.204s] Level 1:colcon.colcon_core.package_discovery:discover_packages(ignore) discover
[0.204s] Level 1:colcon.colcon_core.package_discovery:discover_packages(ignore) using defaults
[0.204s] Level 1:colcon.colcon_core.package_discovery:discover_packages(path) discover
[0.204s] Level 1:colcon.colcon_core.package_discovery:discover_packages(path) using defaults
[0.216s] Level 1:colcon.colcon_core.package_discovery:discover_packages(prefix_path) check parameters
[0.216s] Level 1:colcon.colcon_core.package_discovery:discover_packages(prefix_path) discover
[0.217s] DEBUG:colcon.colcon_installed_package_information.package_discovery:Found 375 installed packages in /opt/ros/humble
[0.218s] Level 1:colcon.colcon_core.package_discovery:discover_packages(prefix_path) using defaults
[0.243s] Level 5:colcon.colcon_core.verb:set package 'cartographer' build argument 'cmake_args' from command line to 'None'
[0.243s] Level 5:colcon.colcon_core.verb:set package 'cartographer' build argument 'cmake_target' from command line to 'None'
[0.243s] Level 5:colcon.colcon_core.verb:set package 'cartographer' build argument 'cmake_target_skip_unavailable' from command line to 'False'
[0.243s] Level 5:colcon.colcon_core.verb:set package 'cartographer' build argument 'cmake_clean_cache' from command line to 'False'
[0.243s] Level 5:colcon.colcon_core.verb:set package 'cartographer' build argument 'cmake_clean_first' from command line to 'False'
[0.243s] Level 5:colcon.colcon_core.verb:set package 'cartographer' build argument 'cmake_force_configure' from command line to 'False'
[0.243s] Level 5:colcon.colcon_core.verb:set package 'cartographer' build argument 'ament_cmake_args' from command line to 'None'
[0.243s] Level 5:colcon.colcon_core.verb:set package 'cartographer' build argument 'catkin_cmake_args' from command line to 'None'
[0.243s] Level 5:colcon.colcon_core.verb:set package 'cartographer' build argument 'catkin_skip_building_tests' from command line to 'False'
[0.243s] DEBUG:colcon.colcon_core.verb:Building package 'cartographer' with the following arguments: {'ament_cmake_args': None, 'build_base': '/home/rick/cartographer_ws/build/cartographer', 'catkin_cmake_args': None, 'catkin_skip_building_tests': False, 'cmake_args': None, 'cmake_clean_cache': False, 'cmake_clean_first': False, 'cmake_force_configure': False, 'cmake_target': None, 'cmake_target_skip_unavailable': False, 'install_base': '/home/rick/cartographer_ws/install/cartographer', 'merge_install': False, 'path': '/home/rick/cartographer_ws/src/cartographer', 'symlink_install': False, 'test_result_base': None}
[0.243s] Level 5:colcon.colcon_core.verb:set package 'cartographer_ros_msgs' build argument 'cmake_args' from command line to 'None'
[0.243s] Level 5:colcon.colcon_core.verb:set package 'cartographer_ros_msgs' build argument 'cmake_target' from command line to 'None'
[0.243s] Level 5:colcon.colcon_core.verb:set package 'cartographer_ros_msgs' build argument 'cmake_target_skip_unavailable' from command line to 'False'
[0.243s] Level 5:colcon.colcon_core.verb:set package 'cartographer_ros_msgs' build argument 'cmake_clean_cache' from command line to 'False'
[0.243s] Level 5:colcon.colcon_core.verb:set package 'cartographer_ros_msgs' build argument 'cmake_clean_first' from command line to 'False'
[0.243s] Level 5:colcon.colcon_core.verb:set package 'cartographer_ros_msgs' build argument 'cmake_force_configure' from command line to 'False'
[0.243s] Level 5:colcon.colcon_core.verb:set package 'cartographer_ros_msgs' build argument 'ament_cmake_args' from command line to 'None'
[0.243s] Level 5:colcon.colcon_core.verb:set package 'cartographer_ros_msgs' build argument 'catkin_cmake_args' from command line to 'None'
[0.243s] Level 5:colcon.colcon_core.verb:set package 'cartographer_ros_msgs' build argument 'catkin_skip_building_tests' from command line to 'False'
[0.243s] DEBUG:colcon.colcon_core.verb:Building package 'cartographer_ros_msgs' with the following arguments: {'ament_cmake_args': None, 'build_base': '/home/rick/cartographer_ws/build/cartographer_ros_msgs', 'catkin_cmake_args': None, 'catkin_skip_building_tests': False, 'cmake_args': None, 'cmake_clean_cache': False, 'cmake_clean_first': False, 'cmake_force_configure': False, 'cmake_target': None, 'cmake_target_skip_unavailable': False, 'install_base': '/home/rick/cartographer_ws/install/cartographer_ros_msgs', 'merge_install': False, 'path': '/home/rick/cartographer_ws/src/cartographer_ros/cartographer_ros_msgs', 'symlink_install': False, 'test_result_base': None}
[0.244s] Level 5:colcon.colcon_core.verb:set package 'cartographer_ros' build argument 'cmake_args' from command line to 'None'
[0.244s] Level 5:colcon.colcon_core.verb:set package 'cartographer_ros' build argument 'cmake_target' from command line to 'None'
[0.244s] Level 5:colcon.colcon_core.verb:set package 'cartographer_ros' build argument 'cmake_target_skip_unavailable' from command line to 'False'
[0.244s] Level 5:colcon.colcon_core.verb:set package 'cartographer_ros' build argument 'cmake_clean_cache' from command line to 'False'
[0.244s] Level 5:colcon.colcon_core.verb:set package 'cartographer_ros' build argument 'cmake_clean_first' from command line to 'False'
[0.244s] Level 5:colcon.colcon_core.verb:set package 'cartographer_ros' build argument 'cmake_force_configure' from command line to 'False'
[0.244s] Level 5:colcon.colcon_core.verb:set package 'cartographer_ros' build argument 'ament_cmake_args' from command line to 'None'
[0.244s] Level 5:colcon.colcon_core.verb:set package 'cartographer_ros' build argument 'catkin_cmake_args' from command line to 'None'
[0.244s] Level 5:colcon.colcon_core.verb:set package 'cartographer_ros' build argument 'catkin_skip_building_tests' from command line to 'False'
[0.244s] DEBUG:colcon.colcon_core.verb:Building package 'cartographer_ros' with the following arguments: {'ament_cmake_args': None, 'build_base': '/home/rick/cartographer_ws/build/cartographer_ros', 'catkin_cmake_args': None, 'catkin_skip_building_tests': False, 'cmake_args': None, 'cmake_clean_cache': False, 'cmake_clean_first': False, 'cmake_force_configure': False, 'cmake_target': None, 'cmake_target_skip_unavailable': False, 'install_base': '/home/rick/cartographer_ws/install/cartographer_ros', 'merge_install': False, 'path': '/home/rick/cartographer_ws/src/cartographer_ros/cartographer_ros', 'symlink_install': False, 'test_result_base': None}
[0.244s] Level 5:colcon.colcon_core.verb:set package 'cartographer_rviz' build argument 'cmake_args' from command line to 'None'
[0.244s] Level 5:colcon.colcon_core.verb:set package 'cartographer_rviz' build argument 'cmake_target' from command line to 'None'
[0.244s] Level 5:colcon.colcon_core.verb:set package 'cartographer_rviz' build argument 'cmake_target_skip_unavailable' from command line to 'False'
[0.244s] Level 5:colcon.colcon_core.verb:set package 'cartographer_rviz' build argument 'cmake_clean_cache' from command line to 'False'
[0.244s] Level 5:colcon.colcon_core.verb:set package 'cartographer_rviz' build argument 'cmake_clean_first' from command line to 'False'
[0.244s] Level 5:colcon.colcon_core.verb:set package 'cartographer_rviz' build argument 'cmake_force_configure' from command line to 'False'
[0.244s] Level 5:colcon.colcon_core.verb:set package 'cartographer_rviz' build argument 'ament_cmake_args' from command line to 'None'
[0.244s] Level 5:colcon.colcon_core.verb:set package 'cartographer_rviz' build argument 'catkin_cmake_args' from command line to 'None'
[0.244s] Level 5:colcon.colcon_core.verb:set package 'cartographer_rviz' build argument 'catkin_skip_building_tests' from command line to 'False'
[0.244s] DEBUG:colcon.colcon_core.verb:Building package 'cartographer_rviz' with the following arguments: {'ament_cmake_args': None, 'build_base': '/home/rick/cartographer_ws/build/cartographer_rviz', 'catkin_cmake_args': None, 'catkin_skip_building_tests': False, 'cmake_args': None, 'cmake_clean_cache': False, 'cmake_clean_first': False, 'cmake_force_configure': False, 'cmake_target': None, 'cmake_target_skip_unavailable': False, 'install_base': '/home/rick/cartographer_ws/install/cartographer_rviz', 'merge_install': False, 'path': '/home/rick/cartographer_ws/src/cartographer_ros/cartographer_rviz', 'symlink_install': False, 'test_result_base': None}
[0.244s] INFO:colcon.colcon_core.executor:Executing jobs using 'parallel' executor
[0.245s] DEBUG:colcon.colcon_parallel_executor.executor.parallel:run_until_complete
[0.245s] INFO:colcon.colcon_ros.task.cmake.build:Building ROS package in '/home/rick/cartographer_ws/src/cartographer' with build type 'cmake'
[0.245s] INFO:colcon.colcon_cmake.task.cmake.build:Building CMake package in '/home/rick/cartographer_ws/src/cartographer'
[0.246s] INFO:colcon.colcon_core.plugin_system:Skipping extension 'colcon_core.shell.bat': Not used on non-Windows systems
[0.246s] INFO:colcon.colcon_core.shell:Skip shell extension 'powershell' for command environment: Not usable outside of PowerShell
[0.246s] DEBUG:colcon.colcon_core.shell:Skip shell extension 'dsv' for command environment
[0.248s] INFO:colcon.colcon_ros.task.ament_cmake.build:Building ROS package in '/home/rick/cartographer_ws/src/cartographer_ros/cartographer_ros_msgs' with build type 'ament_cmake'
[0.248s] INFO:colcon.colcon_cmake.task.cmake.build:Building CMake package in '/home/rick/cartographer_ws/src/cartographer_ros/cartographer_ros_msgs'
[0.248s] INFO:colcon.colcon_core.shell:Skip shell extension 'powershell' for command environment: Not usable outside of PowerShell
[0.248s] DEBUG:colcon.colcon_core.shell:Skip shell extension 'dsv' for command environment
[0.254s] DEBUG:colcon.colcon_core.event_handler.log_command:Invoking command in '/home/rick/cartographer_ws/build/cartographer': CMAKE_PREFIX_PATH=/opt/ros/humble /usr/bin/cmake --build /home/rick/cartographer_ws/build/cartographer -- -j16 -l16
[0.256s] DEBUG:colcon.colcon_core.event_handler.log_command:Invoking command in '/home/rick/cartographer_ws/build/cartographer_ros_msgs': CMAKE_PREFIX_PATH=/opt/ros/humble /usr/bin/cmake --build /home/rick/cartographer_ws/build/cartographer_ros_msgs -- -j16 -l16
[0.533s] DEBUG:colcon.colcon_core.event_handler.log_command:Invoked command in '/home/rick/cartographer_ws/build/cartographer_ros_msgs' returned '0': CMAKE_PREFIX_PATH=/opt/ros/humble /usr/bin/cmake --build /home/rick/cartographer_ws/build/cartographer_ros_msgs -- -j16 -l16
[0.542s] DEBUG:colcon.colcon_core.event_handler.log_command:Invoking command in '/home/rick/cartographer_ws/build/cartographer_ros_msgs': CMAKE_PREFIX_PATH=/opt/ros/humble /usr/bin/cmake --install /home/rick/cartographer_ws/build/cartographer_ros_msgs
[0.620s] Level 1:colcon.colcon_core.environment:create_environment_scripts_only(cartographer_ros_msgs)
[0.620s] DEBUG:colcon.colcon_core.event_handler.log_command:Invoked command in '/home/rick/cartographer_ws/build/cartographer_ros_msgs' returned '0': CMAKE_PREFIX_PATH=/opt/ros/humble /usr/bin/cmake --install /home/rick/cartographer_ws/build/cartographer_ros_msgs
[0.622s] Level 1:colcon.colcon_core.environment:checking '/home/rick/cartographer_ws/install/cartographer_ros_msgs' for CMake module files
[0.623s] Level 1:colcon.colcon_core.environment:checking '/home/rick/cartographer_ws/install/cartographer_ros_msgs' for CMake config files
[0.624s] Level 1:colcon.colcon_core.shell:create_environment_hook('cartographer_ros_msgs', 'cmake_prefix_path')
[0.624s] INFO:colcon.colcon_core.shell:Creating environment hook '/home/rick/cartographer_ws/install/cartographer_ros_msgs/share/cartographer_ros_msgs/hook/cmake_prefix_path.ps1'
[0.625s] INFO:colcon.colcon_core.shell:Creating environment descriptor '/home/rick/cartographer_ws/install/cartographer_ros_msgs/share/cartographer_ros_msgs/hook/cmake_prefix_path.dsv'
[0.626s] INFO:colcon.colcon_core.shell:Creating environment hook '/home/rick/cartographer_ws/install/cartographer_ros_msgs/share/cartographer_ros_msgs/hook/cmake_prefix_path.sh'
[0.627s] Level 1:colcon.colcon_core.environment:checking '/home/rick/cartographer_ws/install/cartographer_ros_msgs/lib'
[0.627s] Level 1:colcon.colcon_core.shell:create_environment_hook('cartographer_ros_msgs', 'ld_library_path_lib')
[0.627s] INFO:colcon.colcon_core.shell:Creating environment hook '/home/rick/cartographer_ws/install/cartographer_ros_msgs/share/cartographer_ros_msgs/hook/ld_library_path_lib.ps1'
[0.627s] INFO:colcon.colcon_core.shell:Creating environment descriptor '/home/rick/cartographer_ws/install/cartographer_ros_msgs/share/cartographer_ros_msgs/hook/ld_library_path_lib.dsv'
[0.628s] INFO:colcon.colcon_core.shell:Creating environment hook '/home/rick/cartographer_ws/install/cartographer_ros_msgs/share/cartographer_ros_msgs/hook/ld_library_path_lib.sh'
[0.628s] Level 1:colcon.colcon_core.environment:checking '/home/rick/cartographer_ws/install/cartographer_ros_msgs/bin'
[0.628s] Level 1:colcon.colcon_core.environment:checking '/home/rick/cartographer_ws/install/cartographer_ros_msgs/lib/pkgconfig/cartographer_ros_msgs.pc'
[0.628s] Level 1:colcon.colcon_core.environment:checking '/home/rick/cartographer_ws/install/cartographer_ros_msgs/lib/python3.10/site-packages'
[0.629s] Level 1:colcon.colcon_core.environment:checking '/home/rick/cartographer_ws/install/cartographer_ros_msgs/bin'
[0.630s] INFO:colcon.colcon_core.shell:Creating package script '/home/rick/cartographer_ws/install/cartographer_ros_msgs/share/cartographer_ros_msgs/package.ps1'
[0.631s] INFO:colcon.colcon_core.shell:Creating package descriptor '/home/rick/cartographer_ws/install/cartographer_ros_msgs/share/cartographer_ros_msgs/package.dsv'
[0.631s] INFO:colcon.colcon_core.shell:Creating package script '/home/rick/cartographer_ws/install/cartographer_ros_msgs/share/cartographer_ros_msgs/package.sh'
[0.632s] INFO:colcon.colcon_core.shell:Creating package script '/home/rick/cartographer_ws/install/cartographer_ros_msgs/share/cartographer_ros_msgs/package.bash'
[0.635s] INFO:colcon.colcon_core.shell:Creating package script '/home/rick/cartographer_ws/install/cartographer_ros_msgs/share/cartographer_ros_msgs/package.zsh'
[0.635s] Level 1:colcon.colcon_core.environment:create_file_with_runtime_dependencies(/home/rick/cartographer_ws/install/cartographer_ros_msgs/share/colcon-core/packages/cartographer_ros_msgs)
[0.636s] Level 1:colcon.colcon_core.environment:create_environment_scripts_only(cartographer_ros_msgs)
[0.636s] Level 1:colcon.colcon_core.environment:checking '/home/rick/cartographer_ws/install/cartographer_ros_msgs' for CMake module files
[0.637s] Level 1:colcon.colcon_core.environment:checking '/home/rick/cartographer_ws/install/cartographer_ros_msgs' for CMake config files
[0.638s] Level 1:colcon.colcon_core.shell:create_environment_hook('cartographer_ros_msgs', 'cmake_prefix_path')
[0.638s] INFO:colcon.colcon_core.shell:Creating environment hook '/home/rick/cartographer_ws/install/cartographer_ros_msgs/share/cartographer_ros_msgs/hook/cmake_prefix_path.ps1'
[0.639s] INFO:colcon.colcon_core.shell:Creating environment descriptor '/home/rick/cartographer_ws/install/cartographer_ros_msgs/share/cartographer_ros_msgs/hook/cmake_prefix_path.dsv'
[0.639s] INFO:colcon.colcon_core.shell:Creating environment hook '/home/rick/cartographer_ws/install/cartographer_ros_msgs/share/cartographer_ros_msgs/hook/cmake_prefix_path.sh'
[0.639s] Level 1:colcon.colcon_core.environment:checking '/home/rick/cartographer_ws/install/cartographer_ros_msgs/lib'
[0.640s] Level 1:colcon.colcon_core.shell:create_environment_hook('cartographer_ros_msgs', 'ld_library_path_lib')
[0.640s] INFO:colcon.colcon_core.shell:Creating environment hook '/home/rick/cartographer_ws/install/cartographer_ros_msgs/share/cartographer_ros_msgs/hook/ld_library_path_lib.ps1'
[0.640s] INFO:colcon.colcon_core.shell:Creating environment descriptor '/home/rick/cartographer_ws/install/cartographer_ros_msgs/share/cartographer_ros_msgs/hook/ld_library_path_lib.dsv'
[0.640s] INFO:colcon.colcon_core.shell:Creating environment hook '/home/rick/cartographer_ws/install/cartographer_ros_msgs/share/cartographer_ros_msgs/hook/ld_library_path_lib.sh'
[0.641s] Level 1:colcon.colcon_core.environment:checking '/home/rick/cartographer_ws/install/cartographer_ros_msgs/bin'
[0.641s] Level 1:colcon.colcon_core.environment:checking '/home/rick/cartographer_ws/install/cartographer_ros_msgs/lib/pkgconfig/cartographer_ros_msgs.pc'
[0.641s] Level 1:colcon.colcon_core.environment:checking '/home/rick/cartographer_ws/install/cartographer_ros_msgs/lib/python3.10/site-packages'
[0.641s] Level 1:colcon.colcon_core.environment:checking '/home/rick/cartographer_ws/install/cartographer_ros_msgs/bin'
[0.642s] INFO:colcon.colcon_core.shell:Creating package script '/home/rick/cartographer_ws/install/cartographer_ros_msgs/share/cartographer_ros_msgs/package.ps1'
[0.645s] INFO:colcon.colcon_core.shell:Creating package descriptor '/home/rick/cartographer_ws/install/cartographer_ros_msgs/share/cartographer_ros_msgs/package.dsv'
[0.647s] INFO:colcon.colcon_core.shell:Creating package script '/home/rick/cartographer_ws/install/cartographer_ros_msgs/share/cartographer_ros_msgs/package.sh'
[0.651s] INFO:colcon.colcon_core.shell:Creating package script '/home/rick/cartographer_ws/install/cartographer_ros_msgs/share/cartographer_ros_msgs/package.bash'
[0.652s] INFO:colcon.colcon_core.shell:Creating package script '/home/rick/cartographer_ws/install/cartographer_ros_msgs/share/cartographer_ros_msgs/package.zsh'
[0.652s] Level 1:colcon.colcon_core.environment:create_file_with_runtime_dependencies(/home/rick/cartographer_ws/install/cartographer_ros_msgs/share/colcon-core/packages/cartographer_ros_msgs)
[0.748s] DEBUG:colcon.colcon_core.event_handler.log_command:Invoked command in '/home/rick/cartographer_ws/build/cartographer' returned '0': CMAKE_PREFIX_PATH=/opt/ros/humble /usr/bin/cmake --build /home/rick/cartographer_ws/build/cartographer -- -j16 -l16
[0.749s] DEBUG:colcon.colcon_core.event_handler.log_command:Invoking command in '/home/rick/cartographer_ws/build/cartographer': CMAKE_PREFIX_PATH=/opt/ros/humble /usr/bin/cmake --install /home/rick/cartographer_ws/build/cartographer
[0.762s] DEBUG:colcon.colcon_core.event_handler.log_command:Invoked command in '/home/rick/cartographer_ws/build/cartographer' returned '0': CMAKE_PREFIX_PATH=/opt/ros/humble /usr/bin/cmake --install /home/rick/cartographer_ws/build/cartographer
[0.762s] Level 1:colcon.colcon_core.shell:create_environment_hook('cartographer', 'pkg_config_path')
[0.763s] INFO:colcon.colcon_core.shell:Creating environment hook '/home/rick/cartographer_ws/install/cartographer/share/cartographer/hook/pkg_config_path.ps1'
[0.763s] INFO:colcon.colcon_core.shell:Creating environment descriptor '/home/rick/cartographer_ws/install/cartographer/share/cartographer/hook/pkg_config_path.dsv'
[0.763s] INFO:colcon.colcon_core.shell:Creating environment hook '/home/rick/cartographer_ws/install/cartographer/share/cartographer/hook/pkg_config_path.sh'
[0.765s] Level 1:colcon.colcon_core.shell:create_environment_hook('cartographer', 'pkg_config_path_multiarch')
[0.765s] INFO:colcon.colcon_core.shell:Creating environment hook '/home/rick/cartographer_ws/install/cartographer/share/cartographer/hook/pkg_config_path_multiarch.ps1'
[0.765s] INFO:colcon.colcon_core.shell:Creating environment descriptor '/home/rick/cartographer_ws/install/cartographer/share/cartographer/hook/pkg_config_path_multiarch.dsv'
[0.765s] INFO:colcon.colcon_core.shell:Creating environment hook '/home/rick/cartographer_ws/install/cartographer/share/cartographer/hook/pkg_config_path_multiarch.sh'
[0.766s] Level 1:colcon.colcon_core.environment:create_environment_scripts_only(cartographer)
[0.766s] Level 1:colcon.colcon_core.environment:checking '/home/rick/cartographer_ws/install/cartographer' for CMake module files
[0.766s] Level 1:colcon.colcon_core.environment:checking '/home/rick/cartographer_ws/install/cartographer' for CMake config files
[0.766s] Level 1:colcon.colcon_core.shell:create_environment_hook('cartographer', 'cmake_prefix_path')
[0.766s] INFO:colcon.colcon_core.shell:Creating environment hook '/home/rick/cartographer_ws/install/cartographer/share/cartographer/hook/cmake_prefix_path.ps1'
[0.767s] INFO:colcon.colcon_core.shell:Creating environment descriptor '/home/rick/cartographer_ws/install/cartographer/share/cartographer/hook/cmake_prefix_path.dsv'
[0.767s] INFO:colcon.colcon_core.shell:Creating environment hook '/home/rick/cartographer_ws/install/cartographer/share/cartographer/hook/cmake_prefix_path.sh'
[0.767s] Level 1:colcon.colcon_core.environment:checking '/home/rick/cartographer_ws/install/cartographer/lib'
[0.767s] Level 1:colcon.colcon_core.environment:checking '/home/rick/cartographer_ws/install/cartographer/bin'
[0.767s] Level 1:colcon.colcon_core.shell:create_environment_hook('cartographer', 'path')
[0.767s] INFO:colcon.colcon_core.shell:Creating environment hook '/home/rick/cartographer_ws/install/cartographer/share/cartographer/hook/path.ps1'
[0.767s] INFO:colcon.colcon_core.shell:Creating environment descriptor '/home/rick/cartographer_ws/install/cartographer/share/cartographer/hook/path.dsv'
[0.768s] INFO:colcon.colcon_core.shell:Creating environment hook '/home/rick/cartographer_ws/install/cartographer/share/cartographer/hook/path.sh'
[0.768s] Level 1:colcon.colcon_core.environment:checking '/home/rick/cartographer_ws/install/cartographer/lib/pkgconfig/cartographer.pc'
[0.768s] Level 1:colcon.colcon_core.environment:checking '/home/rick/cartographer_ws/install/cartographer/lib/python3.10/site-packages'
[0.768s] Level 1:colcon.colcon_core.environment:checking '/home/rick/cartographer_ws/install/cartographer/bin'
[0.768s] Level 1:colcon.colcon_core.shell:create_environment_hook('cartographer', 'pythonscriptspath')
[0.768s] INFO:colcon.colcon_core.shell:Creating environment hook '/home/rick/cartographer_ws/install/cartographer/share/cartographer/hook/pythonscriptspath.ps1'
[0.769s] INFO:colcon.colcon_core.shell:Creating environment descriptor '/home/rick/cartographer_ws/install/cartographer/share/cartographer/hook/pythonscriptspath.dsv'
[0.769s] INFO:colcon.colcon_core.shell:Creating environment hook '/home/rick/cartographer_ws/install/cartographer/share/cartographer/hook/pythonscriptspath.sh'
[0.769s] INFO:colcon.colcon_core.shell:Creating package script '/home/rick/cartographer_ws/install/cartographer/share/cartographer/package.ps1'
[0.770s] INFO:colcon.colcon_core.shell:Creating package descriptor '/home/rick/cartographer_ws/install/cartographer/share/cartographer/package.dsv'
[0.770s] INFO:colcon.colcon_core.shell:Creating package script '/home/rick/cartographer_ws/install/cartographer/share/cartographer/package.sh'
[0.770s] INFO:colcon.colcon_core.shell:Creating package script '/home/rick/cartographer_ws/install/cartographer/share/cartographer/package.bash'
[0.770s] INFO:colcon.colcon_core.shell:Creating package script '/home/rick/cartographer_ws/install/cartographer/share/cartographer/package.zsh'
[0.771s] Level 1:colcon.colcon_core.environment:create_file_with_runtime_dependencies(/home/rick/cartographer_ws/install/cartographer/share/colcon-core/packages/cartographer)
[0.771s] INFO:colcon.colcon_ros.task.ament_cmake.build:Building ROS package in '/home/rick/cartographer_ws/src/cartographer_ros/cartographer_ros' with build type 'ament_cmake'
[0.771s] INFO:colcon.colcon_cmake.task.cmake.build:Building CMake package in '/home/rick/cartographer_ws/src/cartographer_ros/cartographer_ros'
[0.771s] INFO:colcon.colcon_core.shell:Skip shell extension 'powershell' for command environment: Not usable outside of PowerShell
[0.771s] DEBUG:colcon.colcon_core.shell:Skip shell extension 'dsv' for command environment
[0.780s] DEBUG:colcon.colcon_core.event_handler.log_command:Invoking command in '/home/rick/cartographer_ws/build/cartographer_ros': AMENT_PREFIX_PATH=/home/rick/cartographer_ws/install/cartographer_ros_msgs:${AMENT_PREFIX_PATH} CMAKE_PREFIX_PATH=/home/rick/cartographer_ws/install/cartographer_ros_msgs:/home/rick/cartographer_ws/install/cartographer:/opt/ros/humble LD_LIBRARY_PATH=/home/rick/cartographer_ws/install/cartographer_ros_msgs/lib:/usr/lib/x86_64-linux-gnu/gazebo-11/plugins:/opt/ros/humble/opt/rviz_ogre_vendor/lib:/opt/ros/humble/lib/x86_64-linux-gnu:/opt/ros/humble/lib:/usr/local/lib:/usr/local/lib PATH=/home/rick/cartographer_ws/install/cartographer/bin:${PATH} PKG_CONFIG_PATH=/home/rick/cartographer_ws/install/cartographer/lib/x86_64-linux-gnu/pkgconfig:/home/rick/cartographer_ws/install/cartographer/lib/pkgconfig:/usr/local/lib/pkgconfig:/usr/lib/x86_64-linux-gnu/pkgconfig:/usr/lib/x86_64-linux-gnu/pkgconfig:/usr/local/lib/pkgconfig:/usr/local/lib/pkgconfig:/usr/lib/x86_64-linux-gnu/pkgconfig:/usr/lib/x86_64-linux-gnu/pkgconfig:/usr/local/lib/pkgconfig:/usr/local/lib/pkgconfig:/usr/lib/x86_64-linux-gnu/pkgconfig:/usr/local/lib/pkgconfig:/usr/lib/x86_64-linux-gnu/pkgconfig PYTHONPATH=/home/rick/cartographer_ws/install/cartographer_ros_msgs/local/lib/python3.10/dist-packages:${PYTHONPATH} /usr/bin/cmake --build /home/rick/cartographer_ws/build/cartographer_ros -- -j16 -l16
[33.296s] DEBUG:colcon.colcon_core.event_handler.log_command:Invoked command in '/home/rick/cartographer_ws/build/cartographer_ros' returned '0': AMENT_PREFIX_PATH=/home/rick/cartographer_ws/install/cartographer_ros_msgs:${AMENT_PREFIX_PATH} CMAKE_PREFIX_PATH=/home/rick/cartographer_ws/install/cartographer_ros_msgs:/home/rick/cartographer_ws/install/cartographer:/opt/ros/humble LD_LIBRARY_PATH=/home/rick/cartographer_ws/install/cartographer_ros_msgs/lib:/usr/lib/x86_64-linux-gnu/gazebo-11/plugins:/opt/ros/humble/opt/rviz_ogre_vendor/lib:/opt/ros/humble/lib/x86_64-linux-gnu:/opt/ros/humble/lib:/usr/local/lib:/usr/local/lib PATH=/home/rick/cartographer_ws/install/cartographer/bin:${PATH} PKG_CONFIG_PATH=/home/rick/cartographer_ws/install/cartographer/lib/x86_64-linux-gnu/pkgconfig:/home/rick/cartographer_ws/install/cartographer/lib/pkgconfig:/usr/local/lib/pkgconfig:/usr/lib/x86_64-linux-gnu/pkgconfig:/usr/lib/x86_64-linux-gnu/pkgconfig:/usr/local/lib/pkgconfig:/usr/local/lib/pkgconfig:/usr/lib/x86_64-linux-gnu/pkgconfig:/usr/lib/x86_64-linux-gnu/pkgconfig:/usr/local/lib/pkgconfig:/usr/local/lib/pkgconfig:/usr/lib/x86_64-linux-gnu/pkgconfig:/usr/local/lib/pkgconfig:/usr/lib/x86_64-linux-gnu/pkgconfig PYTHONPATH=/home/rick/cartographer_ws/install/cartographer_ros_msgs/local/lib/python3.10/dist-packages:${PYTHONPATH} /usr/bin/cmake --build /home/rick/cartographer_ws/build/cartographer_ros -- -j16 -l16
[33.297s] DEBUG:colcon.colcon_core.event_handler.log_command:Invoking command in '/home/rick/cartographer_ws/build/cartographer_ros': AMENT_PREFIX_PATH=/home/rick/cartographer_ws/install/cartographer_ros_msgs:${AMENT_PREFIX_PATH} CMAKE_PREFIX_PATH=/home/rick/cartographer_ws/install/cartographer_ros_msgs:/home/rick/cartographer_ws/install/cartographer:/opt/ros/humble LD_LIBRARY_PATH=/home/rick/cartographer_ws/install/cartographer_ros_msgs/lib:/usr/lib/x86_64-linux-gnu/gazebo-11/plugins:/opt/ros/humble/opt/rviz_ogre_vendor/lib:/opt/ros/humble/lib/x86_64-linux-gnu:/opt/ros/humble/lib:/usr/local/lib:/usr/local/lib PATH=/home/rick/cartographer_ws/install/cartographer/bin:${PATH} PKG_CONFIG_PATH=/home/rick/cartographer_ws/install/cartographer/lib/x86_64-linux-gnu/pkgconfig:/home/rick/cartographer_ws/install/cartographer/lib/pkgconfig:/usr/local/lib/pkgconfig:/usr/lib/x86_64-linux-gnu/pkgconfig:/usr/lib/x86_64-linux-gnu/pkgconfig:/usr/local/lib/pkgconfig:/usr/local/lib/pkgconfig:/usr/lib/x86_64-linux-gnu/pkgconfig:/usr/lib/x86_64-linux-gnu/pkgconfig:/usr/local/lib/pkgconfig:/usr/local/lib/pkgconfig:/usr/lib/x86_64-linux-gnu/pkgconfig:/usr/local/lib/pkgconfig:/usr/lib/x86_64-linux-gnu/pkgconfig PYTHONPATH=/home/rick/cartographer_ws/install/cartographer_ros_msgs/local/lib/python3.10/dist-packages:${PYTHONPATH} /usr/bin/cmake --install /home/rick/cartographer_ws/build/cartographer_ros
[33.385s] Level 1:colcon.colcon_core.environment:create_environment_scripts_only(cartographer_ros)
[33.385s] Level 1:colcon.colcon_core.environment:checking '/home/rick/cartographer_ws/install/cartographer_ros' for CMake module files
[33.386s] DEBUG:colcon.colcon_core.event_handler.log_command:Invoked command in '/home/rick/cartographer_ws/build/cartographer_ros' returned '0': AMENT_PREFIX_PATH=/home/rick/cartographer_ws/install/cartographer_ros_msgs:${AMENT_PREFIX_PATH} CMAKE_PREFIX_PATH=/home/rick/cartographer_ws/install/cartographer_ros_msgs:/home/rick/cartographer_ws/install/cartographer:/opt/ros/humble LD_LIBRARY_PATH=/home/rick/cartographer_ws/install/cartographer_ros_msgs/lib:/usr/lib/x86_64-linux-gnu/gazebo-11/plugins:/opt/ros/humble/opt/rviz_ogre_vendor/lib:/opt/ros/humble/lib/x86_64-linux-gnu:/opt/ros/humble/lib:/usr/local/lib:/usr/local/lib PATH=/home/rick/cartographer_ws/install/cartographer/bin:${PATH} PKG_CONFIG_PATH=/home/rick/cartographer_ws/install/cartographer/lib/x86_64-linux-gnu/pkgconfig:/home/rick/cartographer_ws/install/cartographer/lib/pkgconfig:/usr/local/lib/pkgconfig:/usr/lib/x86_64-linux-gnu/pkgconfig:/usr/lib/x86_64-linux-gnu/pkgconfig:/usr/local/lib/pkgconfig:/usr/local/lib/pkgconfig:/usr/lib/x86_64-linux-gnu/pkgconfig:/usr/lib/x86_64-linux-gnu/pkgconfig:/usr/local/lib/pkgconfig:/usr/local/lib/pkgconfig:/usr/lib/x86_64-linux-gnu/pkgconfig:/usr/local/lib/pkgconfig:/usr/lib/x86_64-linux-gnu/pkgconfig PYTHONPATH=/home/rick/cartographer_ws/install/cartographer_ros_msgs/local/lib/python3.10/dist-packages:${PYTHONPATH} /usr/bin/cmake --install /home/rick/cartographer_ws/build/cartographer_ros
[33.386s] Level 1:colcon.colcon_core.environment:checking '/home/rick/cartographer_ws/install/cartographer_ros' for CMake config files
[33.386s] Level 1:colcon.colcon_core.shell:create_environment_hook('cartographer_ros', 'cmake_prefix_path')
[33.387s] INFO:colcon.colcon_core.shell:Creating environment hook '/home/rick/cartographer_ws/install/cartographer_ros/share/cartographer_ros/hook/cmake_prefix_path.ps1'
[33.387s] INFO:colcon.colcon_core.shell:Creating environment descriptor '/home/rick/cartographer_ws/install/cartographer_ros/share/cartographer_ros/hook/cmake_prefix_path.dsv'
[33.387s] INFO:colcon.colcon_core.shell:Creating environment hook '/home/rick/cartographer_ws/install/cartographer_ros/share/cartographer_ros/hook/cmake_prefix_path.sh'
[33.388s] Level 1:colcon.colcon_core.environment:checking '/home/rick/cartographer_ws/install/cartographer_ros/lib'
[33.388s] Level 1:colcon.colcon_core.environment:checking '/home/rick/cartographer_ws/install/cartographer_ros/bin'
[33.388s] Level 1:colcon.colcon_core.environment:checking '/home/rick/cartographer_ws/install/cartographer_ros/lib/pkgconfig/cartographer_ros.pc'
[33.388s] Level 1:colcon.colcon_core.environment:checking '/home/rick/cartographer_ws/install/cartographer_ros/lib/python3.10/site-packages'
[33.389s] Level 1:colcon.colcon_core.environment:checking '/home/rick/cartographer_ws/install/cartographer_ros/bin'
[33.389s] INFO:colcon.colcon_core.shell:Creating package script '/home/rick/cartographer_ws/install/cartographer_ros/share/cartographer_ros/package.ps1'
[33.389s] INFO:colcon.colcon_core.shell:Creating package descriptor '/home/rick/cartographer_ws/install/cartographer_ros/share/cartographer_ros/package.dsv'
[33.390s] INFO:colcon.colcon_core.shell:Creating package script '/home/rick/cartographer_ws/install/cartographer_ros/share/cartographer_ros/package.sh'
[33.390s] INFO:colcon.colcon_core.shell:Creating package script '/home/rick/cartographer_ws/install/cartographer_ros/share/cartographer_ros/package.bash'
[33.390s] INFO:colcon.colcon_core.shell:Creating package script '/home/rick/cartographer_ws/install/cartographer_ros/share/cartographer_ros/package.zsh'
[33.391s] Level 1:colcon.colcon_core.environment:create_file_with_runtime_dependencies(/home/rick/cartographer_ws/install/cartographer_ros/share/colcon-core/packages/cartographer_ros)
[33.391s] Level 1:colcon.colcon_core.environment:create_environment_scripts_only(cartographer_ros)
[33.391s] Level 1:colcon.colcon_core.environment:checking '/home/rick/cartographer_ws/install/cartographer_ros' for CMake module files
[33.392s] Level 1:colcon.colcon_core.environment:checking '/home/rick/cartographer_ws/install/cartographer_ros' for CMake config files
[33.392s] Level 1:colcon.colcon_core.shell:create_environment_hook('cartographer_ros', 'cmake_prefix_path')
[33.392s] INFO:colcon.colcon_core.shell:Creating environment hook '/home/rick/cartographer_ws/install/cartographer_ros/share/cartographer_ros/hook/cmake_prefix_path.ps1'
[33.393s] INFO:colcon.colcon_core.shell:Creating environment descriptor '/home/rick/cartographer_ws/install/cartographer_ros/share/cartographer_ros/hook/cmake_prefix_path.dsv'
[33.393s] INFO:colcon.colcon_core.shell:Creating environment hook '/home/rick/cartographer_ws/install/cartographer_ros/share/cartographer_ros/hook/cmake_prefix_path.sh'
[33.393s] Level 1:colcon.colcon_core.environment:checking '/home/rick/cartographer_ws/install/cartographer_ros/lib'
[33.393s] Level 1:colcon.colcon_core.environment:checking '/home/rick/cartographer_ws/install/cartographer_ros/bin'
[33.394s] Level 1:colcon.colcon_core.environment:checking '/home/rick/cartographer_ws/install/cartographer_ros/lib/pkgconfig/cartographer_ros.pc'
[33.394s] Level 1:colcon.colcon_core.environment:checking '/home/rick/cartographer_ws/install/cartographer_ros/lib/python3.10/site-packages'
[33.394s] Level 1:colcon.colcon_core.environment:checking '/home/rick/cartographer_ws/install/cartographer_ros/bin'
[33.394s] INFO:colcon.colcon_core.shell:Creating package script '/home/rick/cartographer_ws/install/cartographer_ros/share/cartographer_ros/package.ps1'
[33.395s] INFO:colcon.colcon_core.shell:Creating package descriptor '/home/rick/cartographer_ws/install/cartographer_ros/share/cartographer_ros/package.dsv'
[33.395s] INFO:colcon.colcon_core.shell:Creating package script '/home/rick/cartographer_ws/install/cartographer_ros/share/cartographer_ros/package.sh'
[33.395s] INFO:colcon.colcon_core.shell:Creating package script '/home/rick/cartographer_ws/install/cartographer_ros/share/cartographer_ros/package.bash'
[33.396s] INFO:colcon.colcon_core.shell:Creating package script '/home/rick/cartographer_ws/install/cartographer_ros/share/cartographer_ros/package.zsh'
[33.396s] Level 1:colcon.colcon_core.environment:create_file_with_runtime_dependencies(/home/rick/cartographer_ws/install/cartographer_ros/share/colcon-core/packages/cartographer_ros)
[33.397s] INFO:colcon.colcon_ros.task.ament_cmake.build:Building ROS package in '/home/rick/cartographer_ws/src/cartographer_ros/cartographer_rviz' with build type 'ament_cmake'
[33.397s] INFO:colcon.colcon_cmake.task.cmake.build:Building CMake package in '/home/rick/cartographer_ws/src/cartographer_ros/cartographer_rviz'
[33.397s] INFO:colcon.colcon_core.shell:Skip shell extension 'powershell' for command environment: Not usable outside of PowerShell
[33.397s] DEBUG:colcon.colcon_core.shell:Skip shell extension 'dsv' for command environment
[33.406s] DEBUG:colcon.colcon_core.event_handler.log_command:Invoking command in '/home/rick/cartographer_ws/build/cartographer_rviz': AMENT_PREFIX_PATH=/home/rick/cartographer_ws/install/cartographer_ros:/home/rick/cartographer_ws/install/cartographer_ros_msgs:${AMENT_PREFIX_PATH} CMAKE_PREFIX_PATH=/home/rick/cartographer_ws/install/cartographer_ros:/home/rick/cartographer_ws/install/cartographer_ros_msgs:/home/rick/cartographer_ws/install/cartographer:/opt/ros/humble LD_LIBRARY_PATH=/home/rick/cartographer_ws/install/cartographer_ros/lib:/home/rick/cartographer_ws/install/cartographer_ros_msgs/lib:/usr/lib/x86_64-linux-gnu/gazebo-11/plugins:/opt/ros/humble/opt/rviz_ogre_vendor/lib:/opt/ros/humble/lib/x86_64-linux-gnu:/opt/ros/humble/lib:/usr/local/lib:/usr/local/lib PATH=/home/rick/cartographer_ws/install/cartographer/bin:${PATH} PKG_CONFIG_PATH=/home/rick/cartographer_ws/install/cartographer/lib/x86_64-linux-gnu/pkgconfig:/home/rick/cartographer_ws/install/cartographer/lib/pkgconfig:/usr/local/lib/pkgconfig:/usr/lib/x86_64-linux-gnu/pkgconfig:/usr/lib/x86_64-linux-gnu/pkgconfig:/usr/local/lib/pkgconfig:/usr/local/lib/pkgconfig:/usr/lib/x86_64-linux-gnu/pkgconfig:/usr/lib/x86_64-linux-gnu/pkgconfig:/usr/local/lib/pkgconfig:/usr/local/lib/pkgconfig:/usr/lib/x86_64-linux-gnu/pkgconfig:/usr/local/lib/pkgconfig:/usr/lib/x86_64-linux-gnu/pkgconfig PYTHONPATH=/home/rick/cartographer_ws/install/cartographer_ros_msgs/local/lib/python3.10/dist-packages:${PYTHONPATH} /usr/bin/cmake /home/rick/cartographer_ws/src/cartographer_ros/cartographer_rviz -DCMAKE_INSTALL_PREFIX=/home/rick/cartographer_ws/install/cartographer_rviz
[35.877s] DEBUG:colcon.colcon_core.event_handler.log_command:Invoked command in '/home/rick/cartographer_ws/build/cartographer_rviz' returned '0': AMENT_PREFIX_PATH=/home/rick/cartographer_ws/install/cartographer_ros:/home/rick/cartographer_ws/install/cartographer_ros_msgs:${AMENT_PREFIX_PATH} CMAKE_PREFIX_PATH=/home/rick/cartographer_ws/install/cartographer_ros:/home/rick/cartographer_ws/install/cartographer_ros_msgs:/home/rick/cartographer_ws/install/cartographer:/opt/ros/humble LD_LIBRARY_PATH=/home/rick/cartographer_ws/install/cartographer_ros/lib:/home/rick/cartographer_ws/install/cartographer_ros_msgs/lib:/usr/lib/x86_64-linux-gnu/gazebo-11/plugins:/opt/ros/humble/opt/rviz_ogre_vendor/lib:/opt/ros/humble/lib/x86_64-linux-gnu:/opt/ros/humble/lib:/usr/local/lib:/usr/local/lib PATH=/home/rick/cartographer_ws/install/cartographer/bin:${PATH} PKG_CONFIG_PATH=/home/rick/cartographer_ws/install/cartographer/lib/x86_64-linux-gnu/pkgconfig:/home/rick/cartographer_ws/install/cartographer/lib/pkgconfig:/usr/local/lib/pkgconfig:/usr/lib/x86_64-linux-gnu/pkgconfig:/usr/lib/x86_64-linux-gnu/pkgconfig:/usr/local/lib/pkgconfig:/usr/local/lib/pkgconfig:/usr/lib/x86_64-linux-gnu/pkgconfig:/usr/lib/x86_64-linux-gnu/pkgconfig:/usr/local/lib/pkgconfig:/usr/local/lib/pkgconfig:/usr/lib/x86_64-linux-gnu/pkgconfig:/usr/local/lib/pkgconfig:/usr/lib/x86_64-linux-gnu/pkgconfig PYTHONPATH=/home/rick/cartographer_ws/install/cartographer_ros_msgs/local/lib/python3.10/dist-packages:${PYTHONPATH} /usr/bin/cmake /home/rick/cartographer_ws/src/cartographer_ros/cartographer_rviz -DCMAKE_INSTALL_PREFIX=/home/rick/cartographer_ws/install/cartographer_rviz
[35.878s] DEBUG:colcon.colcon_core.event_handler.log_command:Invoking command in '/home/rick/cartographer_ws/build/cartographer_rviz': AMENT_PREFIX_PATH=/home/rick/cartographer_ws/install/cartographer_ros:/home/rick/cartographer_ws/install/cartographer_ros_msgs:${AMENT_PREFIX_PATH} CMAKE_PREFIX_PATH=/home/rick/cartographer_ws/install/cartographer_ros:/home/rick/cartographer_ws/install/cartographer_ros_msgs:/home/rick/cartographer_ws/install/cartographer:/opt/ros/humble LD_LIBRARY_PATH=/home/rick/cartographer_ws/install/cartographer_ros/lib:/home/rick/cartographer_ws/install/cartographer_ros_msgs/lib:/usr/lib/x86_64-linux-gnu/gazebo-11/plugins:/opt/ros/humble/opt/rviz_ogre_vendor/lib:/opt/ros/humble/lib/x86_64-linux-gnu:/opt/ros/humble/lib:/usr/local/lib:/usr/local/lib PATH=/home/rick/cartographer_ws/install/cartographer/bin:${PATH} PKG_CONFIG_PATH=/home/rick/cartographer_ws/install/cartographer/lib/x86_64-linux-gnu/pkgconfig:/home/rick/cartographer_ws/install/cartographer/lib/pkgconfig:/usr/local/lib/pkgconfig:/usr/lib/x86_64-linux-gnu/pkgconfig:/usr/lib/x86_64-linux-gnu/pkgconfig:/usr/local/lib/pkgconfig:/usr/local/lib/pkgconfig:/usr/lib/x86_64-linux-gnu/pkgconfig:/usr/lib/x86_64-linux-gnu/pkgconfig:/usr/local/lib/pkgconfig:/usr/local/lib/pkgconfig:/usr/lib/x86_64-linux-gnu/pkgconfig:/usr/local/lib/pkgconfig:/usr/lib/x86_64-linux-gnu/pkgconfig PYTHONPATH=/home/rick/cartographer_ws/install/cartographer_ros_msgs/local/lib/python3.10/dist-packages:${PYTHONPATH} /usr/bin/cmake --build /home/rick/cartographer_ws/build/cartographer_rviz -- -j16 -l16
[50.407s] DEBUG:colcon.colcon_core.event_handler.log_command:Invoked command in '/home/rick/cartographer_ws/build/cartographer_rviz' returned '0': AMENT_PREFIX_PATH=/home/rick/cartographer_ws/install/cartographer_ros:/home/rick/cartographer_ws/install/cartographer_ros_msgs:${AMENT_PREFIX_PATH} CMAKE_PREFIX_PATH=/home/rick/cartographer_ws/install/cartographer_ros:/home/rick/cartographer_ws/install/cartographer_ros_msgs:/home/rick/cartographer_ws/install/cartographer:/opt/ros/humble LD_LIBRARY_PATH=/home/rick/cartographer_ws/install/cartographer_ros/lib:/home/rick/cartographer_ws/install/cartographer_ros_msgs/lib:/usr/lib/x86_64-linux-gnu/gazebo-11/plugins:/opt/ros/humble/opt/rviz_ogre_vendor/lib:/opt/ros/humble/lib/x86_64-linux-gnu:/opt/ros/humble/lib:/usr/local/lib:/usr/local/lib PATH=/home/rick/cartographer_ws/install/cartographer/bin:${PATH} PKG_CONFIG_PATH=/home/rick/cartographer_ws/install/cartographer/lib/x86_64-linux-gnu/pkgconfig:/home/rick/cartographer_ws/install/cartographer/lib/pkgconfig:/usr/local/lib/pkgconfig:/usr/lib/x86_64-linux-gnu/pkgconfig:/usr/lib/x86_64-linux-gnu/pkgconfig:/usr/local/lib/pkgconfig:/usr/local/lib/pkgconfig:/usr/lib/x86_64-linux-gnu/pkgconfig:/usr/lib/x86_64-linux-gnu/pkgconfig:/usr/local/lib/pkgconfig:/usr/local/lib/pkgconfig:/usr/lib/x86_64-linux-gnu/pkgconfig:/usr/local/lib/pkgconfig:/usr/lib/x86_64-linux-gnu/pkgconfig PYTHONPATH=/home/rick/cartographer_ws/install/cartographer_ros_msgs/local/lib/python3.10/dist-packages:${PYTHONPATH} /usr/bin/cmake --build /home/rick/cartographer_ws/build/cartographer_rviz -- -j16 -l16
[50.408s] DEBUG:colcon.colcon_core.event_handler.log_command:Invoking command in '/home/rick/cartographer_ws/build/cartographer_rviz': AMENT_PREFIX_PATH=/home/rick/cartographer_ws/install/cartographer_ros:/home/rick/cartographer_ws/install/cartographer_ros_msgs:${AMENT_PREFIX_PATH} CMAKE_PREFIX_PATH=/home/rick/cartographer_ws/install/cartographer_ros:/home/rick/cartographer_ws/install/cartographer_ros_msgs:/home/rick/cartographer_ws/install/cartographer:/opt/ros/humble LD_LIBRARY_PATH=/home/rick/cartographer_ws/install/cartographer_ros/lib:/home/rick/cartographer_ws/install/cartographer_ros_msgs/lib:/usr/lib/x86_64-linux-gnu/gazebo-11/plugins:/opt/ros/humble/opt/rviz_ogre_vendor/lib:/opt/ros/humble/lib/x86_64-linux-gnu:/opt/ros/humble/lib:/usr/local/lib:/usr/local/lib PATH=/home/rick/cartographer_ws/install/cartographer/bin:${PATH} PKG_CONFIG_PATH=/home/rick/cartographer_ws/install/cartographer/lib/x86_64-linux-gnu/pkgconfig:/home/rick/cartographer_ws/install/cartographer/lib/pkgconfig:/usr/local/lib/pkgconfig:/usr/lib/x86_64-linux-gnu/pkgconfig:/usr/lib/x86_64-linux-gnu/pkgconfig:/usr/local/lib/pkgconfig:/usr/local/lib/pkgconfig:/usr/lib/x86_64-linux-gnu/pkgconfig:/usr/lib/x86_64-linux-gnu/pkgconfig:/usr/local/lib/pkgconfig:/usr/local/lib/pkgconfig:/usr/lib/x86_64-linux-gnu/pkgconfig:/usr/local/lib/pkgconfig:/usr/lib/x86_64-linux-gnu/pkgconfig PYTHONPATH=/home/rick/cartographer_ws/install/cartographer_ros_msgs/local/lib/python3.10/dist-packages:${PYTHONPATH} /usr/bin/cmake --install /home/rick/cartographer_ws/build/cartographer_rviz
[50.420s] Level 1:colcon.colcon_core.environment:create_environment_scripts_only(cartographer_rviz)
[50.420s] Level 1:colcon.colcon_core.environment:checking '/home/rick/cartographer_ws/install/cartographer_rviz' for CMake module files
[50.420s] DEBUG:colcon.colcon_core.event_handler.log_command:Invoked command in '/home/rick/cartographer_ws/build/cartographer_rviz' returned '0': AMENT_PREFIX_PATH=/home/rick/cartographer_ws/install/cartographer_ros:/home/rick/cartographer_ws/install/cartographer_ros_msgs:${AMENT_PREFIX_PATH} CMAKE_PREFIX_PATH=/home/rick/cartographer_ws/install/cartographer_ros:/home/rick/cartographer_ws/install/cartographer_ros_msgs:/home/rick/cartographer_ws/install/cartographer:/opt/ros/humble LD_LIBRARY_PATH=/home/rick/cartographer_ws/install/cartographer_ros/lib:/home/rick/cartographer_ws/install/cartographer_ros_msgs/lib:/usr/lib/x86_64-linux-gnu/gazebo-11/plugins:/opt/ros/humble/opt/rviz_ogre_vendor/lib:/opt/ros/humble/lib/x86_64-linux-gnu:/opt/ros/humble/lib:/usr/local/lib:/usr/local/lib PATH=/home/rick/cartographer_ws/install/cartographer/bin:${PATH} PKG_CONFIG_PATH=/home/rick/cartographer_ws/install/cartographer/lib/x86_64-linux-gnu/pkgconfig:/home/rick/cartographer_ws/install/cartographer/lib/pkgconfig:/usr/local/lib/pkgconfig:/usr/lib/x86_64-linux-gnu/pkgconfig:/usr/lib/x86_64-linux-gnu/pkgconfig:/usr/local/lib/pkgconfig:/usr/local/lib/pkgconfig:/usr/lib/x86_64-linux-gnu/pkgconfig:/usr/lib/x86_64-linux-gnu/pkgconfig:/usr/local/lib/pkgconfig:/usr/local/lib/pkgconfig:/usr/lib/x86_64-linux-gnu/pkgconfig:/usr/local/lib/pkgconfig:/usr/lib/x86_64-linux-gnu/pkgconfig PYTHONPATH=/home/rick/cartographer_ws/install/cartographer_ros_msgs/local/lib/python3.10/dist-packages:${PYTHONPATH} /usr/bin/cmake --install /home/rick/cartographer_ws/build/cartographer_rviz
[50.420s] Level 1:colcon.colcon_core.environment:checking '/home/rick/cartographer_ws/install/cartographer_rviz' for CMake config files
[50.421s] Level 1:colcon.colcon_core.shell:create_environment_hook('cartographer_rviz', 'cmake_prefix_path')
[50.421s] INFO:colcon.colcon_core.shell:Creating environment hook '/home/rick/cartographer_ws/install/cartographer_rviz/share/cartographer_rviz/hook/cmake_prefix_path.ps1'
[50.421s] INFO:colcon.colcon_core.shell:Creating environment descriptor '/home/rick/cartographer_ws/install/cartographer_rviz/share/cartographer_rviz/hook/cmake_prefix_path.dsv'
[50.421s] INFO:colcon.colcon_core.shell:Creating environment hook '/home/rick/cartographer_ws/install/cartographer_rviz/share/cartographer_rviz/hook/cmake_prefix_path.sh'
[50.421s] Level 1:colcon.colcon_core.environment:checking '/home/rick/cartographer_ws/install/cartographer_rviz/lib'
[50.422s] Level 1:colcon.colcon_core.shell:create_environment_hook('cartographer_rviz', 'ld_library_path_lib')
[50.422s] INFO:colcon.colcon_core.shell:Creating environment hook '/home/rick/cartographer_ws/install/cartographer_rviz/share/cartographer_rviz/hook/ld_library_path_lib.ps1'
[50.422s] INFO:colcon.colcon_core.shell:Creating environment descriptor '/home/rick/cartographer_ws/install/cartographer_rviz/share/cartographer_rviz/hook/ld_library_path_lib.dsv'
[50.422s] INFO:colcon.colcon_core.shell:Creating environment hook '/home/rick/cartographer_ws/install/cartographer_rviz/share/cartographer_rviz/hook/ld_library_path_lib.sh'
[50.422s] Level 1:colcon.colcon_core.environment:checking '/home/rick/cartographer_ws/install/cartographer_rviz/bin'
[50.422s] Level 1:colcon.colcon_core.environment:checking '/home/rick/cartographer_ws/install/cartographer_rviz/lib/pkgconfig/cartographer_rviz.pc'
[50.422s] Level 1:colcon.colcon_core.environment:checking '/home/rick/cartographer_ws/install/cartographer_rviz/lib/python3.10/site-packages'
[50.423s] Level 1:colcon.colcon_core.environment:checking '/home/rick/cartographer_ws/install/cartographer_rviz/bin'
[50.423s] INFO:colcon.colcon_core.shell:Creating package script '/home/rick/cartographer_ws/install/cartographer_rviz/share/cartographer_rviz/package.ps1'
[50.423s] INFO:colcon.colcon_core.shell:Creating package descriptor '/home/rick/cartographer_ws/install/cartographer_rviz/share/cartographer_rviz/package.dsv'
[50.423s] INFO:colcon.colcon_core.shell:Creating package script '/home/rick/cartographer_ws/install/cartographer_rviz/share/cartographer_rviz/package.sh'
[50.423s] INFO:colcon.colcon_core.shell:Creating package script '/home/rick/cartographer_ws/install/cartographer_rviz/share/cartographer_rviz/package.bash'
[50.424s] INFO:colcon.colcon_core.shell:Creating package script '/home/rick/cartographer_ws/install/cartographer_rviz/share/cartographer_rviz/package.zsh'
[50.424s] Level 1:colcon.colcon_core.environment:create_file_with_runtime_dependencies(/home/rick/cartographer_ws/install/cartographer_rviz/share/colcon-core/packages/cartographer_rviz)
[50.424s] Level 1:colcon.colcon_core.environment:create_environment_scripts_only(cartographer_rviz)
[50.424s] Level 1:colcon.colcon_core.environment:checking '/home/rick/cartographer_ws/install/cartographer_rviz' for CMake module files
[50.424s] Level 1:colcon.colcon_core.environment:checking '/home/rick/cartographer_ws/install/cartographer_rviz' for CMake config files
[50.425s] Level 1:colcon.colcon_core.shell:create_environment_hook('cartographer_rviz', 'cmake_prefix_path')
[50.425s] INFO:colcon.colcon_core.shell:Creating environment hook '/home/rick/cartographer_ws/install/cartographer_rviz/share/cartographer_rviz/hook/cmake_prefix_path.ps1'
[50.425s] INFO:colcon.colcon_core.shell:Creating environment descriptor '/home/rick/cartographer_ws/install/cartographer_rviz/share/cartographer_rviz/hook/cmake_prefix_path.dsv'
[50.425s] INFO:colcon.colcon_core.shell:Creating environment hook '/home/rick/cartographer_ws/install/cartographer_rviz/share/cartographer_rviz/hook/cmake_prefix_path.sh'
[50.425s] Level 1:colcon.colcon_core.environment:checking '/home/rick/cartographer_ws/install/cartographer_rviz/lib'
[50.425s] Level 1:colcon.colcon_core.shell:create_environment_hook('cartographer_rviz', 'ld_library_path_lib')
[50.425s] INFO:colcon.colcon_core.shell:Creating environment hook '/home/rick/cartographer_ws/install/cartographer_rviz/share/cartographer_rviz/hook/ld_library_path_lib.ps1'
[50.426s] INFO:colcon.colcon_core.shell:Creating environment descriptor '/home/rick/cartographer_ws/install/cartographer_rviz/share/cartographer_rviz/hook/ld_library_path_lib.dsv'
[50.426s] INFO:colcon.colcon_core.shell:Creating environment hook '/home/rick/cartographer_ws/install/cartographer_rviz/share/cartographer_rviz/hook/ld_library_path_lib.sh'
[50.426s] Level 1:colcon.colcon_core.environment:checking '/home/rick/cartographer_ws/install/cartographer_rviz/bin'
[50.426s] Level 1:colcon.colcon_core.environment:checking '/home/rick/cartographer_ws/install/cartographer_rviz/lib/pkgconfig/cartographer_rviz.pc'
[50.426s] Level 1:colcon.colcon_core.environment:checking '/home/rick/cartographer_ws/install/cartographer_rviz/lib/python3.10/site-packages'
[50.426s] Level 1:colcon.colcon_core.environment:checking '/home/rick/cartographer_ws/install/cartographer_rviz/bin'
[50.427s] INFO:colcon.colcon_core.shell:Creating package script '/home/rick/cartographer_ws/install/cartographer_rviz/share/cartographer_rviz/package.ps1'
[50.427s] INFO:colcon.colcon_core.shell:Creating package descriptor '/home/rick/cartographer_ws/install/cartographer_rviz/share/cartographer_rviz/package.dsv'
[50.427s] INFO:colcon.colcon_core.shell:Creating package script '/home/rick/cartographer_ws/install/cartographer_rviz/share/cartographer_rviz/package.sh'
[50.427s] INFO:colcon.colcon_core.shell:Creating package script '/home/rick/cartographer_ws/install/cartographer_rviz/share/cartographer_rviz/package.bash'
[50.427s] INFO:colcon.colcon_core.shell:Creating package script '/home/rick/cartographer_ws/install/cartographer_rviz/share/cartographer_rviz/package.zsh'
[50.428s] Level 1:colcon.colcon_core.environment:create_file_with_runtime_dependencies(/home/rick/cartographer_ws/install/cartographer_rviz/share/colcon-core/packages/cartographer_rviz)
[50.428s] DEBUG:colcon.colcon_parallel_executor.executor.parallel:closing loop
[50.428s] DEBUG:colcon.colcon_parallel_executor.executor.parallel:loop closed
[50.428s] DEBUG:colcon.colcon_parallel_executor.executor.parallel:run_until_complete finished with '0'
[50.428s] DEBUG:colcon.colcon_core.event_reactor:joining thread
[50.431s] INFO:colcon.colcon_core.plugin_system:Skipping extension 'colcon_notification.desktop_notification.terminal_notifier': Not used on non-Darwin systems
[50.431s] INFO:colcon.colcon_core.plugin_system:Skipping extension 'colcon_notification.desktop_notification.win32': Not used on non-Windows systems
[50.431s] INFO:colcon.colcon_notification.desktop_notification:Sending desktop notification using 'notify2'
[50.439s] DEBUG:colcon.colcon_core.event_reactor:joined thread
[50.439s] INFO:colcon.colcon_core.shell:Creating prefix script '/home/rick/cartographer_ws/install/local_setup.ps1'
[50.440s] INFO:colcon.colcon_core.shell:Creating prefix util module '/home/rick/cartographer_ws/install/_local_setup_util_ps1.py'
[50.441s] INFO:colcon.colcon_core.shell:Creating prefix chain script '/home/rick/cartographer_ws/install/setup.ps1'
[50.441s] INFO:colcon.colcon_core.shell:Creating prefix script '/home/rick/cartographer_ws/install/local_setup.sh'
[50.442s] INFO:colcon.colcon_core.shell:Creating prefix util module '/home/rick/cartographer_ws/install/_local_setup_util_sh.py'
[50.442s] INFO:colcon.colcon_core.shell:Creating prefix chain script '/home/rick/cartographer_ws/install/setup.sh'
[50.442s] INFO:colcon.colcon_core.shell:Creating prefix script '/home/rick/cartographer_ws/install/local_setup.bash'
[50.443s] INFO:colcon.colcon_core.shell:Creating prefix chain script '/home/rick/cartographer_ws/install/setup.bash'
[50.443s] INFO:colcon.colcon_core.shell:Creating prefix script '/home/rick/cartographer_ws/install/local_setup.zsh'
[50.443s] INFO:colcon.colcon_core.shell:Creating prefix chain script '/home/rick/cartographer_ws/install/setup.zsh'
