[0.009s] Invoking command in '/home/rick/cartographer_ws/build/cartographer_rviz': AMENT_PREFIX_PATH=/home/rick/cartographer_ws/install/cartographer_ros:/home/rick/cartographer_ws/install/cartographer_ros_msgs:${AMENT_PREFIX_PATH} CMAKE_PREFIX_PATH=/home/rick/cartographer_ws/install/cartographer_ros:/home/rick/cartographer_ws/install/cartographer_ros_msgs:/home/rick/cartographer_ws/install/cartographer:/opt/ros/humble LD_LIBRARY_PATH=/home/rick/cartographer_ws/install/cartographer_ros/lib:/home/rick/cartographer_ws/install/cartographer_ros_msgs/lib:/usr/lib/x86_64-linux-gnu/gazebo-11/plugins:/opt/ros/humble/opt/rviz_ogre_vendor/lib:/opt/ros/humble/lib/x86_64-linux-gnu:/opt/ros/humble/lib:/usr/local/lib:/usr/local/lib PATH=/home/rick/cartographer_ws/install/cartographer/bin:${PATH} PKG_CONFIG_PATH=/home/rick/cartographer_ws/install/cartographer/lib/x86_64-linux-gnu/pkgconfig:/home/rick/cartographer_ws/install/cartographer/lib/pkgconfig:/usr/local/lib/pkgconfig:/usr/lib/x86_64-linux-gnu/pkgconfig:/usr/lib/x86_64-linux-gnu/pkgconfig:/usr/local/lib/pkgconfig:/usr/local/lib/pkgconfig:/usr/lib/x86_64-linux-gnu/pkgconfig:/usr/lib/x86_64-linux-gnu/pkgconfig:/usr/local/lib/pkgconfig:/usr/local/lib/pkgconfig:/usr/lib/x86_64-linux-gnu/pkgconfig:/usr/local/lib/pkgconfig:/usr/lib/x86_64-linux-gnu/pkgconfig PYTHONPATH=/home/rick/cartographer_ws/install/cartographer_ros_msgs/local/lib/python3.10/dist-packages:${PYTHONPATH} /usr/bin/cmake /home/rick/cartographer_ws/src/cartographer_ros/cartographer_rviz -DCMAKE_INSTALL_PREFIX=/home/rick/cartographer_ws/install/cartographer_rviz
[0.046s] -- The C compiler identification is GNU 9.5.0
[0.085s] -- The CXX compiler identification is GNU 9.5.0
[0.090s] -- Detecting C compiler ABI info
[0.136s] -- Detecting C compiler ABI info - done
[0.141s] -- Check for working C compiler: /usr/bin/cc - skipped
[0.141s] -- Detecting C compile features
[0.141s] -- Detecting C compile features - done
[0.143s] -- Detecting CXX compiler ABI info
[0.197s] -- Detecting CXX compiler ABI info - done
[0.202s] -- Check for working CXX compiler: /usr/bin/c++ - skipped
[0.203s] -- Detecting CXX compile features
[0.203s] -- Detecting CXX compile features - done
[0.204s] -- Found ament_cmake: 1.3.12 (/opt/ros/humble/share/ament_cmake/cmake)
[0.321s] -- Found Python3: /usr/bin/python3 (found version "3.10.12") found components: Interpreter 
[0.384s] -- Looking for pthread.h
[0.437s] -- Looking for pthread.h - found
[0.437s] -- Performing Test CMAKE_HAVE_LIBC_PTHREAD
[0.487s] -- Performing Test CMAKE_HAVE_LIBC_PTHREAD - Success
[0.488s] -- Found Threads: TRUE  
[0.492s] -- Found required Ceres dependency: Eigen version 3.4.0 in /usr/include/eigen3
[0.495s] -- Found required Ceres dependency: glog
[0.495s] -- Found required Ceres dependency: gflags
[0.495s] -- Found Ceres version: 2.0.0 installed in: /usr with components: [EigenSparse, SparseLinearAlgebraLibrary, LAPACK, SuiteSparse, CXSparse, SchurSpecializations, Multithreading]
[0.507s] -- Found Boost: /usr/lib/x86_64-linux-gnu/cmake/Boost-1.74.0/BoostConfig.cmake (found version "1.74.0") found components: iostreams 
[0.508s] -- Build type: Release
[0.510s] 文件 /home/rick/cartographer_ws/build/cartographer_rviz/AllFiles.cmake 和 - 不同
[0.515s] -- Found cartographer_ros: 2.0.9003 (/home/rick/cartographer_ws/install/cartographer_ros/share/cartographer_ros/cmake)
[0.538s] -- Found rosidl_generator_c: 3.1.7 (/opt/ros/humble/share/rosidl_generator_c/cmake)
[0.541s] -- Found rosidl_adapter: 3.1.7 (/opt/ros/humble/share/rosidl_adapter/cmake)
[0.547s] -- Found rosidl_generator_cpp: 3.1.7 (/opt/ros/humble/share/rosidl_generator_cpp/cmake)
[0.555s] -- Using all available rosidl_typesupport_c: rosidl_typesupport_fastrtps_c;rosidl_typesupport_introspection_c
[0.565s] -- Using all available rosidl_typesupport_cpp: rosidl_typesupport_fastrtps_cpp;rosidl_typesupport_introspection_cpp
[0.639s] -- Found rmw_implementation_cmake: 6.1.2 (/opt/ros/humble/share/rmw_implementation_cmake/cmake)
[0.640s] -- Found rmw_fastrtps_cpp: 6.2.9 (/opt/ros/humble/share/rmw_fastrtps_cpp/cmake)
[0.699s] -- Found OpenSSL: /usr/lib/x86_64-linux-gnu/libcrypto.so (found version "3.0.2")  
[0.719s] -- Found FastRTPS: /opt/ros/humble/include  
[0.749s] -- Using RMW implementation 'rmw_fastrtps_cpp' as default
[0.897s] -- Found rviz_common: 11.2.22 (/opt/ros/humble/share/rviz_common/cmake)
[0.916s] -- Setting assimp_DIR to: '/opt/ros/humble/share/rviz_assimp_vendor/cmake/../../../opt/rviz_assimp_vendor/lib/cmake/assimp-4.1'
[0.922s] -- Setting OGRE_DIR to: '/opt/ros/humble/share/rviz_ogre_vendor/cmake/../../../opt/rviz_ogre_vendor/lib/OGRE/cmake'
[0.923s] -- Found OGRE
[0.923s] --   static     : OFF
[0.924s] --   components : HLMS;MeshLodGenerator;Overlay;Paging;Property;RTShaderSystem;Terrain;Volume
[0.924s] --   plugins    : Plugin_BSPSceneManager;Plugin_OctreeSceneManager;Plugin_PCZSceneManager;Plugin_ParticleFX;RenderSystem_GL;RenderSystem_GL3Plus;Codec_STBI
[0.924s] --   media      : /opt/ros/humble/opt/rviz_ogre_vendor/share/OGRE/Media
[0.924s] -- OGRE_LIBRARIES: OgreHLMS;OgreMeshLodGenerator;OgreOverlay;OgrePaging;OgreProperty;OgreRTShaderSystem;OgreTerrain;OgreVolume;OgreMain
[0.924s] -- OGRE_LIBRARY_DIRS: /opt/ros/humble/opt/rviz_ogre_vendor/lib
[0.924s] -- OGRE_PLUGINS: Plugin_BSPSceneManager;Plugin_OctreeSceneManager;Plugin_PCZSceneManager;Plugin_ParticleFX;RenderSystem_GL;RenderSystem_GL3Plus;Codec_STBI
[0.924s] -- OGRE_PLUGIN_DIR: /opt/ros/humble/opt/rviz_ogre_vendor/lib/OGRE
[0.924s] -- rviz_ogre_vendor::OgreOverlay for IMPORTED_LOCATION_RELEASE: /opt/ros/humble/opt/rviz_ogre_vendor/lib/libOgreOverlay.so
[0.924s] -- rviz_ogre_vendor::OgreOverlay for IMPORTED_LOCATION_DEBUG: /opt/ros/humble/opt/rviz_ogre_vendor/lib/libOgreOverlay.so
[0.924s] -- rviz_ogre_vendor::OgreMain for IMPORTED_LOCATION_RELEASE: /opt/ros/humble/opt/rviz_ogre_vendor/lib/libOgreMain.so
[0.924s] -- rviz_ogre_vendor::OgreMain for IMPORTED_LOCATION_DEBUG: /opt/ros/humble/opt/rviz_ogre_vendor/lib/libOgreMain.so
[0.938s] -- Found ZLIB: /usr/lib/x86_64-linux-gnu/libz.so (found version "1.2.11") 
[0.941s] -- Found OpenGL: /usr/lib/x86_64-linux-gnu/libOpenGL.so   
[1.003s] -- Found X11: /usr/include   
[1.003s] -- Looking for XOpenDisplay in /usr/lib/x86_64-linux-gnu/libX11.so;/usr/lib/x86_64-linux-gnu/libXext.so
[1.056s] -- Looking for XOpenDisplay in /usr/lib/x86_64-linux-gnu/libX11.so;/usr/lib/x86_64-linux-gnu/libXext.so - found
[1.056s] -- Looking for gethostbyname
[1.104s] -- Looking for gethostbyname - found
[1.104s] -- Looking for connect
[1.147s] -- Looking for connect - found
[1.147s] -- Looking for remove
[1.193s] -- Looking for remove - found
[1.193s] -- Looking for shmat
[1.244s] -- Looking for shmat - found
[1.244s] -- Looking for IceConnectionNumber in ICE
[1.295s] -- Looking for IceConnectionNumber in ICE - found
[1.354s] -- library: /usr/lib/x86_64-linux-gnu/libcurl.so
[1.371s] -- Found Eigen3: TRUE (found version "3.4.0") 
[1.371s] -- Ensuring Eigen3 include directory is part of orocos-kdl CMake target
[1.385s] -- Found tf2_eigen: 0.25.16 (/opt/ros/humble/share/tf2_eigen/cmake)
[1.387s] -- Found pcl_conversions: 2.4.5 (/opt/ros/humble/share/pcl_conversions/cmake)
[1.410s] -- Checking for module 'eigen3'
[1.419s] --   Found eigen3, version 3.4.0
[1.442s] -- Found Eigen: /usr/include/eigen3 (Required is at least version "3.1") 
[1.442s] -- Eigen found (include: /usr/include/eigen3, version: 3.4.0)
[1.464s] -- Checking for module 'flann'
[1.474s] --   Found flann, version 1.9.1
[1.502s] -- Found FLANN: /usr/lib/x86_64-linux-gnu/libflann_cpp.so  
[1.502s] -- FLANN found (include: /usr/include, lib: /usr/lib/x86_64-linux-gnu/libflann_cpp.so)
[1.827s] -- Checking for module 'libusb-1.0'
[1.836s] --   Found libusb-1.0, version 1.0.25
[1.863s] -- Found libusb: /usr/lib/x86_64-linux-gnu/libusb-1.0.so  
[1.864s] -- OpenNI found (version: 1.5.4.0, include: /usr/include/ni, lib: /usr/lib/libOpenNI.so;libusb::libusb)
[1.906s] -- OpenNI2 found (version: 2.2.0.33, include: /usr/include/openni2, lib: /usr/lib/x86_64-linux-gnu/libOpenNI2.so;libusb::libusb)
[2.018s] -- Eigen found (include: /usr/include/eigen3, version: 3.4.0)
[2.024s] -- OpenNI found (version: 1.5.4.0, include: /usr/include/ni, lib: /usr/lib/libOpenNI.so;libusb::libusb)
[2.029s] -- OpenNI2 found (version: 2.2.0.33, include: /usr/include/openni2, lib: /usr/lib/x86_64-linux-gnu/libOpenNI2.so;libusb::libusb)
[2.141s] -- Found Qhull version 8.0.2
[2.251s] -- OpenNI found (version: 1.5.4.0, include: /usr/include/ni, lib: /usr/lib/libOpenNI.so;libusb::libusb)
[2.361s] -- Found PCL_COMMON: /usr/lib/x86_64-linux-gnu/libpcl_common.so  
[2.362s] -- Found PCL_KDTREE: /usr/lib/x86_64-linux-gnu/libpcl_kdtree.so  
[2.362s] -- Found PCL_OCTREE: /usr/lib/x86_64-linux-gnu/libpcl_octree.so  
[2.363s] -- Found PCL_SEARCH: /usr/lib/x86_64-linux-gnu/libpcl_search.so  
[2.364s] -- Found PCL_SAMPLE_CONSENSUS: /usr/lib/x86_64-linux-gnu/libpcl_sample_consensus.so  
[2.364s] -- Found PCL_FILTERS: /usr/lib/x86_64-linux-gnu/libpcl_filters.so  
[2.364s] -- Found PCL_2D: /usr/include/pcl-1.12  
[2.365s] -- Found PCL_GEOMETRY: /usr/include/pcl-1.12  
[2.365s] -- Found PCL_IO: /usr/lib/x86_64-linux-gnu/libpcl_io.so  
[2.366s] -- Found PCL_FEATURES: /usr/lib/x86_64-linux-gnu/libpcl_features.so  
[2.366s] -- Found PCL_ML: /usr/lib/x86_64-linux-gnu/libpcl_ml.so  
[2.367s] -- Found PCL_SEGMENTATION: /usr/lib/x86_64-linux-gnu/libpcl_segmentation.so  
[2.368s] -- Found PCL_VISUALIZATION: /usr/lib/x86_64-linux-gnu/libpcl_visualization.so  
[2.368s] -- Found PCL_SURFACE: /usr/lib/x86_64-linux-gnu/libpcl_surface.so  
[2.369s] -- Found PCL_REGISTRATION: /usr/lib/x86_64-linux-gnu/libpcl_registration.so  
[2.370s] -- Found PCL_KEYPOINTS: /usr/lib/x86_64-linux-gnu/libpcl_keypoints.so  
[2.370s] -- Found PCL_TRACKING: /usr/lib/x86_64-linux-gnu/libpcl_tracking.so  
[2.371s] -- Found PCL_RECOGNITION: /usr/lib/x86_64-linux-gnu/libpcl_recognition.so  
[2.372s] -- Found PCL_STEREO: /usr/lib/x86_64-linux-gnu/libpcl_stereo.so  
[2.372s] -- Found PCL_APPS: /usr/lib/x86_64-linux-gnu/libpcl_apps.so  
[2.373s] -- Found PCL_IN_HAND_SCANNER: /usr/include/pcl-1.12  
[2.373s] -- Found PCL_MODELER: /usr/include/pcl-1.12  
[2.373s] -- Found PCL_POINT_CLOUD_EDITOR: /usr/include/pcl-1.12  
[2.374s] -- Found PCL_OUTOFCORE: /usr/lib/x86_64-linux-gnu/libpcl_outofcore.so  
[2.374s] -- Found PCL_PEOPLE: /usr/lib/x86_64-linux-gnu/libpcl_people.so  
[2.422s] -- Deploy OGRE media
[2.424s] -- Configuring done
[2.460s] -- Generating done
[2.464s] -- Build files have been written to: /home/rick/cartographer_ws/build/cartographer_rviz
[2.479s] Invoked command in '/home/rick/cartographer_ws/build/cartographer_rviz' returned '0': AMENT_PREFIX_PATH=/home/rick/cartographer_ws/install/cartographer_ros:/home/rick/cartographer_ws/install/cartographer_ros_msgs:${AMENT_PREFIX_PATH} CMAKE_PREFIX_PATH=/home/rick/cartographer_ws/install/cartographer_ros:/home/rick/cartographer_ws/install/cartographer_ros_msgs:/home/rick/cartographer_ws/install/cartographer:/opt/ros/humble LD_LIBRARY_PATH=/home/rick/cartographer_ws/install/cartographer_ros/lib:/home/rick/cartographer_ws/install/cartographer_ros_msgs/lib:/usr/lib/x86_64-linux-gnu/gazebo-11/plugins:/opt/ros/humble/opt/rviz_ogre_vendor/lib:/opt/ros/humble/lib/x86_64-linux-gnu:/opt/ros/humble/lib:/usr/local/lib:/usr/local/lib PATH=/home/rick/cartographer_ws/install/cartographer/bin:${PATH} PKG_CONFIG_PATH=/home/rick/cartographer_ws/install/cartographer/lib/x86_64-linux-gnu/pkgconfig:/home/rick/cartographer_ws/install/cartographer/lib/pkgconfig:/usr/local/lib/pkgconfig:/usr/lib/x86_64-linux-gnu/pkgconfig:/usr/lib/x86_64-linux-gnu/pkgconfig:/usr/local/lib/pkgconfig:/usr/local/lib/pkgconfig:/usr/lib/x86_64-linux-gnu/pkgconfig:/usr/lib/x86_64-linux-gnu/pkgconfig:/usr/local/lib/pkgconfig:/usr/local/lib/pkgconfig:/usr/lib/x86_64-linux-gnu/pkgconfig:/usr/local/lib/pkgconfig:/usr/lib/x86_64-linux-gnu/pkgconfig PYTHONPATH=/home/rick/cartographer_ws/install/cartographer_ros_msgs/local/lib/python3.10/dist-packages:${PYTHONPATH} /usr/bin/cmake /home/rick/cartographer_ws/src/cartographer_ros/cartographer_rviz -DCMAKE_INSTALL_PREFIX=/home/rick/cartographer_ws/install/cartographer_rviz
[2.481s] Invoking command in '/home/rick/cartographer_ws/build/cartographer_rviz': AMENT_PREFIX_PATH=/home/rick/cartographer_ws/install/cartographer_ros:/home/rick/cartographer_ws/install/cartographer_ros_msgs:${AMENT_PREFIX_PATH} CMAKE_PREFIX_PATH=/home/rick/cartographer_ws/install/cartographer_ros:/home/rick/cartographer_ws/install/cartographer_ros_msgs:/home/rick/cartographer_ws/install/cartographer:/opt/ros/humble LD_LIBRARY_PATH=/home/rick/cartographer_ws/install/cartographer_ros/lib:/home/rick/cartographer_ws/install/cartographer_ros_msgs/lib:/usr/lib/x86_64-linux-gnu/gazebo-11/plugins:/opt/ros/humble/opt/rviz_ogre_vendor/lib:/opt/ros/humble/lib/x86_64-linux-gnu:/opt/ros/humble/lib:/usr/local/lib:/usr/local/lib PATH=/home/rick/cartographer_ws/install/cartographer/bin:${PATH} PKG_CONFIG_PATH=/home/rick/cartographer_ws/install/cartographer/lib/x86_64-linux-gnu/pkgconfig:/home/rick/cartographer_ws/install/cartographer/lib/pkgconfig:/usr/local/lib/pkgconfig:/usr/lib/x86_64-linux-gnu/pkgconfig:/usr/lib/x86_64-linux-gnu/pkgconfig:/usr/local/lib/pkgconfig:/usr/local/lib/pkgconfig:/usr/lib/x86_64-linux-gnu/pkgconfig:/usr/lib/x86_64-linux-gnu/pkgconfig:/usr/local/lib/pkgconfig:/usr/local/lib/pkgconfig:/usr/lib/x86_64-linux-gnu/pkgconfig:/usr/local/lib/pkgconfig:/usr/lib/x86_64-linux-gnu/pkgconfig PYTHONPATH=/home/rick/cartographer_ws/install/cartographer_ros_msgs/local/lib/python3.10/dist-packages:${PYTHONPATH} /usr/bin/cmake --build /home/rick/cartographer_ws/build/cartographer_rviz -- -j16 -l16
[2.520s] [ 16%] [34m[1mAutomatic MOC for target cartographer_rviz[0m
[2.524s] [ 16%] Built target cartographer_rviz_detect_changes
[3.810s] [ 16%] Built target cartographer_rviz_autogen
[3.826s] [ 66%] [32mBuilding CXX object CMakeFiles/cartographer_rviz.dir/cartographer_rviz_autogen/mocs_compilation.cpp.o[0m
[3.826s] [ 66%] [32mBuilding CXX object CMakeFiles/cartographer_rviz.dir/src/submaps_display.cpp.o[0m
[3.826s] [ 66%] [32mBuilding CXX object CMakeFiles/cartographer_rviz.dir/src/ogre_slice.cpp.o[0m
[3.827s] [ 83%] [32mBuilding CXX object CMakeFiles/cartographer_rviz.dir/src/drawable_submap.cpp.o[0m
[16.258s] [100%] [32m[1mLinking CXX shared library libcartographer_rviz.so[0m
[17.001s] [100%] Built target cartographer_rviz
[17.009s] Invoked command in '/home/rick/cartographer_ws/build/cartographer_rviz' returned '0': AMENT_PREFIX_PATH=/home/rick/cartographer_ws/install/cartographer_ros:/home/rick/cartographer_ws/install/cartographer_ros_msgs:${AMENT_PREFIX_PATH} CMAKE_PREFIX_PATH=/home/rick/cartographer_ws/install/cartographer_ros:/home/rick/cartographer_ws/install/cartographer_ros_msgs:/home/rick/cartographer_ws/install/cartographer:/opt/ros/humble LD_LIBRARY_PATH=/home/rick/cartographer_ws/install/cartographer_ros/lib:/home/rick/cartographer_ws/install/cartographer_ros_msgs/lib:/usr/lib/x86_64-linux-gnu/gazebo-11/plugins:/opt/ros/humble/opt/rviz_ogre_vendor/lib:/opt/ros/humble/lib/x86_64-linux-gnu:/opt/ros/humble/lib:/usr/local/lib:/usr/local/lib PATH=/home/rick/cartographer_ws/install/cartographer/bin:${PATH} PKG_CONFIG_PATH=/home/rick/cartographer_ws/install/cartographer/lib/x86_64-linux-gnu/pkgconfig:/home/rick/cartographer_ws/install/cartographer/lib/pkgconfig:/usr/local/lib/pkgconfig:/usr/lib/x86_64-linux-gnu/pkgconfig:/usr/lib/x86_64-linux-gnu/pkgconfig:/usr/local/lib/pkgconfig:/usr/local/lib/pkgconfig:/usr/lib/x86_64-linux-gnu/pkgconfig:/usr/lib/x86_64-linux-gnu/pkgconfig:/usr/local/lib/pkgconfig:/usr/local/lib/pkgconfig:/usr/lib/x86_64-linux-gnu/pkgconfig:/usr/local/lib/pkgconfig:/usr/lib/x86_64-linux-gnu/pkgconfig PYTHONPATH=/home/rick/cartographer_ws/install/cartographer_ros_msgs/local/lib/python3.10/dist-packages:${PYTHONPATH} /usr/bin/cmake --build /home/rick/cartographer_ws/build/cartographer_rviz -- -j16 -l16
[17.011s] Invoking command in '/home/rick/cartographer_ws/build/cartographer_rviz': AMENT_PREFIX_PATH=/home/rick/cartographer_ws/install/cartographer_ros:/home/rick/cartographer_ws/install/cartographer_ros_msgs:${AMENT_PREFIX_PATH} CMAKE_PREFIX_PATH=/home/rick/cartographer_ws/install/cartographer_ros:/home/rick/cartographer_ws/install/cartographer_ros_msgs:/home/rick/cartographer_ws/install/cartographer:/opt/ros/humble LD_LIBRARY_PATH=/home/rick/cartographer_ws/install/cartographer_ros/lib:/home/rick/cartographer_ws/install/cartographer_ros_msgs/lib:/usr/lib/x86_64-linux-gnu/gazebo-11/plugins:/opt/ros/humble/opt/rviz_ogre_vendor/lib:/opt/ros/humble/lib/x86_64-linux-gnu:/opt/ros/humble/lib:/usr/local/lib:/usr/local/lib PATH=/home/rick/cartographer_ws/install/cartographer/bin:${PATH} PKG_CONFIG_PATH=/home/rick/cartographer_ws/install/cartographer/lib/x86_64-linux-gnu/pkgconfig:/home/rick/cartographer_ws/install/cartographer/lib/pkgconfig:/usr/local/lib/pkgconfig:/usr/lib/x86_64-linux-gnu/pkgconfig:/usr/lib/x86_64-linux-gnu/pkgconfig:/usr/local/lib/pkgconfig:/usr/local/lib/pkgconfig:/usr/lib/x86_64-linux-gnu/pkgconfig:/usr/lib/x86_64-linux-gnu/pkgconfig:/usr/local/lib/pkgconfig:/usr/local/lib/pkgconfig:/usr/lib/x86_64-linux-gnu/pkgconfig:/usr/local/lib/pkgconfig:/usr/lib/x86_64-linux-gnu/pkgconfig PYTHONPATH=/home/rick/cartographer_ws/install/cartographer_ros_msgs/local/lib/python3.10/dist-packages:${PYTHONPATH} /usr/bin/cmake --install /home/rick/cartographer_ws/build/cartographer_rviz
[17.017s] -- Install configuration: "Release"
[17.017s] -- Installing: /home/rick/cartographer_ws/install/cartographer_rviz/share/cartographer_rviz/rviz_plugin_description.xml
[17.017s] -- Installing: /home/rick/cartographer_ws/install/cartographer_rviz/lib/libcartographer_rviz.so
[17.020s] -- Set runtime path of "/home/rick/cartographer_ws/install/cartographer_rviz/lib/libcartographer_rviz.so" to ""
[17.020s] -- Installing: /home/rick/cartographer_ws/install/cartographer_rviz/include/cartographer_rviz
[17.020s] -- Installing: /home/rick/cartographer_ws/install/cartographer_rviz/include/cartographer_rviz/cartographer_rviz
[17.020s] -- Installing: /home/rick/cartographer_ws/install/cartographer_rviz/include/cartographer_rviz/cartographer_rviz/drawable_submap.h
[17.020s] -- Installing: /home/rick/cartographer_ws/install/cartographer_rviz/include/cartographer_rviz/cartographer_rviz/ogre_slice.h
[17.020s] -- Installing: /home/rick/cartographer_ws/install/cartographer_rviz/include/cartographer_rviz/cartographer_rviz/submaps_display.h
[17.020s] -- Installing: /home/rick/cartographer_ws/install/cartographer_rviz/share/cartographer_rviz/environment/library_path.sh
[17.020s] -- Installing: /home/rick/cartographer_ws/install/cartographer_rviz/share/cartographer_rviz/environment/library_path.dsv
[17.020s] -- Installing: /home/rick/cartographer_ws/install/cartographer_rviz/share/ament_index/resource_index/package_run_dependencies/cartographer_rviz
[17.020s] -- Installing: /home/rick/cartographer_ws/install/cartographer_rviz/share/ament_index/resource_index/parent_prefix_path/cartographer_rviz
[17.020s] -- Installing: /home/rick/cartographer_ws/install/cartographer_rviz/share/cartographer_rviz/environment/ament_prefix_path.sh
[17.020s] -- Installing: /home/rick/cartographer_ws/install/cartographer_rviz/share/cartographer_rviz/environment/ament_prefix_path.dsv
[17.021s] -- Installing: /home/rick/cartographer_ws/install/cartographer_rviz/share/cartographer_rviz/environment/path.sh
[17.021s] -- Installing: /home/rick/cartographer_ws/install/cartographer_rviz/share/cartographer_rviz/environment/path.dsv
[17.021s] -- Installing: /home/rick/cartographer_ws/install/cartographer_rviz/share/cartographer_rviz/local_setup.bash
[17.021s] -- Installing: /home/rick/cartographer_ws/install/cartographer_rviz/share/cartographer_rviz/local_setup.sh
[17.021s] -- Installing: /home/rick/cartographer_ws/install/cartographer_rviz/share/cartographer_rviz/local_setup.zsh
[17.021s] -- Installing: /home/rick/cartographer_ws/install/cartographer_rviz/share/cartographer_rviz/local_setup.dsv
[17.021s] -- Installing: /home/rick/cartographer_ws/install/cartographer_rviz/share/cartographer_rviz/package.dsv
[17.021s] -- Installing: /home/rick/cartographer_ws/install/cartographer_rviz/share/ament_index/resource_index/packages/cartographer_rviz
[17.021s] -- Installing: /home/rick/cartographer_ws/install/cartographer_rviz/share/ament_index/resource_index/rviz_common__pluginlib__plugin/cartographer_rviz
[17.021s] -- Installing: /home/rick/cartographer_ws/install/cartographer_rviz/share/cartographer_rviz/ogre_media/materials/glsl120
[17.021s] -- Installing: /home/rick/cartographer_ws/install/cartographer_rviz/share/cartographer_rviz/ogre_media/materials/glsl120/submap.frag
[17.021s] -- Installing: /home/rick/cartographer_ws/install/cartographer_rviz/share/cartographer_rviz/ogre_media/materials/glsl120/submap.vert
[17.021s] -- Installing: /home/rick/cartographer_ws/install/cartographer_rviz/share/cartographer_rviz/ogre_media/materials/glsl120/glsl120.program
[17.021s] -- Installing: /home/rick/cartographer_ws/install/cartographer_rviz/share/cartographer_rviz/ogre_media/materials/scripts
[17.021s] -- Installing: /home/rick/cartographer_ws/install/cartographer_rviz/share/cartographer_rviz/ogre_media/materials/scripts/submap.material
[17.021s] -- Installing: /home/rick/cartographer_ws/install/cartographer_rviz/share/ament_index/resource_index/rviz_ogre_media_exports/cartographer_rviz
[17.021s] -- Installing: /home/rick/cartographer_ws/install/cartographer_rviz/share/cartographer_rviz/cmake/cartographer_rvizExport.cmake
[17.021s] -- Installing: /home/rick/cartographer_ws/install/cartographer_rviz/share/cartographer_rviz/cmake/cartographer_rvizExport-release.cmake
[17.021s] -- Installing: /home/rick/cartographer_ws/install/cartographer_rviz/share/cartographer_rviz/cmake/ament_cmake_export_include_directories-extras.cmake
[17.021s] -- Installing: /home/rick/cartographer_ws/install/cartographer_rviz/share/cartographer_rviz/cmake/ament_cmake_export_libraries-extras.cmake
[17.021s] -- Installing: /home/rick/cartographer_ws/install/cartographer_rviz/share/cartographer_rviz/cmake/ament_cmake_export_targets-extras.cmake
[17.021s] -- Installing: /home/rick/cartographer_ws/install/cartographer_rviz/share/cartographer_rviz/cmake/ament_cmake_export_dependencies-extras.cmake
[17.021s] -- Installing: /home/rick/cartographer_ws/install/cartographer_rviz/share/cartographer_rviz/cmake/cartographer_rvizConfig.cmake
[17.021s] -- Installing: /home/rick/cartographer_ws/install/cartographer_rviz/share/cartographer_rviz/cmake/cartographer_rvizConfig-version.cmake
[17.021s] -- Installing: /home/rick/cartographer_ws/install/cartographer_rviz/share/cartographer_rviz/package.xml
[17.023s] Invoked command in '/home/rick/cartographer_ws/build/cartographer_rviz' returned '0': AMENT_PREFIX_PATH=/home/rick/cartographer_ws/install/cartographer_ros:/home/rick/cartographer_ws/install/cartographer_ros_msgs:${AMENT_PREFIX_PATH} CMAKE_PREFIX_PATH=/home/rick/cartographer_ws/install/cartographer_ros:/home/rick/cartographer_ws/install/cartographer_ros_msgs:/home/rick/cartographer_ws/install/cartographer:/opt/ros/humble LD_LIBRARY_PATH=/home/rick/cartographer_ws/install/cartographer_ros/lib:/home/rick/cartographer_ws/install/cartographer_ros_msgs/lib:/usr/lib/x86_64-linux-gnu/gazebo-11/plugins:/opt/ros/humble/opt/rviz_ogre_vendor/lib:/opt/ros/humble/lib/x86_64-linux-gnu:/opt/ros/humble/lib:/usr/local/lib:/usr/local/lib PATH=/home/rick/cartographer_ws/install/cartographer/bin:${PATH} PKG_CONFIG_PATH=/home/rick/cartographer_ws/install/cartographer/lib/x86_64-linux-gnu/pkgconfig:/home/rick/cartographer_ws/install/cartographer/lib/pkgconfig:/usr/local/lib/pkgconfig:/usr/lib/x86_64-linux-gnu/pkgconfig:/usr/lib/x86_64-linux-gnu/pkgconfig:/usr/local/lib/pkgconfig:/usr/local/lib/pkgconfig:/usr/lib/x86_64-linux-gnu/pkgconfig:/usr/lib/x86_64-linux-gnu/pkgconfig:/usr/local/lib/pkgconfig:/usr/local/lib/pkgconfig:/usr/lib/x86_64-linux-gnu/pkgconfig:/usr/local/lib/pkgconfig:/usr/lib/x86_64-linux-gnu/pkgconfig PYTHONPATH=/home/rick/cartographer_ws/install/cartographer_ros_msgs/local/lib/python3.10/dist-packages:${PYTHONPATH} /usr/bin/cmake --install /home/rick/cartographer_ws/build/cartographer_rviz
