[0.010s] Invoking command in '/home/rick/cartographer_ws/build/cartographer': CMAKE_PREFIX_PATH=/opt/ros/humble /usr/bin/cmake /home/rick/cartographer_ws/src/cartographer -DCMAKE_INSTALL_PREFIX=/home/rick/cartographer_ws/install/cartographer
[0.046s] -- The C compiler identification is GNU 9.5.0
[0.081s] -- The CXX compiler identification is GNU 9.5.0
[0.086s] -- Detecting C compiler ABI info
[0.133s] -- Detecting C compiler ABI info - done
[0.137s] -- Check for working C compiler: /usr/bin/cc - skipped
[0.137s] -- Detecting C compile features
[0.138s] -- Detecting C compile features - done
[0.140s] -- Detecting CXX compiler ABI info
[0.194s] -- Detecting CXX compiler ABI info - done
[0.202s] -- Check for working CXX compiler: /usr/bin/c++ - skipped
[0.202s] -- Detecting CXX compile features
[0.203s] -- Detecting CXX compile features - done
[0.203s] -- Build type: Release
[0.211s] 文件 /home/rick/cartographer_ws/build/cartographer/AllFiles.cmake 和 - 不同
[0.343s] -- Found Python: /usr/bin/python3.10 (found version "3.10.12") found components: Interpreter 
[0.344s] -- Looking for pthread.h
[0.395s] -- Looking for pthread.h - found
[0.395s] -- Performing Test CMAKE_HAVE_LIBC_PTHREAD
[0.446s] -- Performing Test CMAKE_HAVE_LIBC_PTHREAD - Success
[0.447s] -- Found Threads: TRUE  
[0.451s] -- Found GMock: gmock_main  
[0.462s] -- Found Boost: /usr/lib/x86_64-linux-gnu/cmake/Boost-1.74.0/BoostConfig.cmake (found version "1.74.0") found components: iostreams 
[0.469s] -- Found required Ceres dependency: Eigen version 3.4.0 in /usr/include/eigen3
[0.472s] -- Found required Ceres dependency: glog
[0.472s] -- Found required Ceres dependency: gflags
[0.472s] -- Found Ceres version: 2.0.0 installed in: /usr with components: [EigenSparse, SparseLinearAlgebraLibrary, LAPACK, SuiteSparse, CXSparse, SchurSpecializations, Multithreading]
[0.477s] -- Found Lua: /usr/lib/x86_64-linux-gnu/liblua5.3.so;/usr/lib/x86_64-linux-gnu/libm.so (found version "5.3.6") 
[0.485s] -- Found Protobuf: /usr/lib/x86_64-linux-gnu/libprotobuf.so (found suitable version "3.12.4", minimum required is "3.0.0") 
[0.489s] -- Found PkgConfig: /usr/bin/pkg-config (found version "0.29.2") 
[0.489s] -- Checking for one of the modules 'cairo>=1.12.16'
[0.533s] -- Found Sphinx: /usr/local/bin/sphinx-build  
[0.558s] -- Configuring done
[0.722s] -- Generating done
[0.779s] -- Build files have been written to: /home/rick/cartographer_ws/build/cartographer
[0.789s] Invoked command in '/home/rick/cartographer_ws/build/cartographer' returned '0': CMAKE_PREFIX_PATH=/opt/ros/humble /usr/bin/cmake /home/rick/cartographer_ws/src/cartographer -DCMAKE_INSTALL_PREFIX=/home/rick/cartographer_ws/install/cartographer
[0.791s] Invoking command in '/home/rick/cartographer_ws/build/cartographer': CMAKE_PREFIX_PATH=/opt/ros/humble /usr/bin/cmake --build /home/rick/cartographer_ws/build/cartographer -- -j16 -l16
[0.836s] [  0%] [34m[1mRunning C++ protocol buffer compiler on /home/rick/cartographer_ws/src/cartographer/cartographer/mapping/proto/grid_2d.proto[0m
[0.836s] [  0%] [34m[1mRunning C++ protocol buffer compiler on /home/rick/cartographer_ws/src/cartographer/cartographer/ground_truth/proto/relations.proto[0m
[0.836s] [  0%] [34m[1mRunning C++ protocol buffer compiler on /home/rick/cartographer_ws/src/cartographer/cartographer/transform/proto/transform.proto[0m
[0.836s] [  1%] [34m[1mRunning C++ protocol buffer compiler on /home/rick/cartographer_ws/src/cartographer/cartographer/mapping/proto/hybrid_grid.proto[0m
[0.837s] [  1%] [34m[1mRunning C++ protocol buffer compiler on /home/rick/cartographer_ws/src/cartographer/cartographer/mapping/proto/grid_2d_options.proto[0m
[0.837s] [  2%] [34m[1mRunning C++ protocol buffer compiler on /home/rick/cartographer_ws/src/cartographer/cartographer/mapping/proto/cell_limits_2d.proto[0m
[0.838s] [  0%] [34m[1mRunning C++ protocol buffer compiler on /home/rick/cartographer_ws/src/cartographer/cartographer/mapping/proto/connected_components.proto[0m
[0.838s] [  2%] [34m[1mRunning C++ protocol buffer compiler on /home/rick/cartographer_ws/src/cartographer/cartographer/common/proto/ceres_solver_options.proto[0m
[0.838s] [  2%] [34m[1mRunning C++ protocol buffer compiler on /home/rick/cartographer_ws/src/cartographer/cartographer/mapping/proto/local_trajectory_builder_options_2d.proto[0m
[0.839s] [  2%] [34m[1mRunning C++ protocol buffer compiler on /home/rick/cartographer_ws/src/cartographer/cartographer/mapping/proto/map_builder_options.proto[0m
[0.840s] [  2%] [34m[1mRunning C++ protocol buffer compiler on /home/rick/cartographer_ws/src/cartographer/cartographer/mapping/proto/local_trajectory_builder_options_3d.proto[0m
[0.840s] [  2%] [34m[1mRunning C++ protocol buffer compiler on /home/rick/cartographer_ws/src/cartographer/cartographer/mapping/proto/motion_filter_options.proto[0m
[0.840s] [  3%] [34m[1mRunning C++ protocol buffer compiler on /home/rick/cartographer_ws/src/cartographer/cartographer/mapping/proto/map_limits.proto[0m
[0.840s] [  3%] [34m[1mBuilding documentation.[0m
[0.843s] [  4%] [32mBuilding CXX object googletest/CMakeFiles/gtest.dir/src/gtest-all.cc.o[0m
[0.851s] [  5%] [34m[1mRunning C++ protocol buffer compiler on /home/rick/cartographer_ws/src/cartographer/cartographer/mapping/proto/pose_graph.proto[0m
[0.851s] [  5%] [34m[1mRunning C++ protocol buffer compiler on /home/rick/cartographer_ws/src/cartographer/cartographer/mapping/proto/pose_graph/optimization_problem_options.proto[0m
[0.851s] [  5%] [34m[1mRunning C++ protocol buffer compiler on /home/rick/cartographer_ws/src/cartographer/cartographer/mapping/proto/pose_graph/constraint_builder_options.proto[0m
[0.851s] [  5%] [34m[1mRunning C++ protocol buffer compiler on /home/rick/cartographer_ws/src/cartographer/cartographer/mapping/proto/pose_extrapolator_options.proto[0m
[0.852s] [  5%] [34m[1mRunning C++ protocol buffer compiler on /home/rick/cartographer_ws/src/cartographer/cartographer/mapping/proto/normal_estimation_options_2d.proto[0m
[0.852s] [  5%] [34m[1mRunning C++ protocol buffer compiler on /home/rick/cartographer_ws/src/cartographer/cartographer/mapping/proto/pose_graph_options.proto[0m
[0.852s] [  5%] Built target cartographer_detect_changes
[0.852s] [  6%] [34m[1mRunning C++ protocol buffer compiler on /home/rick/cartographer_ws/src/cartographer/cartographer/mapping/proto/probability_grid.proto[0m
[0.853s] [  6%] [34m[1mRunning C++ protocol buffer compiler on /home/rick/cartographer_ws/src/cartographer/cartographer/mapping/proto/probability_grid_range_data_inserter_options_2d.proto[0m
[0.854s] [  6%] [34m[1mRunning C++ protocol buffer compiler on /home/rick/cartographer_ws/src/cartographer/cartographer/mapping/proto/range_data_inserter_options.proto[0m
[0.854s] [  6%] [34m[1mRunning C++ protocol buffer compiler on /home/rick/cartographer_ws/src/cartographer/cartographer/mapping/proto/range_data_inserter_options_3d.proto[0m
[0.859s] [  7%] [34m[1mRunning C++ protocol buffer compiler on /home/rick/cartographer_ws/src/cartographer/cartographer/mapping/proto/scan_matching/ceres_scan_matcher_options_2d.proto[0m
[0.859s] [  7%] [34m[1mRunning C++ protocol buffer compiler on /home/rick/cartographer_ws/src/cartographer/cartographer/mapping/proto/scan_matching/ceres_scan_matcher_options_3d.proto[0m
[0.862s] [  7%] [34m[1mRunning C++ protocol buffer compiler on /home/rick/cartographer_ws/src/cartographer/cartographer/mapping/proto/scan_matching/fast_correlative_scan_matcher_options_2d.proto[0m
[0.864s] [  7%] [34m[1mRunning C++ protocol buffer compiler on /home/rick/cartographer_ws/src/cartographer/cartographer/mapping/proto/submap.proto[0m
[0.864s] [  7%] [34m[1mRunning C++ protocol buffer compiler on /home/rick/cartographer_ws/src/cartographer/cartographer/mapping/proto/serialization.proto[0m
[0.864s] [  7%] [34m[1mRunning C++ protocol buffer compiler on /home/rick/cartographer_ws/src/cartographer/cartographer/mapping/proto/scan_matching/fast_correlative_scan_matcher_options_3d.proto[0m
[0.865s] [  8%] [34m[1mRunning C++ protocol buffer compiler on /home/rick/cartographer_ws/src/cartographer/cartographer/mapping/proto/scan_matching/real_time_correlative_scan_matcher_options.proto[0m
[0.866s] [  8%] [34m[1mRunning C++ protocol buffer compiler on /home/rick/cartographer_ws/src/cartographer/cartographer/mapping/proto/submap_visualization.proto[0m
[0.867s] [  9%] [34m[1mRunning C++ protocol buffer compiler on /home/rick/cartographer_ws/src/cartographer/cartographer/mapping/proto/submaps_options_2d.proto[0m
[0.872s] [  9%] [34m[1mRunning C++ protocol buffer compiler on /home/rick/cartographer_ws/src/cartographer/cartographer/mapping/proto/trajectory.proto[0m
[0.873s] [ 10%] [34m[1mRunning C++ protocol buffer compiler on /home/rick/cartographer_ws/src/cartographer/cartographer/mapping/proto/trajectory_node_data.proto[0m
[0.873s] [ 10%] [34m[1mRunning C++ protocol buffer compiler on /home/rick/cartographer_ws/src/cartographer/cartographer/mapping/proto/trajectory_builder_options.proto[0m
[0.874s] [ 10%] [34m[1mRunning C++ protocol buffer compiler on /home/rick/cartographer_ws/src/cartographer/cartographer/mapping/proto/submaps_options_3d.proto[0m
[0.878s] [ 11%] [34m[1mRunning C++ protocol buffer compiler on /home/rick/cartographer_ws/src/cartographer/cartographer/sensor/proto/adaptive_voxel_filter_options.proto[0m
[0.878s] [ 11%] [34m[1mRunning C++ protocol buffer compiler on /home/rick/cartographer_ws/src/cartographer/cartographer/mapping/proto/tsdf_2d.proto[0m
[0.878s] [ 11%] [34m[1mRunning C++ protocol buffer compiler on /home/rick/cartographer_ws/src/cartographer/cartographer/transform/proto/timestamped_transform.proto[0m
[0.878s] [ 11%] [34m[1mRunning C++ protocol buffer compiler on /home/rick/cartographer_ws/src/cartographer/cartographer/mapping/proto/tsdf_range_data_inserter_options_2d.proto[0m
[0.880s] [ 11%] [34m[1mRunning C++ protocol buffer compiler on /home/rick/cartographer_ws/src/cartographer/cartographer/sensor/proto/sensor.proto[0m
[0.926s] [ 12%] [32mBuilding CXX object CMakeFiles/cartographer.dir/cartographer/common/internal/testing/thread_pool_for_testing.cc.o[0m
[0.927s] [ 12%] [32mBuilding CXX object CMakeFiles/cartographer.dir/cartographer/common/fixed_ratio_sampler.cc.o[0m
[0.927s] [ 12%] [32mBuilding CXX object CMakeFiles/cartographer.dir/cartographer/common/histogram.cc.o[0m
[0.928s] [ 14%] [32mBuilding CXX object CMakeFiles/cartographer.dir/cartographer/common/configuration_file_resolver.cc.o[0m
[0.928s] [ 14%] [32mBuilding CXX object CMakeFiles/cartographer.dir/cartographer/common/time.cc.o[0m
[0.930s] [ 14%] [32mBuilding CXX object CMakeFiles/cartographer.dir/cartographer/common/lua_parameter_dictionary.cc.o[0m
[0.930s] [ 14%] [32mBuilding CXX object CMakeFiles/cartographer.dir/cartographer/common/internal/ceres_solver_options.cc.o[0m
[0.931s] [ 14%] [32mBuilding CXX object CMakeFiles/cartographer.dir/cartographer/common/task.cc.o[0m
[0.931s] [ 14%] [32mBuilding CXX object CMakeFiles/cartographer.dir/cartographer/ground_truth/relations_text_file.cc.o[0m
[0.931s] [ 14%] [32mBuilding CXX object CMakeFiles/cartographer.dir/cartographer/common/thread_pool.cc.o[0m
[0.931s] [ 14%] [32mBuilding CXX object CMakeFiles/cartographer.dir/cartographer/ground_truth/autogenerate_ground_truth.cc.o[0m
[0.931s] [ 14%] [32mBuilding CXX object CMakeFiles/cartographer.dir/cartographer/io/color.cc.o[0m
[0.935s] [ 15%] [32mBuilding CXX object CMakeFiles/cartographer.dir/cartographer/io/coloring_points_processor.cc.o[0m
[0.938s] [ 15%] [32mBuilding CXX object CMakeFiles/cartographer.dir/cartographer/io/counting_points_processor.cc.o[0m
[1.036s] [01m正在运行 Sphinx v8.1.3[39;49;00m
[1.036s] [01m正在加载翻译 [en]…[39;49;00m完成
[1.301s] [01m正在创建输出目录... [39;49;00m完成
[1.301s] Converting `source_suffix = '.rst'` to `source_suffix = {'.rst': 'restructuredtext'}`.
[1.341s] [01m正在构建 [mo]： [39;49;00m0 个 po 文件的目标文件已过期
[1.342s] [01m正在写入输出……[39;49;00m
[1.342s] [01m正在构建 [html]： [39;49;00m6 个源文件的目标文件已过期
[1.342s] [01m正在更新环境：[39;49;00m[新配置] 有 6 个新增文件，有 0 个文件已被修改，有 0 个文件已被移除
[1.487s] [2K[01m正在读取源文件……[39;49;00m[ 17%] [35mconfiguration[39;49;00m
[1.515s] [2K[01m正在读取源文件……[39;49;00m[ 33%] [35mcost_functions[39;49;00m
[1.544s] [2K[01m正在读取源文件……[39;49;00m[ 50%] [35mevaluation[39;49;00m
[1.563s] [2K[01m正在读取源文件……[39;49;00m[ 67%] [35mindex[39;49;00m
[1.569s] [2K[01m正在读取源文件……[39;49;00m[ 83%] [35mpbstream_migration[39;49;00m
[1.578s] [2K[01m正在读取源文件……[39;49;00m[100%] [35mterminology[39;49;00m
[1.578s] 
[1.578s] [01m正在查找当前已过期的文件……[39;49;00m没有找到已过期文件
[1.580s] [01m正在 Pickle 序列化环境... [39;49;00m完成
[1.581s] [01m正在校验一致性... [39;49;00m完成
[1.583s] [01m正在准备写入文档... [39;49;00m完成
[1.583s] [01m正在复制资产文件... [39;49;00m
[1.583s] [01m正在复制静态文件... [39;49;00m
[1.593s] Writing evaluated template result to /home/rick/cartographer_ws/build/cartographer/docs/html/_static/basic.css
[1.594s] Writing evaluated template result to /home/rick/cartographer_ws/build/cartographer/docs/html/_static/documentation_options.js
[1.597s] Writing evaluated template result to /home/rick/cartographer_ws/build/cartographer/docs/html/_static/language_data.js
[1.600s] Writing evaluated template result to /home/rick/cartographer_ws/build/cartographer/docs/html/_static/sidebar.js
[1.609s] Writing evaluated template result to /home/rick/cartographer_ws/build/cartographer/docs/html/_static/classic.css
[1.610s] [01m正在复制静态文件: [39;49;00m完成
[1.610s] [01m正在复制额外文件... [39;49;00m
[1.611s] [01m正在复制额外文件: [39;49;00m完成
[1.611s] [01m正在复制资产文件: [39;49;00m完成
[1.710s] [2K[01m正在写入输出……[39;49;00m[ 17%] [32mconfiguration[39;49;00m
[1.726s] [2K[01m正在写入输出……[39;49;00m[ 33%] [32mcost_functions[39;49;00m
[1.760s] [2K[01m正在写入输出……[39;49;00m[ 50%] [32mevaluation[39;49;00m
[1.783s] [2K[01m正在写入输出……[39;49;00m[ 67%] [32mindex[39;49;00m
[1.829s] [2K[01m正在写入输出……[39;49;00m[ 83%] [32mpbstream_migration[39;49;00m
[1.843s] [2K[01m正在写入输出……[39;49;00m[100%] [32mterminology[39;49;00m
[1.843s] 
[1.858s] [01m正在生成索引... [39;49;00mgenindex 完成
[1.866s] [01m正在写入附加页面... [39;49;00msearch 完成
[1.867s] [2K[01m正在复制图像文件……[39;49;00m[ 50%] [33mautogenerate_groundtruth.png[39;49;00m
[1.867s] [2K[01m正在复制图像文件……[39;49;00m[100%] [33mhigh_level_system_overview.png[39;49;00m
[1.867s] 
[1.870s] [01m正在导出 English (code: en) 的搜索索引... [39;49;00m完成
[1.870s] [01m正在导出对象清单... [39;49;00m[ 15%] [32mBuilding CXX object CMakeFiles/cartographer.dir/cartographer/io/draw_trajectories.cc.o[0m
[1.871s] 完成
[1.871s] [01mbuild succeeded.[39;49;00m
[1.871s] 
[1.872s] HTML 页面保存在 html 目录。
[2.018s] [ 15%] [32mBuilding CXX object CMakeFiles/cartographer.dir/cartographer/io/file_writer.cc.o[0m
[2.129s] [ 15%] Built target build_doc
[2.151s] [ 16%] [32mBuilding CXX object CMakeFiles/cartographer.dir/cartographer/io/fixed_ratio_sampling_points_processor.cc.o[0m
[2.180s] [ 16%] [32mBuilding CXX object CMakeFiles/cartographer.dir/cartographer/io/frame_id_filtering_points_processor.cc.o[0m
[2.495s] [ 16%] [32mBuilding CXX object CMakeFiles/cartographer.dir/cartographer/io/hybrid_grid_points_processor.cc.o[0m
[2.720s] [ 16%] [32mBuilding CXX object CMakeFiles/cartographer.dir/cartographer/io/image.cc.o[0m
[2.886s] [ 17%] [32mBuilding CXX object CMakeFiles/cartographer.dir/cartographer/io/intensity_to_color_points_processor.cc.o[0m
[3.265s] [ 17%] [32mBuilding CXX object CMakeFiles/cartographer.dir/cartographer/io/internal/in_memory_proto_stream.cc.o[0m
[3.349s] [ 17%] [32mBuilding CXX object CMakeFiles/cartographer.dir/cartographer/io/internal/mapping_state_serialization.cc.o[0m
[3.354s] [ 17%] [32mBuilding CXX object CMakeFiles/cartographer.dir/cartographer/io/internal/pbstream_info.cc.o[0m
[3.669s] [ 18%] [32mBuilding CXX object CMakeFiles/cartographer.dir/cartographer/io/internal/pbstream_migrate.cc.o[0m
[3.993s] [ 18%] [32mBuilding CXX object CMakeFiles/cartographer.dir/cartographer/io/min_max_range_filtering_points_processor.cc.o[0m
[4.459s] [ 18%] [32mBuilding CXX object CMakeFiles/cartographer.dir/cartographer/io/outlier_removing_points_processor.cc.o[0m
[4.581s] [ 18%] [32mBuilding CXX object CMakeFiles/cartographer.dir/cartographer/io/pcd_writing_points_processor.cc.o[0m
[4.828s] [ 19%] [32mBuilding CXX object CMakeFiles/cartographer.dir/cartographer/io/ply_writing_points_processor.cc.o[0m
[4.861s] [ 19%] [32mBuilding CXX object CMakeFiles/cartographer.dir/cartographer/io/points_batch.cc.o[0m
[4.995s] [ 19%] [32mBuilding CXX object CMakeFiles/cartographer.dir/cartographer/io/points_processor_pipeline_builder.cc.o[0m
[5.861s] [ 19%] [32mBuilding CXX object CMakeFiles/cartographer.dir/cartographer/io/probability_grid_points_processor.cc.o[0m
[6.133s] [ 20%] [32mBuilding CXX object CMakeFiles/cartographer.dir/cartographer/io/proto_stream.cc.o[0m
[6.246s] [ 20%] [32mBuilding CXX object CMakeFiles/cartographer.dir/cartographer/io/proto_stream_deserializer.cc.o[0m
[6.317s] [ 20%] [32mBuilding CXX object CMakeFiles/cartographer.dir/cartographer/io/serialization_format_migration.cc.o[0m
[7.027s] [ 21%] [32mBuilding CXX object CMakeFiles/cartographer.dir/cartographer/io/submap_painter.cc.o[0m
[7.418s] [ 21%] [32mBuilding CXX object CMakeFiles/cartographer.dir/cartographer/io/vertical_range_filtering_points_processor.cc.o[0m
[7.430s] [ 21%] [32mBuilding CXX object CMakeFiles/cartographer.dir/cartographer/io/xray_points_processor.cc.o[0m
[7.874s] [ 21%] [32mBuilding CXX object CMakeFiles/cartographer.dir/cartographer/io/xyz_writing_points_processor.cc.o[0m
[8.649s] [ 22%] [32mBuilding CXX object CMakeFiles/cartographer.dir/cartographer/mapping/2d/grid_2d.cc.o[0m
[9.698s] [ 22%] [32mBuilding CXX object CMakeFiles/cartographer.dir/cartographer/mapping/2d/probability_grid.cc.o[0m
[10.058s] [ 22%] [32mBuilding CXX object CMakeFiles/cartographer.dir/cartographer/mapping/2d/probability_grid_range_data_inserter_2d.cc.o[0m
[10.573s] [ 22%] [32mBuilding CXX object CMakeFiles/cartographer.dir/cartographer/mapping/2d/submap_2d.cc.o[0m
[10.773s] [ 23%] [32mBuilding CXX object CMakeFiles/cartographer.dir/cartographer/mapping/3d/range_data_inserter_3d.cc.o[0m
[12.225s] [ 23%] [32mBuilding CXX object CMakeFiles/cartographer.dir/cartographer/mapping/3d/submap_3d.cc.o[0m
[12.236s] [ 23%] [32mBuilding CXX object CMakeFiles/cartographer.dir/cartographer/mapping/detect_floors.cc.o[0m
[12.660s] [ 23%] [32mBuilding CXX object CMakeFiles/cartographer.dir/cartographer/mapping/imu_tracker.cc.o[0m
[13.579s] [ 23%] [32m[1mLinking CXX static library ../lib/libgtest.a[0m
[13.659s] [ 24%] [32mBuilding CXX object CMakeFiles/cartographer.dir/cartographer/mapping/internal/2d/local_slam_result_2d.cc.o[0m
[13.698s] [ 24%] Built target gtest
[13.741s] [ 25%] [32mBuilding CXX object gmock/CMakeFiles/gmock.dir/src/gmock-all.cc.o[0m
[13.896s] [ 25%] [32mBuilding CXX object CMakeFiles/cartographer.dir/cartographer/mapping/internal/2d/local_trajectory_builder_2d.cc.o[0m
[13.958s] [ 25%] [32mBuilding CXX object CMakeFiles/cartographer.dir/cartographer/mapping/internal/2d/local_trajectory_builder_options_2d.cc.o[0m
[14.325s] [ 25%] [32mBuilding CXX object CMakeFiles/cartographer.dir/cartographer/mapping/internal/2d/normal_estimation_2d.cc.o[0m
[15.108s] [ 26%] [32mBuilding CXX object CMakeFiles/cartographer.dir/cartographer/mapping/internal/2d/overlapping_submaps_trimmer_2d.cc.o[0m
[15.652s] [ 26%] [32mBuilding CXX object CMakeFiles/cartographer.dir/cartographer/mapping/internal/2d/pose_graph_2d.cc.o[0m
[15.953s] [ 26%] [32mBuilding CXX object CMakeFiles/cartographer.dir/cartographer/mapping/internal/2d/ray_to_pixel_mask.cc.o[0m
[16.114s] [ 26%] [32mBuilding CXX object CMakeFiles/cartographer.dir/cartographer/mapping/internal/2d/scan_matching/ceres_scan_matcher_2d.cc.o[0m
[16.463s] [ 26%] [32m[1mLinking CXX static library ../lib/libgmock.a[0m
[16.575s] [ 26%] Built target gmock
[16.622s] [ 26%] [32mBuilding CXX object gmock/CMakeFiles/gmock_main.dir/src/gmock_main.cc.o[0m
[16.654s] [ 27%] [32mBuilding CXX object CMakeFiles/cartographer.dir/cartographer/mapping/internal/2d/scan_matching/correlative_scan_matcher_2d.cc.o[0m
[16.806s] [ 27%] [32mBuilding CXX object CMakeFiles/cartographer.dir/cartographer/mapping/internal/2d/scan_matching/fast_correlative_scan_matcher_2d.cc.o[0m
[17.038s] [ 27%] [32mBuilding CXX object CMakeFiles/cartographer.dir/cartographer/mapping/internal/2d/scan_matching/occupied_space_cost_function_2d.cc.o[0m
[17.446s] [ 27%] [32m[1mLinking CXX static library ../lib/libgmock_main.a[0m
[17.521s] [ 27%] [32mBuilding CXX object CMakeFiles/cartographer.dir/cartographer/mapping/internal/2d/scan_matching/real_time_correlative_scan_matcher_2d.cc.o[0m
[17.555s] [ 27%] Built target gmock_main
[17.575s] [ 28%] [32mBuilding CXX object CMakeFiles/cartographer.dir/cartographer/mapping/internal/2d/tsd_value_converter.cc.o[0m
[17.575s] [ 28%] [32mBuilding CXX object CMakeFiles/cartographer.dir/cartographer/mapping/internal/2d/scan_matching/tsdf_match_cost_function_2d.cc.o[0m
[17.938s] [ 28%] [32mBuilding CXX object CMakeFiles/cartographer.dir/cartographer/mapping/internal/2d/tsdf_2d.cc.o[0m
[18.094s] [ 28%] [32mBuilding CXX object CMakeFiles/cartographer.dir/cartographer/mapping/internal/2d/tsdf_range_data_inserter_2d.cc.o[0m
[18.098s] [ 29%] [32mBuilding CXX object CMakeFiles/cartographer.dir/cartographer/mapping/internal/3d/local_slam_result_3d.cc.o[0m
[19.487s] [ 29%] [32mBuilding CXX object CMakeFiles/cartographer.dir/cartographer/mapping/internal/3d/local_trajectory_builder_3d.cc.o[0m
[19.543s] [ 29%] [32mBuilding CXX object CMakeFiles/cartographer.dir/cartographer/mapping/internal/3d/local_trajectory_builder_options_3d.cc.o[0m
[20.153s] [ 29%] [32mBuilding CXX object CMakeFiles/cartographer.dir/cartographer/mapping/internal/3d/pose_graph_3d.cc.o[0m
[20.607s] [ 30%] [32mBuilding CXX object CMakeFiles/cartographer.dir/cartographer/mapping/internal/3d/scan_matching/ceres_scan_matcher_3d.cc.o[0m
[21.318s] [ 30%] [32mBuilding CXX object CMakeFiles/cartographer.dir/cartographer/mapping/internal/3d/scan_matching/fast_correlative_scan_matcher_3d.cc.o[0m
[21.369s] [ 30%] [32mBuilding CXX object CMakeFiles/cartographer.dir/cartographer/mapping/internal/3d/scan_matching/intensity_cost_function_3d.cc.o[0m
[21.394s] [ 30%] [32mBuilding CXX object CMakeFiles/cartographer.dir/cartographer/mapping/internal/3d/scan_matching/low_resolution_matcher.cc.o[0m
[21.591s] [ 31%] [32mBuilding CXX object CMakeFiles/cartographer.dir/cartographer/mapping/internal/3d/scan_matching/precomputation_grid_3d.cc.o[0m
[21.762s] [ 31%] [32mBuilding CXX object CMakeFiles/cartographer.dir/cartographer/mapping/internal/3d/scan_matching/real_time_correlative_scan_matcher_3d.cc.o[0m
[21.818s] [ 31%] [32mBuilding CXX object CMakeFiles/cartographer.dir/cartographer/mapping/internal/3d/scan_matching/rotational_scan_matcher.cc.o[0m
[22.111s] [ 32%] [32mBuilding CXX object CMakeFiles/cartographer.dir/cartographer/mapping/internal/collated_trajectory_builder.cc.o[0m
[22.594s] [ 32%] [32mBuilding CXX object CMakeFiles/cartographer.dir/cartographer/mapping/internal/connected_components.cc.o[0m
[23.182s] [ 32%] [32mBuilding CXX object CMakeFiles/cartographer.dir/cartographer/mapping/internal/constraints/constraint_builder.cc.o[0m
[23.967s] [ 32%] [32mBuilding CXX object CMakeFiles/cartographer.dir/cartographer/mapping/internal/constraints/constraint_builder_2d.cc.o[0m
[24.144s] [ 33%] [32mBuilding CXX object CMakeFiles/cartographer.dir/cartographer/mapping/internal/constraints/constraint_builder_3d.cc.o[0m
[24.494s] [ 33%] [32mBuilding CXX object CMakeFiles/cartographer.dir/cartographer/mapping/internal/eigen_quaterniond_from_two_vectors.cc.o[0m
[25.153s] [ 33%] [32mBuilding CXX object CMakeFiles/cartographer.dir/cartographer/mapping/internal/global_trajectory_builder.cc.o[0m
[25.228s] [ 33%] [32mBuilding CXX object CMakeFiles/cartographer.dir/cartographer/mapping/internal/imu_based_pose_extrapolator.cc.o[0m
[25.760s] [ 34%] [32mBuilding CXX object CMakeFiles/cartographer.dir/cartographer/mapping/internal/motion_filter.cc.o[0m
[26.011s] [ 34%] [32mBuilding CXX object CMakeFiles/cartographer.dir/cartographer/mapping/internal/optimization/ceres_pose.cc.o[0m
[26.137s] [ 34%] [32mBuilding CXX object CMakeFiles/cartographer.dir/cartographer/mapping/internal/optimization/cost_functions/spa_cost_function_2d.cc.o[0m
[27.017s] [ 34%] [32mBuilding CXX object CMakeFiles/cartographer.dir/cartographer/mapping/internal/optimization/optimization_problem_2d.cc.o[0m
[27.032s] [ 35%] [32mBuilding CXX object CMakeFiles/cartographer.dir/cartographer/mapping/internal/optimization/optimization_problem_3d.cc.o[0m
[27.147s] [ 35%] [32mBuilding CXX object CMakeFiles/cartographer.dir/cartographer/mapping/internal/optimization/optimization_problem_options.cc.o[0m
[27.345s] [ 35%] [32mBuilding CXX object CMakeFiles/cartographer.dir/cartographer/mapping/internal/range_data_collator.cc.o[0m
[27.473s] [ 35%] [32mBuilding CXX object CMakeFiles/cartographer.dir/cartographer/mapping/internal/scan_matching/real_time_correlative_scan_matcher.cc.o[0m
[27.548s] [ 36%] [32mBuilding CXX object CMakeFiles/cartographer.dir/cartographer/mapping/internal/submap_controller.cc.o[0m
[28.585s] [ 36%] [32mBuilding CXX object CMakeFiles/cartographer.dir/cartographer/mapping/internal/trajectory_connectivity_state.cc.o[0m
[28.849s] [ 36%] [32mBuilding CXX object CMakeFiles/cartographer.dir/cartographer/mapping/map_builder.cc.o[0m
[28.973s] [ 36%] [32mBuilding CXX object CMakeFiles/cartographer.dir/cartographer/mapping/map_builder_interface.cc.o[0m
[29.134s] [ 37%] [32mBuilding CXX object CMakeFiles/cartographer.dir/cartographer/mapping/pose_extrapolator.cc.o[0m
[29.871s] [ 37%] [32mBuilding CXX object CMakeFiles/cartographer.dir/cartographer/mapping/pose_extrapolator_interface.cc.o[0m
[30.276s] [ 37%] [32mBuilding CXX object CMakeFiles/cartographer.dir/cartographer/mapping/pose_graph.cc.o[0m
[30.474s] [ 37%] [32mBuilding CXX object CMakeFiles/cartographer.dir/cartographer/mapping/pose_graph_trimmer.cc.o[0m
[31.449s] [ 38%] [32mBuilding CXX object CMakeFiles/cartographer.dir/cartographer/mapping/probability_values.cc.o[0m
[31.459s] [ 38%] [32mBuilding CXX object CMakeFiles/cartographer.dir/cartographer/mapping/range_data_inserter_interface.cc.o[0m
[32.005s] [ 38%] [32mBuilding CXX object CMakeFiles/cartographer.dir/cartographer/mapping/trajectory_builder_interface.cc.o[0m
[32.151s] [ 38%] [32mBuilding CXX object CMakeFiles/cartographer.dir/cartographer/mapping/trajectory_node.cc.o[0m
[32.251s] [ 39%] [32mBuilding CXX object CMakeFiles/cartographer.dir/cartographer/mapping/value_conversion_tables.cc.o[0m
[32.328s] [ 39%] [32mBuilding CXX object CMakeFiles/cartographer.dir/cartographer/metrics/counter.cc.o[0m
[32.374s] [ 39%] [32mBuilding CXX object CMakeFiles/cartographer.dir/cartographer/metrics/gauge.cc.o[0m
[32.547s] [ 39%] [32mBuilding CXX object CMakeFiles/cartographer.dir/cartographer/metrics/histogram.cc.o[0m
[32.646s] [ 40%] [32mBuilding CXX object CMakeFiles/cartographer.dir/cartographer/metrics/register.cc.o[0m
[32.876s] [ 40%] [32mBuilding CXX object CMakeFiles/cartographer.dir/cartographer/sensor/compressed_point_cloud.cc.o[0m
[33.112s] [ 40%] [32mBuilding CXX object CMakeFiles/cartographer.dir/cartographer/sensor/fixed_frame_pose_data.cc.o[0m
[33.128s] [ 40%] [32mBuilding CXX object CMakeFiles/cartographer.dir/cartographer/sensor/imu_data.cc.o[0m
[33.936s] [ 41%] [32mBuilding CXX object CMakeFiles/cartographer.dir/cartographer/sensor/internal/collator.cc.o[0m
[33.962s] [ 41%] [32mBuilding CXX object CMakeFiles/cartographer.dir/cartographer/sensor/internal/ordered_multi_queue.cc.o[0m
[34.046s] [ 41%] [32mBuilding CXX object CMakeFiles/cartographer.dir/cartographer/sensor/internal/trajectory_collator.cc.o[0m
[34.259s] [ 42%] [32mBuilding CXX object CMakeFiles/cartographer.dir/cartographer/sensor/internal/voxel_filter.cc.o[0m
[34.458s] [ 42%] [32mBuilding CXX object CMakeFiles/cartographer.dir/cartographer/sensor/landmark_data.cc.o[0m
[34.893s] [ 42%] [32mBuilding CXX object CMakeFiles/cartographer.dir/cartographer/sensor/odometry_data.cc.o[0m
[35.075s] [ 42%] [32mBuilding CXX object CMakeFiles/cartographer.dir/cartographer/sensor/point_cloud.cc.o[0m
[35.811s] [ 43%] [32mBuilding CXX object CMakeFiles/cartographer.dir/cartographer/sensor/range_data.cc.o[0m
[36.212s] [ 43%] [32mBuilding CXX object CMakeFiles/cartographer.dir/cartographer/sensor/timed_point_cloud_data.cc.o[0m
[36.244s] [ 43%] [32mBuilding CXX object CMakeFiles/cartographer.dir/cartographer/transform/rigid_transform.cc.o[0m
[36.548s] [ 43%] [32mBuilding CXX object CMakeFiles/cartographer.dir/cartographer/transform/timestamped_transform.cc.o[0m
[36.906s] [ 44%] [32mBuilding CXX object CMakeFiles/cartographer.dir/cartographer/transform/transform.cc.o[0m
[37.358s] [ 44%] [32mBuilding CXX object CMakeFiles/cartographer.dir/cartographer/transform/transform_interpolation_buffer.cc.o[0m
[37.365s] [ 44%] [32mBuilding CXX object CMakeFiles/cartographer.dir/cartographer/common/proto/ceres_solver_options.pb.cc.o[0m
[37.479s] [ 44%] [32mBuilding CXX object CMakeFiles/cartographer.dir/cartographer/ground_truth/proto/relations.pb.cc.o[0m
[37.568s] [ 45%] [32mBuilding CXX object CMakeFiles/cartographer.dir/cartographer/mapping/proto/cell_limits_2d.pb.cc.o[0m
[37.742s] [ 45%] [32mBuilding CXX object CMakeFiles/cartographer.dir/cartographer/mapping/proto/connected_components.pb.cc.o[0m
[38.041s] [ 45%] [32mBuilding CXX object CMakeFiles/cartographer.dir/cartographer/mapping/proto/grid_2d.pb.cc.o[0m
[38.072s] [ 45%] [32mBuilding CXX object CMakeFiles/cartographer.dir/cartographer/mapping/proto/grid_2d_options.pb.cc.o[0m
[38.295s] [ 46%] [32mBuilding CXX object CMakeFiles/cartographer.dir/cartographer/mapping/proto/hybrid_grid.pb.cc.o[0m
[38.303s] [ 46%] [32mBuilding CXX object CMakeFiles/cartographer.dir/cartographer/mapping/proto/local_trajectory_builder_options_2d.pb.cc.o[0m
[38.529s] [ 46%] [32mBuilding CXX object CMakeFiles/cartographer.dir/cartographer/mapping/proto/local_trajectory_builder_options_3d.pb.cc.o[0m
[38.642s] [ 46%] [32mBuilding CXX object CMakeFiles/cartographer.dir/cartographer/mapping/proto/map_builder_options.pb.cc.o[0m
[38.747s] [ 47%] [32mBuilding CXX object CMakeFiles/cartographer.dir/cartographer/mapping/proto/map_limits.pb.cc.o[0m
[38.812s] [ 47%] [32mBuilding CXX object CMakeFiles/cartographer.dir/cartographer/mapping/proto/motion_filter_options.pb.cc.o[0m
[38.936s] [ 47%] [32mBuilding CXX object CMakeFiles/cartographer.dir/cartographer/mapping/proto/normal_estimation_options_2d.pb.cc.o[0m
[39.063s] [ 47%] [32mBuilding CXX object CMakeFiles/cartographer.dir/cartographer/mapping/proto/pose_extrapolator_options.pb.cc.o[0m
[39.185s] [ 48%] [32mBuilding CXX object CMakeFiles/cartographer.dir/cartographer/mapping/proto/pose_graph.pb.cc.o[0m
[39.223s] [ 48%] [32mBuilding CXX object CMakeFiles/cartographer.dir/cartographer/mapping/proto/pose_graph/constraint_builder_options.pb.cc.o[0m
[39.301s] [ 48%] [32mBuilding CXX object CMakeFiles/cartographer.dir/cartographer/mapping/proto/pose_graph/optimization_problem_options.pb.cc.o[0m
[39.390s] [ 48%] [32mBuilding CXX object CMakeFiles/cartographer.dir/cartographer/mapping/proto/pose_graph_options.pb.cc.o[0m
[39.398s] [ 49%] [32mBuilding CXX object CMakeFiles/cartographer.dir/cartographer/mapping/proto/probability_grid.pb.cc.o[0m
[39.557s] [ 49%] [32mBuilding CXX object CMakeFiles/cartographer.dir/cartographer/mapping/proto/probability_grid_range_data_inserter_options_2d.pb.cc.o[0m
[39.750s] [ 49%] [32mBuilding CXX object CMakeFiles/cartographer.dir/cartographer/mapping/proto/range_data_inserter_options.pb.cc.o[0m
[39.771s] [ 49%] [32mBuilding CXX object CMakeFiles/cartographer.dir/cartographer/mapping/proto/range_data_inserter_options_3d.pb.cc.o[0m
[39.794s] [ 50%] [32mBuilding CXX object CMakeFiles/cartographer.dir/cartographer/mapping/proto/scan_matching/ceres_scan_matcher_options_2d.pb.cc.o[0m
[39.849s] [ 50%] [32mBuilding CXX object CMakeFiles/cartographer.dir/cartographer/mapping/proto/scan_matching/ceres_scan_matcher_options_3d.pb.cc.o[0m
[39.897s] [ 50%] [32mBuilding CXX object CMakeFiles/cartographer.dir/cartographer/mapping/proto/scan_matching/fast_correlative_scan_matcher_options_2d.pb.cc.o[0m
[39.907s] [ 50%] [32mBuilding CXX object CMakeFiles/cartographer.dir/cartographer/mapping/proto/scan_matching/fast_correlative_scan_matcher_options_3d.pb.cc.o[0m
[40.085s] [ 51%] [32mBuilding CXX object CMakeFiles/cartographer.dir/cartographer/mapping/proto/scan_matching/real_time_correlative_scan_matcher_options.pb.cc.o[0m
[40.273s] [ 51%] [32mBuilding CXX object CMakeFiles/cartographer.dir/cartographer/mapping/proto/serialization.pb.cc.o[0m
[40.297s] [ 51%] [32mBuilding CXX object CMakeFiles/cartographer.dir/cartographer/mapping/proto/submap.pb.cc.o[0m
[40.375s] [ 52%] [32mBuilding CXX object CMakeFiles/cartographer.dir/cartographer/mapping/proto/submap_visualization.pb.cc.o[0m
[40.431s] [ 52%] [32mBuilding CXX object CMakeFiles/cartographer.dir/cartographer/mapping/proto/submaps_options_2d.pb.cc.o[0m
[40.633s] [ 52%] [32mBuilding CXX object CMakeFiles/cartographer.dir/cartographer/mapping/proto/submaps_options_3d.pb.cc.o[0m
[40.643s] [ 52%] [32mBuilding CXX object CMakeFiles/cartographer.dir/cartographer/mapping/proto/trajectory.pb.cc.o[0m
[40.650s] [ 53%] [32mBuilding CXX object CMakeFiles/cartographer.dir/cartographer/mapping/proto/trajectory_builder_options.pb.cc.o[0m
[40.692s] [ 53%] [32mBuilding CXX object CMakeFiles/cartographer.dir/cartographer/mapping/proto/trajectory_node_data.pb.cc.o[0m
[40.821s] [ 53%] [32mBuilding CXX object CMakeFiles/cartographer.dir/cartographer/mapping/proto/tsdf_2d.pb.cc.o[0m
[40.832s] [ 53%] [32mBuilding CXX object CMakeFiles/cartographer.dir/cartographer/mapping/proto/tsdf_range_data_inserter_options_2d.pb.cc.o[0m
[40.880s] [ 54%] [32mBuilding CXX object CMakeFiles/cartographer.dir/cartographer/sensor/proto/adaptive_voxel_filter_options.pb.cc.o[0m
[40.944s] [ 54%] [32mBuilding CXX object CMakeFiles/cartographer.dir/cartographer/sensor/proto/sensor.pb.cc.o[0m
[40.951s] [ 54%] [32mBuilding CXX object CMakeFiles/cartographer.dir/cartographer/transform/proto/timestamped_transform.pb.cc.o[0m
[41.027s] [ 54%] [32mBuilding CXX object CMakeFiles/cartographer.dir/cartographer/transform/proto/transform.pb.cc.o[0m
[43.098s] [ 55%] [32m[1mLinking CXX static library libcartographer.a[0m
[43.204s] [ 55%] Built target cartographer
[43.217s] [ 56%] [32mBuilding CXX object CMakeFiles/cartographer_test_library.dir/cartographer/io/fake_file_writer.cc.o[0m
[43.217s] [ 56%] [32mBuilding CXX object CMakeFiles/cartographer_test_library.dir/cartographer/io/internal/testing/test_helpers.cc.o[0m
[43.217s] [ 56%] [32mBuilding CXX object CMakeFiles/cartographer_print_configuration.dir/cartographer/common/print_configuration_main.cc.o[0m
[43.217s] [ 56%] [32mBuilding CXX object CMakeFiles/cartographer_pbstream.dir/cartographer/io/pbstream_main.cc.o[0m
[43.217s] [ 56%] [32mBuilding CXX object CMakeFiles/cartographer_compute_relations_metrics.dir/cartographer/ground_truth/compute_relations_metrics_main.cc.o[0m
[43.217s] [ 56%] [32mBuilding CXX object CMakeFiles/cartographer_test_library.dir/cartographer/io/fake_file_writer_test.cc.o[0m
[43.219s] [ 56%] [32mBuilding CXX object CMakeFiles/cartographer_test_library.dir/cartographer/mapping/internal/testing/test_helpers.cc.o[0m
[43.222s] [ 56%] [32mBuilding CXX object CMakeFiles/cartographer_autogenerate_ground_truth.dir/cartographer/ground_truth/autogenerate_ground_truth_main.cc.o[0m
[43.709s] [ 57%] [32m[1mLinking CXX executable cartographer_pbstream[0m
[43.897s] [ 57%] Built target cartographer_pbstream
[44.111s] [ 57%] [32m[1mLinking CXX executable cartographer_print_configuration[0m
[44.220s] [ 57%] Built target cartographer_print_configuration
[45.055s] [ 58%] [32m[1mLinking CXX executable cartographer_autogenerate_ground_truth[0m
[45.182s] [ 58%] Built target cartographer_autogenerate_ground_truth
[45.405s] [ 58%] [32m[1mLinking CXX static library libcartographer_test_library.a[0m
[45.443s] [ 58%] Built target cartographer_test_library
[45.465s] [ 58%] [32mBuilding CXX object CMakeFiles/cartographer.common.task_test.dir/cartographer/common/task_test.cc.o[0m
[45.465s] [ 58%] [32mBuilding CXX object CMakeFiles/cartographer.common.internal.rate_timer_test.dir/cartographer/common/internal/rate_timer_test.cc.o[0m
[45.466s] [ 58%] [32mBuilding CXX object CMakeFiles/cartographer.io.points_processor_pipeline_builder_test.dir/cartographer/io/points_processor_pipeline_builder_test.cc.o[0m
[45.466s] [ 58%] [32mBuilding CXX object CMakeFiles/cartographer.common.configuration_files_test.dir/cartographer/common/configuration_files_test.cc.o[0m
[45.466s] [ 58%] [32mBuilding CXX object CMakeFiles/cartographer.common.fixed_ratio_sampler_test.dir/cartographer/common/fixed_ratio_sampler_test.cc.o[0m
[45.466s] [ 58%] [32mBuilding CXX object CMakeFiles/cartographer.common.lua_parameter_dictionary_test.dir/cartographer/common/lua_parameter_dictionary_test.cc.o[0m
[45.466s] [ 58%] [32mBuilding CXX object CMakeFiles/cartographer.io.internal.in_memory_proto_stream_test.dir/cartographer/io/internal/in_memory_proto_stream_test.cc.o[0m
[45.466s] [ 58%] [32mBuilding CXX object CMakeFiles/cartographer.common.math_test.dir/cartographer/common/math_test.cc.o[0m
[45.466s] [ 58%] [32mBuilding CXX object CMakeFiles/cartographer.common.internal.blocking_queue_test.dir/cartographer/common/internal/blocking_queue_test.cc.o[0m
[45.467s] [ 58%] [32mBuilding CXX object CMakeFiles/cartographer.io.probability_grid_points_processor_test.dir/cartographer/io/probability_grid_points_processor_test.cc.o[0m
[45.467s] [ 59%] [32mBuilding CXX object CMakeFiles/cartographer.io.proto_stream_deserializer_test.dir/cartographer/io/proto_stream_deserializer_test.cc.o[0m
[45.467s] [ 59%] [32mBuilding CXX object CMakeFiles/cartographer.io.proto_stream_test.dir/cartographer/io/proto_stream_test.cc.o[0m
[45.468s] [ 59%] [32mBuilding CXX object CMakeFiles/cartographer.io.fake_file_writer_test.dir/cartographer/io/fake_file_writer_test.cc.o[0m
[45.468s] [ 59%] [32mBuilding CXX object CMakeFiles/cartographer.common.thread_pool_test.dir/cartographer/common/thread_pool_test.cc.o[0m
[45.468s] [ 59%] [32mBuilding CXX object CMakeFiles/cartographer.io.serialization_format_migration_test.dir/cartographer/io/serialization_format_migration_test.cc.o[0m
[45.600s] [ 59%] [32m[1mLinking CXX executable cartographer_compute_relations_metrics[0m
[45.803s] [ 59%] Built target cartographer_compute_relations_metrics
[45.823s] [ 60%] [32mBuilding CXX object CMakeFiles/cartographer.mapping.2d.map_limits_test.dir/cartographer/mapping/2d/map_limits_test.cc.o[0m
[47.381s] [ 61%] [32m[1mLinking CXX executable cartographer.common.fixed_ratio_sampler_test[0m
[47.590s] [ 61%] Built target cartographer.common.fixed_ratio_sampler_test
[47.623s] [ 62%] [32mBuilding CXX object CMakeFiles/cartographer.mapping.2d.probability_grid_test.dir/cartographer/mapping/2d/probability_grid_test.cc.o[0m
[47.627s] [ 62%] [32m[1mLinking CXX executable cartographer.common.thread_pool_test[0m
[47.666s] [ 62%] [32m[1mLinking CXX executable cartographer.io.proto_stream_test[0m
[47.797s] [ 62%] [32m[1mLinking CXX executable cartographer.io.fake_file_writer_test[0m
[47.816s] [ 63%] [32m[1mLinking CXX executable cartographer.io.internal.in_memory_proto_stream_test[0m
[47.816s] [ 63%] Built target cartographer.common.thread_pool_test
[47.843s] [ 64%] [32mBuilding CXX object CMakeFiles/cartographer.mapping.2d.range_data_inserter_2d_test.dir/cartographer/mapping/2d/range_data_inserter_2d_test.cc.o[0m
[47.912s] [ 64%] Built target cartographer.io.proto_stream_test
[47.943s] [ 64%] [32mBuilding CXX object CMakeFiles/cartographer.mapping.2d.submap_2d_test.dir/cartographer/mapping/2d/submap_2d_test.cc.o[0m
[48.021s] [ 65%] [32m[1mLinking CXX executable cartographer.common.math_test[0m
[48.066s] [ 65%] Built target cartographer.io.fake_file_writer_test
[48.095s] [ 65%] Built target cartographer.io.internal.in_memory_proto_stream_test
[48.112s] [ 66%] [32mBuilding CXX object CMakeFiles/cartographer.mapping.2d.xy_index_test.dir/cartographer/mapping/2d/xy_index_test.cc.o[0m
[48.132s] [ 66%] [32mBuilding CXX object CMakeFiles/cartographer.mapping.3d.hybrid_grid_test.dir/cartographer/mapping/3d/hybrid_grid_test.cc.o[0m
[48.215s] [ 67%] [32m[1mLinking CXX executable cartographer.common.internal.rate_timer_test[0m
[48.229s] [ 67%] Built target cartographer.common.math_test
[48.256s] [ 68%] [32mBuilding CXX object CMakeFiles/cartographer.mapping.3d.range_data_inserter_3d_test.dir/cartographer/mapping/3d/range_data_inserter_3d_test.cc.o[0m
[48.412s] [ 68%] Built target cartographer.common.internal.rate_timer_test
[48.461s] [ 68%] [32mBuilding CXX object CMakeFiles/cartographer.mapping.3d.submap_3d_test.dir/cartographer/mapping/3d/submap_3d_test.cc.o[0m
[48.549s] [ 68%] [32m[1mLinking CXX executable cartographer.common.internal.blocking_queue_test[0m
[48.719s] [ 68%] Built target cartographer.common.internal.blocking_queue_test
[48.750s] [ 69%] [32mBuilding CXX object CMakeFiles/cartographer.mapping.id_test.dir/cartographer/mapping/id_test.cc.o[0m
[48.752s] [ 69%] [32m[1mLinking CXX executable cartographer.io.proto_stream_deserializer_test[0m
[48.756s] [ 69%] [32m[1mLinking CXX executable cartographer.common.lua_parameter_dictionary_test[0m
[48.927s] [ 69%] Built target cartographer.common.lua_parameter_dictionary_test
[48.971s] [ 69%] [32mBuilding CXX object CMakeFiles/cartographer.mapping.imu_tracker_test.dir/cartographer/mapping/imu_tracker_test.cc.o[0m
[48.976s] [ 69%] [32m[1mLinking CXX executable cartographer.io.points_processor_pipeline_builder_test[0m
[48.993s] [ 69%] [32m[1mLinking CXX executable cartographer.common.task_test[0m
[49.082s] [ 69%] Built target cartographer.io.proto_stream_deserializer_test
[49.125s] [ 70%] [32mBuilding CXX object CMakeFiles/cartographer.mapping.internal.2d.normal_estimation_2d_test.dir/cartographer/mapping/internal/2d/normal_estimation_2d_test.cc.o[0m
[49.188s] [ 70%] Built target cartographer.common.task_test
[49.233s] [ 70%] [32mBuilding CXX object CMakeFiles/cartographer.mapping.internal.2d.overlapping_submaps_trimmer_2d_test.dir/cartographer/mapping/internal/2d/overlapping_submaps_trimmer_2d_test.cc.o[0m
[49.256s] [ 70%] Built target cartographer.io.points_processor_pipeline_builder_test
[49.297s] [ 71%] [32mBuilding CXX object CMakeFiles/cartographer.mapping.internal.2d.pose_graph_2d_test.dir/cartographer/mapping/internal/2d/pose_graph_2d_test.cc.o[0m
[49.403s] [ 71%] [32m[1mLinking CXX executable cartographer.common.configuration_files_test[0m
[49.590s] [ 71%] [32m[1mLinking CXX executable cartographer.io.serialization_format_migration_test[0m
[49.816s] [ 71%] Built target cartographer.common.configuration_files_test
[49.857s] [ 71%] [32mBuilding CXX object CMakeFiles/cartographer.mapping.internal.2d.ray_to_pixel_mask_test.dir/cartographer/mapping/internal/2d/ray_to_pixel_mask_test.cc.o[0m
[49.934s] [ 71%] [32m[1mLinking CXX executable cartographer.mapping.2d.map_limits_test[0m
[50.120s] [ 71%] Built target cartographer.mapping.2d.map_limits_test
[50.145s] [ 72%] [32mBuilding CXX object CMakeFiles/cartographer.mapping.internal.2d.scan_matching.ceres_scan_matcher_2d_test.dir/cartographer/mapping/internal/2d/scan_matching/ceres_scan_matcher_2d_test.cc.o[0m
[50.186s] [ 72%] Built target cartographer.io.serialization_format_migration_test
[50.218s] [ 72%] [32mBuilding CXX object CMakeFiles/cartographer.mapping.internal.2d.scan_matching.correlative_scan_matcher_test.dir/cartographer/mapping/internal/2d/scan_matching/correlative_scan_matcher_test.cc.o[0m
[51.124s] [ 73%] [32m[1mLinking CXX executable cartographer.io.probability_grid_points_processor_test[0m
[51.448s] [ 73%] Built target cartographer.io.probability_grid_points_processor_test
[51.472s] [ 74%] [32mBuilding CXX object CMakeFiles/cartographer.mapping.internal.2d.scan_matching.fast_correlative_scan_matcher_2d_test.dir/cartographer/mapping/internal/2d/scan_matching/fast_correlative_scan_matcher_2d_test.cc.o[0m
[51.535s] [ 74%] [32m[1mLinking CXX executable cartographer.mapping.2d.xy_index_test[0m
[51.728s] [ 74%] Built target cartographer.mapping.2d.xy_index_test
[51.761s] [ 74%] [32mBuilding CXX object CMakeFiles/cartographer.mapping.internal.2d.scan_matching.interpolated_tsdf_2d_test.dir/cartographer/mapping/internal/2d/scan_matching/interpolated_tsdf_2d_test.cc.o[0m
[52.011s] [ 74%] [32m[1mLinking CXX executable cartographer.mapping.imu_tracker_test[0m
[52.105s] [ 74%] [32m[1mLinking CXX executable cartographer.mapping.2d.probability_grid_test[0m
[52.222s] [ 74%] Built target cartographer.mapping.imu_tracker_test
[52.246s] [ 74%] [32mBuilding CXX object CMakeFiles/cartographer.mapping.internal.2d.scan_matching.occupied_space_cost_function_2d_test.dir/cartographer/mapping/internal/2d/scan_matching/occupied_space_cost_function_2d_test.cc.o[0m
[52.347s] [ 74%] [32m[1mLinking CXX executable cartographer.mapping.2d.range_data_inserter_2d_test[0m
[52.359s] [ 74%] Built target cartographer.mapping.2d.probability_grid_test
[52.392s] [ 74%] [32mBuilding CXX object CMakeFiles/cartographer.mapping.internal.2d.scan_matching.real_time_correlative_scan_matcher_2d_test.dir/cartographer/mapping/internal/2d/scan_matching/real_time_correlative_scan_matcher_2d_test.cc.o[0m
[52.525s] [ 74%] Built target cartographer.mapping.2d.range_data_inserter_2d_test
[52.560s] [ 74%] [32mBuilding CXX object CMakeFiles/cartographer.mapping.internal.2d.scan_matching.tsdf_match_cost_function_2d_test.dir/cartographer/mapping/internal/2d/scan_matching/tsdf_match_cost_function_2d_test.cc.o[0m
[52.570s] [ 74%] [32m[1mLinking CXX executable cartographer.mapping.3d.range_data_inserter_3d_test[0m
[52.731s] [ 74%] Built target cartographer.mapping.3d.range_data_inserter_3d_test
[52.763s] [ 74%] [32mBuilding CXX object CMakeFiles/cartographer.mapping.internal.2d.tsd_value_converter_test.dir/cartographer/mapping/internal/2d/tsd_value_converter_test.cc.o[0m
[53.262s] [ 74%] [32m[1mLinking CXX executable cartographer.mapping.2d.submap_2d_test[0m
[53.574s] [ 74%] [32m[1mLinking CXX executable cartographer.mapping.internal.2d.normal_estimation_2d_test[0m
[53.588s] [ 74%] [32m[1mLinking CXX executable cartographer.mapping.id_test[0m
[53.588s] [ 74%] Built target cartographer.mapping.2d.submap_2d_test
[53.612s] [ 74%] [32mBuilding CXX object CMakeFiles/cartographer.mapping.internal.2d.tsdf_2d_test.dir/cartographer/mapping/internal/2d/tsdf_2d_test.cc.o[0m
[53.747s] [ 74%] Built target cartographer.mapping.id_test
[53.765s] [ 74%] Built target cartographer.mapping.internal.2d.normal_estimation_2d_test
[53.771s] [ 74%] [32mBuilding CXX object CMakeFiles/cartographer.mapping.internal.2d.tsdf_range_data_inserter_2d_test.dir/cartographer/mapping/internal/2d/tsdf_range_data_inserter_2d_test.cc.o[0m
[53.804s] [ 74%] [32mBuilding CXX object CMakeFiles/cartographer.mapping.internal.3d.local_trajectory_builder_3d_test.dir/cartographer/mapping/internal/3d/local_trajectory_builder_3d_test.cc.o[0m
[54.119s] [ 74%] [32m[1mLinking CXX executable cartographer.mapping.3d.submap_3d_test[0m
[54.389s] [ 74%] Built target cartographer.mapping.3d.submap_3d_test
[54.417s] [ 74%] [32m[1mLinking CXX executable cartographer.mapping.internal.2d.scan_matching.correlative_scan_matcher_test[0m
[54.434s] [ 74%] [32mBuilding CXX object CMakeFiles/cartographer.mapping.internal.3d.pose_graph_3d_test.dir/cartographer/mapping/internal/3d/pose_graph_3d_test.cc.o[0m
[54.616s] [ 74%] Built target cartographer.mapping.internal.2d.scan_matching.correlative_scan_matcher_test
[54.673s] [ 74%] [32mBuilding CXX object CMakeFiles/cartographer.mapping.internal.3d.rotation_parameterization_test.dir/cartographer/mapping/internal/3d/rotation_parameterization_test.cc.o[0m
[54.713s] [ 74%] [32m[1mLinking CXX executable cartographer.mapping.internal.3d.rotation_parameterization_test[0m
[54.806s] [ 74%] [32m[1mLinking CXX executable cartographer.mapping.internal.2d.scan_matching.ceres_scan_matcher_2d_test[0m
[54.890s] [ 74%] Built target cartographer.mapping.internal.3d.rotation_parameterization_test
[54.927s] [ 74%] [32m[1mLinking CXX executable cartographer.mapping.3d.hybrid_grid_test[0m
[54.938s] [ 74%] [32mBuilding CXX object CMakeFiles/cartographer.mapping.internal.3d.scan_matching.ceres_scan_matcher_3d_test.dir/cartographer/mapping/internal/3d/scan_matching/ceres_scan_matcher_3d_test.cc.o[0m
[55.067s] [ 74%] Built target cartographer.mapping.internal.2d.scan_matching.ceres_scan_matcher_2d_test
[55.094s] [ 74%] [32mBuilding CXX object CMakeFiles/cartographer.mapping.internal.3d.scan_matching.fast_correlative_scan_matcher_3d_test.dir/cartographer/mapping/internal/3d/scan_matching/fast_correlative_scan_matcher_3d_test.cc.o[0m
[55.130s] [ 74%] Built target cartographer.mapping.3d.hybrid_grid_test
[55.179s] [ 74%] [32mBuilding CXX object CMakeFiles/cartographer.mapping.internal.3d.scan_matching.intensity_cost_function_3d_test.dir/cartographer/mapping/internal/3d/scan_matching/intensity_cost_function_3d_test.cc.o[0m
[55.568s] [ 74%] [32m[1mLinking CXX executable cartographer.mapping.internal.2d.ray_to_pixel_mask_test[0m
[55.747s] [ 74%] Built target cartographer.mapping.internal.2d.ray_to_pixel_mask_test
[55.769s] [ 75%] [32m[1mLinking CXX executable cartographer.mapping.internal.2d.tsd_value_converter_test[0m
[55.813s] [ 75%] [32mBuilding CXX object CMakeFiles/cartographer.mapping.internal.3d.scan_matching.interpolated_grid_test.dir/cartographer/mapping/internal/3d/scan_matching/interpolated_grid_test.cc.o[0m
[55.957s] [ 75%] Built target cartographer.mapping.internal.2d.tsd_value_converter_test
[55.987s] [ 76%] [32m[1mLinking CXX executable cartographer.mapping.internal.2d.scan_matching.interpolated_tsdf_2d_test[0m
[55.997s] [ 76%] [32mBuilding CXX object CMakeFiles/cartographer.mapping.internal.3d.scan_matching.precomputation_grid_3d_test.dir/cartographer/mapping/internal/3d/scan_matching/precomputation_grid_3d_test.cc.o[0m
[56.150s] [ 76%] [32m[1mLinking CXX executable cartographer.mapping.internal.2d.overlapping_submaps_trimmer_2d_test[0m
[56.226s] [ 76%] Built target cartographer.mapping.internal.2d.scan_matching.interpolated_tsdf_2d_test
[56.269s] [ 76%] [32mBuilding CXX object CMakeFiles/cartographer.mapping.internal.3d.scan_matching.real_time_correlative_scan_matcher_3d_test.dir/cartographer/mapping/internal/3d/scan_matching/real_time_correlative_scan_matcher_3d_test.cc.o[0m
[56.503s] [ 76%] Built target cartographer.mapping.internal.2d.overlapping_submaps_trimmer_2d_test
[56.547s] [ 76%] [32mBuilding CXX object CMakeFiles/cartographer.mapping.internal.3d.scan_matching.rotation_delta_cost_functor_3d_test.dir/cartographer/mapping/internal/3d/scan_matching/rotation_delta_cost_functor_3d_test.cc.o[0m
[56.856s] [ 76%] [32m[1mLinking CXX executable cartographer.mapping.internal.2d.scan_matching.occupied_space_cost_function_2d_test[0m
[57.197s] [ 76%] Built target cartographer.mapping.internal.2d.scan_matching.occupied_space_cost_function_2d_test
[57.243s] [ 76%] [32mBuilding CXX object CMakeFiles/cartographer.mapping.internal.3d.scan_matching.rotational_scan_matcher_test.dir/cartographer/mapping/internal/3d/scan_matching/rotational_scan_matcher_test.cc.o[0m
[57.327s] [ 77%] [32m[1mLinking CXX executable cartographer.mapping.internal.2d.scan_matching.real_time_correlative_scan_matcher_2d_test[0m
[57.616s] [ 77%] Built target cartographer.mapping.internal.2d.scan_matching.real_time_correlative_scan_matcher_2d_test
[57.667s] [ 77%] [32mBuilding CXX object CMakeFiles/cartographer.mapping.internal.connected_components_test.dir/cartographer/mapping/internal/connected_components_test.cc.o[0m
[57.699s] [ 77%] [32m[1mLinking CXX executable cartographer.mapping.internal.2d.scan_matching.tsdf_match_cost_function_2d_test[0m
[57.785s] [ 77%] [32m[1mLinking CXX executable cartographer.mapping.internal.2d.scan_matching.fast_correlative_scan_matcher_2d_test[0m
[57.937s] [ 77%] Built target cartographer.mapping.internal.2d.scan_matching.tsdf_match_cost_function_2d_test
[57.968s] [ 77%] [32mBuilding CXX object CMakeFiles/cartographer.mapping.internal.constraints.constraint_builder_2d_test.dir/cartographer/mapping/internal/constraints/constraint_builder_2d_test.cc.o[0m
[58.044s] [ 77%] [32m[1mLinking CXX executable cartographer.mapping.internal.2d.tsdf_2d_test[0m
[58.045s] [ 77%] Built target cartographer.mapping.internal.2d.scan_matching.fast_correlative_scan_matcher_2d_test
[58.064s] [ 78%] [32mBuilding CXX object CMakeFiles/cartographer.mapping.internal.constraints.constraint_builder_3d_test.dir/cartographer/mapping/internal/constraints/constraint_builder_3d_test.cc.o[0m
[58.266s] [ 78%] Built target cartographer.mapping.internal.2d.tsdf_2d_test
[58.311s] [ 78%] [32mBuilding CXX object CMakeFiles/cartographer.mapping.internal.motion_filter_test.dir/cartographer/mapping/internal/motion_filter_test.cc.o[0m
[58.945s] [ 78%] [32m[1mLinking CXX executable cartographer.mapping.internal.2d.pose_graph_2d_test[0m
[59.349s] [ 78%] Built target cartographer.mapping.internal.2d.pose_graph_2d_test
[59.376s] [ 79%] [32mBuilding CXX object CMakeFiles/cartographer.mapping.internal.optimization.cost_functions.landmark_cost_function_2d_test.dir/cartographer/mapping/internal/optimization/cost_functions/landmark_cost_function_2d_test.cc.o[0m
[59.623s] [ 80%] [32m[1mLinking CXX executable cartographer.mapping.internal.2d.tsdf_range_data_inserter_2d_test[0m
[59.665s] [ 81%] [32m[1mLinking CXX executable cartographer.mapping.internal.3d.scan_matching.rotation_delta_cost_functor_3d_test[0m
[59.841s] [ 81%] [32m[1mLinking CXX executable cartographer.mapping.internal.3d.scan_matching.interpolated_grid_test[0m
[59.842s] [ 81%] Built target cartographer.mapping.internal.2d.tsdf_range_data_inserter_2d_test
[59.890s] [ 81%] [32mBuilding CXX object CMakeFiles/cartographer.mapping.internal.optimization.cost_functions.landmark_cost_function_3d_test.dir/cartographer/mapping/internal/optimization/cost_functions/landmark_cost_function_3d_test.cc.o[0m
[59.909s] [ 81%] Built target cartographer.mapping.internal.3d.scan_matching.rotation_delta_cost_functor_3d_test
[59.946s] [ 82%] [32mBuilding CXX object CMakeFiles/cartographer.mapping.internal.optimization.cost_functions.spa_cost_function_2d_test.dir/cartographer/mapping/internal/optimization/cost_functions/spa_cost_function_2d_test.cc.o[0m
[60.033s] [ 82%] Built target cartographer.mapping.internal.3d.scan_matching.interpolated_grid_test
[60.066s] [ 82%] [32mBuilding CXX object CMakeFiles/cartographer.mapping.internal.optimization.optimization_problem_3d_test.dir/cartographer/mapping/internal/optimization/optimization_problem_3d_test.cc.o[0m
[60.319s] [ 83%] [32m[1mLinking CXX executable cartographer.mapping.internal.3d.scan_matching.precomputation_grid_3d_test[0m
[60.485s] [ 83%] Built target cartographer.mapping.internal.3d.scan_matching.precomputation_grid_3d_test
[60.513s] [ 84%] [32mBuilding CXX object CMakeFiles/cartographer.mapping.internal.range_data_collator_test.dir/cartographer/mapping/internal/range_data_collator_test.cc.o[0m
[60.594s] [ 85%] [32m[1mLinking CXX executable cartographer.mapping.internal.3d.scan_matching.intensity_cost_function_3d_test[0m
[60.754s] [ 85%] Built target cartographer.mapping.internal.3d.scan_matching.intensity_cost_function_3d_test
[60.799s] [ 85%] [32mBuilding CXX object CMakeFiles/cartographer.mapping.internal.trajectory_connectivity_state_test.dir/cartographer/mapping/internal/trajectory_connectivity_state_test.cc.o[0m
[61.093s] [ 85%] [32m[1mLinking CXX executable cartographer.mapping.internal.3d.scan_matching.rotational_scan_matcher_test[0m
[61.142s] [ 85%] [32m[1mLinking CXX executable cartographer.mapping.internal.3d.local_trajectory_builder_3d_test[0m
[61.268s] [ 85%] Built target cartographer.mapping.internal.3d.scan_matching.rotational_scan_matcher_test
[61.304s] [ 86%] [32mBuilding CXX object CMakeFiles/cartographer.mapping.map_builder_test.dir/cartographer/mapping/map_builder_test.cc.o[0m
[61.467s] [ 86%] Built target cartographer.mapping.internal.3d.local_trajectory_builder_3d_test
[61.501s] [ 86%] [32mBuilding CXX object CMakeFiles/cartographer.mapping.pose_extrapolator_test.dir/cartographer/mapping/pose_extrapolator_test.cc.o[0m
[61.626s] [ 86%] [32m[1mLinking CXX executable cartographer.mapping.internal.motion_filter_test[0m
[61.795s] [ 86%] Built target cartographer.mapping.internal.motion_filter_test
[61.824s] [ 87%] [32mBuilding CXX object CMakeFiles/cartographer.mapping.pose_graph_test.dir/cartographer/mapping/pose_graph_test.cc.o[0m
[61.992s] [ 88%] [32m[1mLinking CXX executable cartographer.mapping.internal.3d.scan_matching.ceres_scan_matcher_3d_test[0m
[62.163s] [ 88%] [32m[1mLinking CXX executable cartographer.mapping.internal.3d.scan_matching.fast_correlative_scan_matcher_3d_test[0m
[62.342s] [ 88%] Built target cartographer.mapping.internal.3d.scan_matching.fast_correlative_scan_matcher_3d_test
[62.359s] [ 88%] Built target cartographer.mapping.internal.3d.scan_matching.ceres_scan_matcher_3d_test
[62.374s] [ 88%] [32mBuilding CXX object CMakeFiles/cartographer.mapping.pose_graph_trimmer_test.dir/cartographer/mapping/pose_graph_trimmer_test.cc.o[0m
[62.397s] [ 89%] [32mBuilding CXX object CMakeFiles/cartographer.mapping.probability_values_test.dir/cartographer/mapping/probability_values_test.cc.o[0m
[62.467s] [ 90%] [32m[1mLinking CXX executable cartographer.mapping.internal.connected_components_test[0m
[62.574s] [ 91%] [32m[1mLinking CXX executable cartographer.mapping.internal.3d.pose_graph_3d_test[0m
[62.650s] [ 91%] [32m[1mLinking CXX executable cartographer.mapping.internal.3d.scan_matching.real_time_correlative_scan_matcher_3d_test[0m
[62.689s] [ 91%] Built target cartographer.mapping.internal.connected_components_test
[62.717s] [ 91%] [32mBuilding CXX object CMakeFiles/cartographer.mapping.submaps_test.dir/cartographer/mapping/submaps_test.cc.o[0m
[62.869s] [ 91%] Built target cartographer.mapping.internal.3d.scan_matching.real_time_correlative_scan_matcher_3d_test
[62.900s] [ 92%] [32mBuilding CXX object CMakeFiles/cartographer.mapping.trajectory_node_test.dir/cartographer/mapping/trajectory_node_test.cc.o[0m
[62.982s] [ 92%] Built target cartographer.mapping.internal.3d.pose_graph_3d_test
[63.009s] [ 92%] [32mBuilding CXX object CMakeFiles/cartographer.mapping.value_conversion_tables_test.dir/cartographer/mapping/value_conversion_tables_test.cc.o[0m
[64.792s] [ 92%] [32m[1mLinking CXX executable cartographer.mapping.internal.constraints.constraint_builder_2d_test[0m
[64.805s] [ 92%] [32m[1mLinking CXX executable cartographer.mapping.value_conversion_tables_test[0m
[64.983s] [ 92%] Built target cartographer.mapping.value_conversion_tables_test
[65.025s] [ 93%] [32mBuilding CXX object CMakeFiles/cartographer.sensor.compressed_point_cloud_test.dir/cartographer/sensor/compressed_point_cloud_test.cc.o[0m
[65.212s] [ 93%] Built target cartographer.mapping.internal.constraints.constraint_builder_2d_test
[65.252s] [ 93%] [32mBuilding CXX object CMakeFiles/cartographer.sensor.internal.collator_test.dir/cartographer/sensor/internal/collator_test.cc.o[0m
[65.282s] [ 93%] [32m[1mLinking CXX executable cartographer.mapping.internal.range_data_collator_test[0m
[65.306s] [ 93%] [32m[1mLinking CXX executable cartographer.mapping.internal.trajectory_connectivity_state_test[0m
[65.443s] [ 93%] Built target cartographer.mapping.internal.range_data_collator_test
[65.490s] [ 94%] [32mBuilding CXX object CMakeFiles/cartographer.sensor.internal.ordered_multi_queue_test.dir/cartographer/sensor/internal/ordered_multi_queue_test.cc.o[0m
[65.542s] [ 94%] [32m[1mLinking CXX executable cartographer.mapping.probability_values_test[0m
[65.572s] [ 94%] Built target cartographer.mapping.internal.trajectory_connectivity_state_test
[65.606s] [ 94%] [32mBuilding CXX object CMakeFiles/cartographer.sensor.internal.trajectory_collator_test.dir/cartographer/sensor/internal/trajectory_collator_test.cc.o[0m
[65.701s] [ 94%] Built target cartographer.mapping.probability_values_test
[65.718s] [ 94%] [32mBuilding CXX object CMakeFiles/cartographer.sensor.internal.voxel_filter_test.dir/cartographer/sensor/internal/voxel_filter_test.cc.o[0m
[65.760s] [ 94%] [32m[1mLinking CXX executable cartographer.mapping.internal.optimization.optimization_problem_3d_test[0m
[65.872s] [ 94%] [32m[1mLinking CXX executable cartographer.mapping.pose_graph_test[0m
[65.955s] [ 94%] [32m[1mLinking CXX executable cartographer.mapping.internal.optimization.cost_functions.spa_cost_function_2d_test[0m
[66.052s] [ 94%] Built target cartographer.mapping.internal.optimization.optimization_problem_3d_test
[66.078s] [ 94%] [32mBuilding CXX object CMakeFiles/cartographer.sensor.landmark_data_test.dir/cartographer/sensor/landmark_data_test.cc.o[0m
[66.121s] [ 94%] Built target cartographer.mapping.internal.optimization.cost_functions.spa_cost_function_2d_test
[66.163s] [ 94%] [32mBuilding CXX object CMakeFiles/cartographer.sensor.map_by_time_test.dir/cartographer/sensor/map_by_time_test.cc.o[0m
[66.166s] [ 94%] Built target cartographer.mapping.pose_graph_test
[66.197s] [ 94%] [32mBuilding CXX object CMakeFiles/cartographer.sensor.point_cloud_test.dir/cartographer/sensor/point_cloud_test.cc.o[0m
[66.341s] [ 94%] [32m[1mLinking CXX executable cartographer.mapping.submaps_test[0m
[66.376s] [ 94%] [32m[1mLinking CXX executable cartographer.mapping.internal.optimization.cost_functions.landmark_cost_function_2d_test[0m
[66.498s] [ 94%] [32m[1mLinking CXX executable cartographer.mapping.internal.optimization.cost_functions.landmark_cost_function_3d_test[0m
[66.505s] [ 94%] Built target cartographer.mapping.submaps_test
[66.538s] [ 94%] [32mBuilding CXX object CMakeFiles/cartographer.sensor.range_data_test.dir/cartographer/sensor/range_data_test.cc.o[0m
[66.549s] [ 94%] Built target cartographer.mapping.internal.optimization.cost_functions.landmark_cost_function_2d_test
[66.574s] [ 94%] [32mBuilding CXX object CMakeFiles/cartographer.transform.rigid_transform_test.dir/cartographer/transform/rigid_transform_test.cc.o[0m
[66.640s] [ 94%] Built target cartographer.mapping.internal.optimization.cost_functions.landmark_cost_function_3d_test
[66.665s] [ 94%] [32m[1mLinking CXX executable cartographer.mapping.pose_graph_trimmer_test[0m
[66.665s] [ 94%] [32mBuilding CXX object CMakeFiles/cartographer.transform.timestamped_transform_test.dir/cartographer/transform/timestamped_transform_test.cc.o[0m
[66.717s] [ 94%] [32m[1mLinking CXX executable cartographer.mapping.internal.constraints.constraint_builder_3d_test[0m
[66.870s] [ 94%] Built target cartographer.mapping.pose_graph_trimmer_test
[66.902s] [ 94%] [32mBuilding CXX object CMakeFiles/cartographer.transform.transform_interpolation_buffer_test.dir/cartographer/transform/transform_interpolation_buffer_test.cc.o[0m
[67.084s] [ 94%] Built target cartographer.mapping.internal.constraints.constraint_builder_3d_test
[67.131s] [ 94%] [32mBuilding CXX object CMakeFiles/cartographer.transform.transform_test.dir/cartographer/transform/transform_test.cc.o[0m
[68.560s] [ 94%] [32m[1mLinking CXX executable cartographer.mapping.pose_extrapolator_test[0m
[68.822s] [ 94%] Built target cartographer.mapping.pose_extrapolator_test
[69.000s] [ 94%] [32m[1mLinking CXX executable cartographer.mapping.trajectory_node_test[0m
[69.242s] [ 94%] Built target cartographer.mapping.trajectory_node_test
[69.519s] [ 94%] [32m[1mLinking CXX executable cartographer.sensor.map_by_time_test[0m
[69.671s] [ 94%] [32m[1mLinking CXX executable cartographer.sensor.compressed_point_cloud_test[0m
[69.691s] [ 94%] Built target cartographer.sensor.map_by_time_test
[69.846s] [ 94%] [32m[1mLinking CXX executable cartographer.sensor.internal.ordered_multi_queue_test[0m
[69.852s] [ 94%] Built target cartographer.sensor.compressed_point_cloud_test
[69.951s] [ 94%] Built target cartographer.sensor.internal.ordered_multi_queue_test
[70.188s] [ 94%] [32m[1mLinking CXX executable cartographer.sensor.range_data_test[0m
[70.192s] [ 94%] [32m[1mLinking CXX executable cartographer.sensor.internal.voxel_filter_test[0m
[70.321s] [ 94%] Built target cartographer.sensor.range_data_test
[70.362s] [ 94%] Built target cartographer.sensor.internal.voxel_filter_test
[70.431s] [ 94%] [32m[1mLinking CXX executable cartographer.mapping.map_builder_test[0m
[70.759s] [ 95%] [32m[1mLinking CXX executable cartographer.sensor.point_cloud_test[0m
[70.794s] [ 95%] [32m[1mLinking CXX executable cartographer.transform.timestamped_transform_test[0m
[70.823s] [ 95%] [32m[1mLinking CXX executable cartographer.sensor.internal.collator_test[0m
[70.828s] [ 95%] Built target cartographer.mapping.map_builder_test
[70.892s] [ 95%] Built target cartographer.sensor.point_cloud_test
[70.922s] [ 95%] Built target cartographer.transform.timestamped_transform_test
[70.930s] [ 95%] Built target cartographer.sensor.internal.collator_test
[71.081s] [ 96%] [32m[1mLinking CXX executable cartographer.sensor.internal.trajectory_collator_test[0m
[71.172s] [ 96%] Built target cartographer.sensor.internal.trajectory_collator_test
[71.409s] [ 97%] [32m[1mLinking CXX executable cartographer.transform.transform_interpolation_buffer_test[0m
[71.517s] [ 97%] Built target cartographer.transform.transform_interpolation_buffer_test
[71.677s] [ 97%] [32m[1mLinking CXX executable cartographer.transform.transform_test[0m
[71.765s] [ 97%] Built target cartographer.transform.transform_test
[71.918s] [ 98%] [32m[1mLinking CXX executable cartographer.sensor.landmark_data_test[0m
[72.026s] [ 98%] Built target cartographer.sensor.landmark_data_test
[73.078s] [100%] [32m[1mLinking CXX executable cartographer.transform.rigid_transform_test[0m
[73.154s] [100%] Built target cartographer.transform.rigid_transform_test
[73.163s] Invoked command in '/home/rick/cartographer_ws/build/cartographer' returned '0': CMAKE_PREFIX_PATH=/opt/ros/humble /usr/bin/cmake --build /home/rick/cartographer_ws/build/cartographer -- -j16 -l16
[73.164s] Invoking command in '/home/rick/cartographer_ws/build/cartographer': CMAKE_PREFIX_PATH=/opt/ros/humble /usr/bin/cmake --install /home/rick/cartographer_ws/build/cartographer
[73.169s] -- Install configuration: "Release"
[73.170s] -- Installing: /home/rick/cartographer_ws/install/cartographer/share/cartographer/package.xml
[73.170s] -- Installing: /home/rick/cartographer_ws/install/cartographer/share/cartographer//configuration_files
[73.170s] -- Installing: /home/rick/cartographer_ws/install/cartographer/share/cartographer//configuration_files/trajectory_builder_3d.lua
[73.170s] -- Installing: /home/rick/cartographer_ws/install/cartographer/share/cartographer//configuration_files/map_builder.lua
[73.170s] -- Installing: /home/rick/cartographer_ws/install/cartographer/share/cartographer//configuration_files/map_builder_server.lua
[73.170s] -- Installing: /home/rick/cartographer_ws/install/cartographer/share/cartographer//configuration_files/pose_graph.lua
[73.170s] -- Installing: /home/rick/cartographer_ws/install/cartographer/share/cartographer//configuration_files/trajectory_builder.lua
[73.170s] -- Installing: /home/rick/cartographer_ws/install/cartographer/share/cartographer//configuration_files/trajectory_builder_2d.lua
[73.170s] -- Installing: /home/rick/cartographer_ws/install/cartographer/share/cartographer//cmake
[73.170s] -- Installing: /home/rick/cartographer_ws/install/cartographer/share/cartographer//cmake/functions.cmake
[73.170s] -- Installing: /home/rick/cartographer_ws/install/cartographer/share/cartographer//cmake/modules
[73.170s] -- Installing: /home/rick/cartographer_ws/install/cartographer/share/cartographer//cmake/modules/FindLuaGoogle.cmake
[73.170s] -- Installing: /home/rick/cartographer_ws/install/cartographer/share/cartographer//cmake/modules/FindSphinx.cmake
[73.170s] -- Installing: /home/rick/cartographer_ws/install/cartographer/share/cartographer//cmake/modules/FindEigen3.cmake
[73.170s] -- Installing: /home/rick/cartographer_ws/install/cartographer/share/cartographer//cmake/modules/FindGMock.cmake
[73.170s] -- Installing: /home/rick/cartographer_ws/install/cartographer/bin/cartographer_autogenerate_ground_truth
[73.171s] -- Installing: /home/rick/cartographer_ws/install/cartographer/bin/cartographer_compute_relations_metrics
[73.172s] -- Installing: /home/rick/cartographer_ws/install/cartographer/bin/cartographer_pbstream
[73.173s] -- Installing: /home/rick/cartographer_ws/install/cartographer/bin/cartographer_print_configuration
[73.173s] -- Installing: /home/rick/cartographer_ws/install/cartographer/lib/libcartographer.a
[73.178s] -- Installing: /home/rick/cartographer_ws/install/cartographer/include/cartographer/common/configuration_file_resolver.h
[73.178s] -- Installing: /home/rick/cartographer_ws/install/cartographer/include/cartographer/common/fixed_ratio_sampler.h
[73.178s] -- Installing: /home/rick/cartographer_ws/install/cartographer/include/cartographer/common/histogram.h
[73.178s] -- Installing: /home/rick/cartographer_ws/install/cartographer/include/cartographer/common/lua.h
[73.178s] -- Installing: /home/rick/cartographer_ws/install/cartographer/include/cartographer/common/lua_parameter_dictionary.h
[73.178s] -- Installing: /home/rick/cartographer_ws/install/cartographer/include/cartographer/common/math.h
[73.178s] -- Installing: /home/rick/cartographer_ws/install/cartographer/include/cartographer/common/port.h
[73.178s] -- Installing: /home/rick/cartographer_ws/install/cartographer/include/cartographer/common/task.h
[73.178s] -- Installing: /home/rick/cartographer_ws/install/cartographer/include/cartographer/common/thread_pool.h
[73.178s] -- Installing: /home/rick/cartographer_ws/install/cartographer/include/cartographer/common/time.h
[73.179s] -- Installing: /home/rick/cartographer_ws/install/cartographer/include/cartographer/ground_truth/autogenerate_ground_truth.h
[73.179s] -- Installing: /home/rick/cartographer_ws/install/cartographer/include/cartographer/ground_truth/relations_text_file.h
[73.179s] -- Installing: /home/rick/cartographer_ws/install/cartographer/include/cartographer/io/color.h
[73.179s] -- Installing: /home/rick/cartographer_ws/install/cartographer/include/cartographer/io/coloring_points_processor.h
[73.179s] -- Installing: /home/rick/cartographer_ws/install/cartographer/include/cartographer/io/counting_points_processor.h
[73.179s] -- Installing: /home/rick/cartographer_ws/install/cartographer/include/cartographer/io/draw_trajectories.h
[73.179s] -- Installing: /home/rick/cartographer_ws/install/cartographer/include/cartographer/io/file_writer.h
[73.179s] -- Installing: /home/rick/cartographer_ws/install/cartographer/include/cartographer/io/fixed_ratio_sampling_points_processor.h
[73.179s] -- Installing: /home/rick/cartographer_ws/install/cartographer/include/cartographer/io/frame_id_filtering_points_processor.h
[73.179s] -- Installing: /home/rick/cartographer_ws/install/cartographer/include/cartographer/io/hybrid_grid_points_processor.h
[73.179s] -- Installing: /home/rick/cartographer_ws/install/cartographer/include/cartographer/io/image.h
[73.179s] -- Installing: /home/rick/cartographer_ws/install/cartographer/include/cartographer/io/intensity_to_color_points_processor.h
[73.179s] -- Installing: /home/rick/cartographer_ws/install/cartographer/include/cartographer/io/min_max_range_filtering_points_processor.h
[73.179s] -- Installing: /home/rick/cartographer_ws/install/cartographer/include/cartographer/io/null_points_processor.h
[73.179s] -- Installing: /home/rick/cartographer_ws/install/cartographer/include/cartographer/io/outlier_removing_points_processor.h
[73.179s] -- Installing: /home/rick/cartographer_ws/install/cartographer/include/cartographer/io/pcd_writing_points_processor.h
[73.179s] -- Installing: /home/rick/cartographer_ws/install/cartographer/include/cartographer/io/ply_writing_points_processor.h
[73.179s] -- Installing: /home/rick/cartographer_ws/install/cartographer/include/cartographer/io/points_batch.h
[73.179s] -- Installing: /home/rick/cartographer_ws/install/cartographer/include/cartographer/io/points_processor.h
[73.179s] -- Installing: /home/rick/cartographer_ws/install/cartographer/include/cartographer/io/points_processor_pipeline_builder.h
[73.179s] -- Installing: /home/rick/cartographer_ws/install/cartographer/include/cartographer/io/probability_grid_points_processor.h
[73.180s] -- Installing: /home/rick/cartographer_ws/install/cartographer/include/cartographer/io/proto_stream.h
[73.180s] -- Installing: /home/rick/cartographer_ws/install/cartographer/include/cartographer/io/proto_stream_deserializer.h
[73.180s] -- Installing: /home/rick/cartographer_ws/install/cartographer/include/cartographer/io/proto_stream_interface.h
[73.180s] -- Installing: /home/rick/cartographer_ws/install/cartographer/include/cartographer/io/serialization_format_migration.h
[73.180s] -- Installing: /home/rick/cartographer_ws/install/cartographer/include/cartographer/io/submap_painter.h
[73.180s] -- Installing: /home/rick/cartographer_ws/install/cartographer/include/cartographer/io/vertical_range_filtering_points_processor.h
[73.180s] -- Installing: /home/rick/cartographer_ws/install/cartographer/include/cartographer/io/xray_points_processor.h
[73.180s] -- Installing: /home/rick/cartographer_ws/install/cartographer/include/cartographer/io/xyz_writing_points_processor.h
[73.180s] -- Installing: /home/rick/cartographer_ws/install/cartographer/include/cartographer/mapping/2d/grid_2d.h
[73.180s] -- Installing: /home/rick/cartographer_ws/install/cartographer/include/cartographer/mapping/2d/map_limits.h
[73.180s] -- Installing: /home/rick/cartographer_ws/install/cartographer/include/cartographer/mapping/2d/probability_grid.h
[73.180s] -- Installing: /home/rick/cartographer_ws/install/cartographer/include/cartographer/mapping/2d/probability_grid_range_data_inserter_2d.h
[73.180s] -- Installing: /home/rick/cartographer_ws/install/cartographer/include/cartographer/mapping/2d/submap_2d.h
[73.180s] -- Installing: /home/rick/cartographer_ws/install/cartographer/include/cartographer/mapping/2d/xy_index.h
[73.180s] -- Installing: /home/rick/cartographer_ws/install/cartographer/include/cartographer/mapping/3d/hybrid_grid.h
[73.180s] -- Installing: /home/rick/cartographer_ws/install/cartographer/include/cartographer/mapping/3d/range_data_inserter_3d.h
[73.180s] -- Installing: /home/rick/cartographer_ws/install/cartographer/include/cartographer/mapping/3d/submap_3d.h
[73.180s] -- Installing: /home/rick/cartographer_ws/install/cartographer/include/cartographer/mapping/detect_floors.h
[73.180s] -- Installing: /home/rick/cartographer_ws/install/cartographer/include/cartographer/mapping/grid_interface.h
[73.180s] -- Installing: /home/rick/cartographer_ws/install/cartographer/include/cartographer/mapping/id.h
[73.180s] -- Installing: /home/rick/cartographer_ws/install/cartographer/include/cartographer/mapping/imu_tracker.h
[73.180s] -- Installing: /home/rick/cartographer_ws/install/cartographer/include/cartographer/mapping/map_builder.h
[73.180s] -- Installing: /home/rick/cartographer_ws/install/cartographer/include/cartographer/mapping/map_builder_interface.h
[73.180s] -- Installing: /home/rick/cartographer_ws/install/cartographer/include/cartographer/mapping/pose_extrapolator.h
[73.181s] -- Installing: /home/rick/cartographer_ws/install/cartographer/include/cartographer/mapping/pose_extrapolator_interface.h
[73.181s] -- Installing: /home/rick/cartographer_ws/install/cartographer/include/cartographer/mapping/pose_graph.h
[73.181s] -- Installing: /home/rick/cartographer_ws/install/cartographer/include/cartographer/mapping/pose_graph_interface.h
[73.181s] -- Installing: /home/rick/cartographer_ws/install/cartographer/include/cartographer/mapping/pose_graph_trimmer.h
[73.181s] -- Installing: /home/rick/cartographer_ws/install/cartographer/include/cartographer/mapping/probability_values.h
[73.181s] -- Installing: /home/rick/cartographer_ws/install/cartographer/include/cartographer/mapping/range_data_inserter_interface.h
[73.181s] -- Installing: /home/rick/cartographer_ws/install/cartographer/include/cartographer/mapping/submaps.h
[73.181s] -- Installing: /home/rick/cartographer_ws/install/cartographer/include/cartographer/mapping/trajectory_builder_interface.h
[73.181s] -- Installing: /home/rick/cartographer_ws/install/cartographer/include/cartographer/mapping/trajectory_node.h
[73.181s] -- Installing: /home/rick/cartographer_ws/install/cartographer/include/cartographer/mapping/value_conversion_tables.h
[73.181s] -- Installing: /home/rick/cartographer_ws/install/cartographer/include/cartographer/metrics/counter.h
[73.181s] -- Installing: /home/rick/cartographer_ws/install/cartographer/include/cartographer/metrics/family_factory.h
[73.181s] -- Installing: /home/rick/cartographer_ws/install/cartographer/include/cartographer/metrics/gauge.h
[73.181s] -- Installing: /home/rick/cartographer_ws/install/cartographer/include/cartographer/metrics/histogram.h
[73.181s] -- Installing: /home/rick/cartographer_ws/install/cartographer/include/cartographer/metrics/register.h
[73.181s] -- Installing: /home/rick/cartographer_ws/install/cartographer/include/cartographer/sensor/collator_interface.h
[73.181s] -- Installing: /home/rick/cartographer_ws/install/cartographer/include/cartographer/sensor/compressed_point_cloud.h
[73.181s] -- Installing: /home/rick/cartographer_ws/install/cartographer/include/cartographer/sensor/data.h
[73.181s] -- Installing: /home/rick/cartographer_ws/install/cartographer/include/cartographer/sensor/fixed_frame_pose_data.h
[73.181s] -- Installing: /home/rick/cartographer_ws/install/cartographer/include/cartographer/sensor/imu_data.h
[73.181s] -- Installing: /home/rick/cartographer_ws/install/cartographer/include/cartographer/sensor/landmark_data.h
[73.181s] -- Installing: /home/rick/cartographer_ws/install/cartographer/include/cartographer/sensor/map_by_time.h
[73.182s] -- Installing: /home/rick/cartographer_ws/install/cartographer/include/cartographer/sensor/odometry_data.h
[73.182s] -- Installing: /home/rick/cartographer_ws/install/cartographer/include/cartographer/sensor/point_cloud.h
[73.182s] -- Installing: /home/rick/cartographer_ws/install/cartographer/include/cartographer/sensor/range_data.h
[73.182s] -- Installing: /home/rick/cartographer_ws/install/cartographer/include/cartographer/sensor/rangefinder_point.h
[73.182s] -- Installing: /home/rick/cartographer_ws/install/cartographer/include/cartographer/sensor/timed_point_cloud_data.h
[73.182s] -- Installing: /home/rick/cartographer_ws/install/cartographer/include/cartographer/transform/rigid_transform.h
[73.182s] -- Installing: /home/rick/cartographer_ws/install/cartographer/include/cartographer/transform/timestamped_transform.h
[73.182s] -- Installing: /home/rick/cartographer_ws/install/cartographer/include/cartographer/transform/transform.h
[73.182s] -- Installing: /home/rick/cartographer_ws/install/cartographer/include/cartographer/transform/transform_interpolation_buffer.h
[73.182s] -- Installing: /home/rick/cartographer_ws/install/cartographer/include/cartographer/io/fake_file_writer.h
[73.182s] -- Installing: /home/rick/cartographer_ws/install/cartographer/include/cartographer/transform/rigid_transform_test_helpers.h
[73.182s] -- Installing: /home/rick/cartographer_ws/install/cartographer/include/cartographer/common/proto/ceres_solver_options.pb.h
[73.182s] -- Installing: /home/rick/cartographer_ws/install/cartographer/include/cartographer/ground_truth/proto/relations.pb.h
[73.182s] -- Installing: /home/rick/cartographer_ws/install/cartographer/include/cartographer/mapping/proto/cell_limits_2d.pb.h
[73.182s] -- Installing: /home/rick/cartographer_ws/install/cartographer/include/cartographer/mapping/proto/connected_components.pb.h
[73.182s] -- Installing: /home/rick/cartographer_ws/install/cartographer/include/cartographer/mapping/proto/grid_2d.pb.h
[73.182s] -- Installing: /home/rick/cartographer_ws/install/cartographer/include/cartographer/mapping/proto/grid_2d_options.pb.h
[73.182s] -- Installing: /home/rick/cartographer_ws/install/cartographer/include/cartographer/mapping/proto/hybrid_grid.pb.h
[73.182s] -- Installing: /home/rick/cartographer_ws/install/cartographer/include/cartographer/mapping/proto/local_trajectory_builder_options_2d.pb.h
[73.183s] -- Installing: /home/rick/cartographer_ws/install/cartographer/include/cartographer/mapping/proto/local_trajectory_builder_options_3d.pb.h
[73.183s] -- Installing: /home/rick/cartographer_ws/install/cartographer/include/cartographer/mapping/proto/map_builder_options.pb.h
[73.183s] -- Installing: /home/rick/cartographer_ws/install/cartographer/include/cartographer/mapping/proto/map_limits.pb.h
[73.183s] -- Installing: /home/rick/cartographer_ws/install/cartographer/include/cartographer/mapping/proto/motion_filter_options.pb.h
[73.183s] -- Installing: /home/rick/cartographer_ws/install/cartographer/include/cartographer/mapping/proto/normal_estimation_options_2d.pb.h
[73.183s] -- Installing: /home/rick/cartographer_ws/install/cartographer/include/cartographer/mapping/proto/pose_extrapolator_options.pb.h
[73.183s] -- Installing: /home/rick/cartographer_ws/install/cartographer/include/cartographer/mapping/proto/pose_graph.pb.h
[73.183s] -- Installing: /home/rick/cartographer_ws/install/cartographer/include/cartographer/mapping/proto/pose_graph/constraint_builder_options.pb.h
[73.183s] -- Installing: /home/rick/cartographer_ws/install/cartographer/include/cartographer/mapping/proto/pose_graph/optimization_problem_options.pb.h
[73.183s] -- Installing: /home/rick/cartographer_ws/install/cartographer/include/cartographer/mapping/proto/pose_graph_options.pb.h
[73.183s] -- Installing: /home/rick/cartographer_ws/install/cartographer/include/cartographer/mapping/proto/probability_grid.pb.h
[73.183s] -- Installing: /home/rick/cartographer_ws/install/cartographer/include/cartographer/mapping/proto/probability_grid_range_data_inserter_options_2d.pb.h
[73.183s] -- Installing: /home/rick/cartographer_ws/install/cartographer/include/cartographer/mapping/proto/range_data_inserter_options.pb.h
[73.183s] -- Installing: /home/rick/cartographer_ws/install/cartographer/include/cartographer/mapping/proto/range_data_inserter_options_3d.pb.h
[73.183s] -- Installing: /home/rick/cartographer_ws/install/cartographer/include/cartographer/mapping/proto/scan_matching/ceres_scan_matcher_options_2d.pb.h
[73.183s] -- Installing: /home/rick/cartographer_ws/install/cartographer/include/cartographer/mapping/proto/scan_matching/ceres_scan_matcher_options_3d.pb.h
[73.184s] -- Installing: /home/rick/cartographer_ws/install/cartographer/include/cartographer/mapping/proto/scan_matching/fast_correlative_scan_matcher_options_2d.pb.h
[73.184s] -- Installing: /home/rick/cartographer_ws/install/cartographer/include/cartographer/mapping/proto/scan_matching/fast_correlative_scan_matcher_options_3d.pb.h
[73.184s] -- Installing: /home/rick/cartographer_ws/install/cartographer/include/cartographer/mapping/proto/scan_matching/real_time_correlative_scan_matcher_options.pb.h
[73.184s] -- Installing: /home/rick/cartographer_ws/install/cartographer/include/cartographer/mapping/proto/serialization.pb.h
[73.184s] -- Installing: /home/rick/cartographer_ws/install/cartographer/include/cartographer/mapping/proto/submap.pb.h
[73.184s] -- Installing: /home/rick/cartographer_ws/install/cartographer/include/cartographer/mapping/proto/submap_visualization.pb.h
[73.184s] -- Installing: /home/rick/cartographer_ws/install/cartographer/include/cartographer/mapping/proto/submaps_options_2d.pb.h
[73.184s] -- Installing: /home/rick/cartographer_ws/install/cartographer/include/cartographer/mapping/proto/submaps_options_3d.pb.h
[73.184s] -- Installing: /home/rick/cartographer_ws/install/cartographer/include/cartographer/mapping/proto/trajectory.pb.h
[73.184s] -- Installing: /home/rick/cartographer_ws/install/cartographer/include/cartographer/mapping/proto/trajectory_builder_options.pb.h
[73.184s] -- Installing: /home/rick/cartographer_ws/install/cartographer/include/cartographer/mapping/proto/trajectory_node_data.pb.h
[73.184s] -- Installing: /home/rick/cartographer_ws/install/cartographer/include/cartographer/mapping/proto/tsdf_2d.pb.h
[73.184s] -- Installing: /home/rick/cartographer_ws/install/cartographer/include/cartographer/mapping/proto/tsdf_range_data_inserter_options_2d.pb.h
[73.184s] -- Installing: /home/rick/cartographer_ws/install/cartographer/include/cartographer/sensor/proto/adaptive_voxel_filter_options.pb.h
[73.184s] -- Installing: /home/rick/cartographer_ws/install/cartographer/include/cartographer/sensor/proto/sensor.pb.h
[73.185s] -- Installing: /home/rick/cartographer_ws/install/cartographer/include/cartographer/transform/proto/timestamped_transform.pb.h
[73.185s] -- Installing: /home/rick/cartographer_ws/install/cartographer/include/cartographer/transform/proto/transform.pb.h
[73.185s] -- Installing: /home/rick/cartographer_ws/install/cartographer/share/cartographer/cmake/CartographerTargets.cmake
[73.185s] -- Installing: /home/rick/cartographer_ws/install/cartographer/share/cartographer/cmake/CartographerTargets-release.cmake
[73.185s] -- Installing: /home/rick/cartographer_ws/install/cartographer/share/cartographer/cartographer-config.cmake
[73.186s] Invoked command in '/home/rick/cartographer_ws/build/cartographer' returned '0': CMAKE_PREFIX_PATH=/opt/ros/humble /usr/bin/cmake --install /home/rick/cartographer_ws/build/cartographer
