[0.008s] Invoking command in '/home/rick/cartographer_ws/build/cartographer': CMAKE_PREFIX_PATH=/opt/ros/humble /usr/bin/cmake --build /home/rick/cartographer_ws/build/cartographer -- -j16 -l16
[0.052s] [  0%] [34m[1mBuilding documentation.[0m
[0.053s] [  1%] Built target gtest
[0.059s] [  1%] Built target cartographer_detect_changes
[0.070s] [  2%] Built target gmock
[0.086s] [  2%] Built target gmock_main
[0.182s] [01m正在运行 Sphinx v8.1.3[39;49;00m
[0.183s] [01m正在加载翻译 [en]…[39;49;00m完成
[0.208s] [ 55%] Built target cartographer
[0.227s] [ 56%] Built target cartographer_pbstream
[0.227s] [ 56%] Built target cartographer_print_configuration
[0.230s] [ 57%] Built target cartographer_autogenerate_ground_truth
[0.230s] [ 57%] Built target cartographer_compute_relations_metrics
[0.234s] [ 58%] Built target cartographer_test_library
[0.261s] [ 59%] Built target cartographer.common.fixed_ratio_sampler_test
[0.263s] [ 59%] Built target cartographer.common.internal.blocking_queue_test
[0.268s] [ 61%] Built target cartographer.common.math_test
[0.268s] [ 61%] Built target cartographer.common.thread_pool_test
[0.269s] [ 61%] Built target cartographer.common.task_test
[0.269s] [ 61%] Built target cartographer.io.points_processor_pipeline_builder_test
[0.269s] [ 61%] Built target cartographer.io.proto_stream_deserializer_test
[0.269s] [ 61%] Built target cartographer.common.lua_parameter_dictionary_test
[0.269s] [ 62%] Built target cartographer.io.probability_grid_points_processor_test
[0.269s] [ 62%] Built target cartographer.io.serialization_format_migration_test
[0.272s] [ 63%] Built target cartographer.io.internal.in_memory_proto_stream_test
[0.272s] [ 64%] Built target cartographer.common.internal.rate_timer_test
[0.272s] [ 64%] Built target cartographer.io.fake_file_writer_test
[0.272s] [ 64%] Built target cartographer.common.configuration_files_test
[0.273s] [ 65%] Built target cartographer.io.proto_stream_test
[0.298s] [ 65%] Built target cartographer.mapping.2d.probability_grid_test
[0.300s] [ 66%] Built target cartographer.mapping.3d.range_data_inserter_3d_test
[0.300s] [ 66%] Built target cartographer.mapping.2d.submap_2d_test
[0.300s] [ 67%] Built target cartographer.mapping.id_test
[0.300s] [ 68%] Built target cartographer.mapping.2d.range_data_inserter_2d_test
[0.301s] [ 69%] Built target cartographer.mapping.2d.map_limits_test
[0.301s] [ 70%] Built target cartographer.mapping.2d.xy_index_test
[0.301s] [ 70%] Built target cartographer.mapping.3d.submap_3d_test
[0.303s] [ 70%] Built target cartographer.mapping.internal.2d.overlapping_submaps_trimmer_2d_test
[0.304s] [ 71%] Built target cartographer.mapping.internal.2d.normal_estimation_2d_test
[0.308s] [ 71%] Built target cartographer.mapping.3d.hybrid_grid_test
[0.309s] [ 71%] Built target cartographer.mapping.imu_tracker_test
[0.328s] [ 72%] Built target cartographer.mapping.internal.2d.pose_graph_2d_test
[0.335s] [ 73%] Built target cartographer.mapping.internal.2d.scan_matching.ceres_scan_matcher_2d_test
[0.335s] [ 73%] Built target cartographer.mapping.internal.2d.scan_matching.correlative_scan_matcher_test
[0.335s] [ 73%] Built target cartographer.mapping.internal.2d.scan_matching.occupied_space_cost_function_2d_test
[0.335s] [ 73%] Built target cartographer.mapping.internal.2d.ray_to_pixel_mask_test
[0.335s] [ 74%] Built target cartographer.mapping.internal.2d.scan_matching.real_time_correlative_scan_matcher_2d_test
[0.337s] [ 75%] Built target cartographer.mapping.internal.2d.scan_matching.fast_correlative_scan_matcher_2d_test
[0.338s] [ 75%] Built target cartographer.mapping.internal.2d.scan_matching.tsdf_match_cost_function_2d_test
[0.338s] [ 76%] Built target cartographer.mapping.internal.2d.scan_matching.interpolated_tsdf_2d_test
[0.338s] [ 77%] Built target cartographer.mapping.internal.2d.tsdf_range_data_inserter_2d_test
[0.339s] [ 77%] Built target cartographer.mapping.internal.2d.tsdf_2d_test
[0.340s] [ 78%] Built target cartographer.mapping.internal.2d.tsd_value_converter_test
[0.358s] [ 78%] Built target cartographer.mapping.internal.3d.rotation_parameterization_test
[0.358s] Converting `source_suffix = '.rst'` to `source_suffix = {'.rst': 'restructuredtext'}`.
[0.367s] [01m正在加载 Pickle 序列化的环境... [39;49;00m完成
[0.370s] [ 79%] Built target cartographer.mapping.internal.3d.scan_matching.intensity_cost_function_3d_test
[0.370s] [ 79%] Built target cartographer.mapping.internal.3d.scan_matching.interpolated_grid_test
[0.371s] [ 79%] Built target cartographer.mapping.internal.3d.scan_matching.real_time_correlative_scan_matcher_3d_test
[0.371s] [ 79%] Built target cartographer.mapping.internal.3d.scan_matching.fast_correlative_scan_matcher_3d_test
[0.371s] [ 80%] Built target cartographer.mapping.internal.3d.scan_matching.ceres_scan_matcher_3d_test
[0.371s] [ 80%] Built target cartographer.mapping.internal.3d.local_trajectory_builder_3d_test
[0.372s] [ 81%] Built target cartographer.mapping.internal.3d.pose_graph_3d_test
[0.373s] [ 82%] Built target cartographer.mapping.internal.3d.scan_matching.precomputation_grid_3d_test
[0.373s] [ 82%] Built target cartographer.mapping.internal.3d.scan_matching.rotational_scan_matcher_test
[0.380s] [ 83%] Built target cartographer.mapping.internal.3d.scan_matching.rotation_delta_cost_functor_3d_test
[0.388s] [01m正在构建 [mo]： [39;49;00m0 个 po 文件的目标文件已过期
[0.388s] [01m正在写入输出……[39;49;00m
[0.388s] [01m正在构建 [html]： [39;49;00m0 个源文件的目标文件已过期
[0.388s] [01m正在更新环境：[39;49;00m[ 84%] Built target cartographer.mapping.internal.connected_components_test
[0.388s] 有 0 个新增文件，有 0 个文件已被修改，有 0 个文件已被移除
[0.389s] [01m正在读取源文件……[39;49;00m
[0.389s] [01m正在查找当前已过期的文件……[39;49;00m没有找到已过期文件
[0.389s] [01m没有过期的目标文件。[39;49;00m
[0.389s] [01mbuild succeeded.[39;49;00m
[0.389s] 
[0.389s] HTML 页面保存在 html 目录。
[0.389s] [ 84%] Built target cartographer.mapping.internal.motion_filter_test
[0.392s] [ 85%] Built target cartographer.mapping.internal.constraints.constraint_builder_3d_test
[0.392s] [ 85%] Built target cartographer.mapping.internal.constraints.constraint_builder_2d_test
[0.393s] [ 86%] Built target cartographer.mapping.internal.optimization.cost_functions.landmark_cost_function_2d_test
[0.403s] [ 86%] Built target cartographer.mapping.internal.optimization.cost_functions.landmark_cost_function_3d_test
[0.404s] [ 86%] Built target cartographer.mapping.internal.optimization.optimization_problem_3d_test
[0.404s] [ 87%] Built target cartographer.mapping.internal.range_data_collator_test
[0.409s] [ 88%] Built target cartographer.mapping.internal.optimization.cost_functions.spa_cost_function_2d_test
[0.409s] [ 88%] Built target cartographer.mapping.internal.trajectory_connectivity_state_test
[0.410s] [ 88%] Built target cartographer.mapping.pose_extrapolator_test
[0.413s] [ 89%] Built target cartographer.mapping.map_builder_test
[0.422s] [ 90%] Built target cartographer.mapping.pose_graph_test
[0.424s] [ 91%] Built target cartographer.mapping.probability_values_test
[0.424s] [ 91%] Built target cartographer.mapping.submaps_test
[0.425s] [ 91%] Built target cartographer.mapping.pose_graph_trimmer_test
[0.430s] [ 91%] Built target cartographer.mapping.value_conversion_tables_test
[0.431s] [ 92%] Built target cartographer.sensor.compressed_point_cloud_test
[0.431s] [ 93%] Built target cartographer.mapping.trajectory_node_test
[0.431s] [ 94%] Built target cartographer.sensor.internal.trajectory_collator_test
[0.435s] [ 94%] Built target cartographer.sensor.internal.collator_test
[0.439s] [ 95%] Built target cartographer.sensor.internal.ordered_multi_queue_test
[0.439s] [ 95%] Built target cartographer.sensor.internal.voxel_filter_test
[0.454s] [ 96%] Built target cartographer.sensor.landmark_data_test
[0.454s] [ 96%] Built target cartographer.sensor.map_by_time_test
[0.454s] [ 96%] Built target cartographer.sensor.range_data_test
[0.456s] [ 97%] Built target cartographer.sensor.point_cloud_test
[0.457s] [ 98%] Built target cartographer.transform.rigid_transform_test
[0.458s] [ 98%] Built target cartographer.transform.timestamped_transform_test
[0.461s] [100%] Built target cartographer.transform.transform_interpolation_buffer_test
[0.463s] [100%] Built target cartographer.transform.transform_test
[0.493s] [100%] Built target build_doc
[0.503s] Invoked command in '/home/rick/cartographer_ws/build/cartographer' returned '0': CMAKE_PREFIX_PATH=/opt/ros/humble /usr/bin/cmake --build /home/rick/cartographer_ws/build/cartographer -- -j16 -l16
[0.504s] Invoking command in '/home/rick/cartographer_ws/build/cartographer': CMAKE_PREFIX_PATH=/opt/ros/humble /usr/bin/cmake --install /home/rick/cartographer_ws/build/cartographer
[0.510s] -- Install configuration: "Release"
[0.510s] -- Up-to-date: /home/rick/cartographer_ws/install/cartographer/share/cartographer/package.xml
[0.510s] -- Up-to-date: /home/rick/cartographer_ws/install/cartographer/share/cartographer//configuration_files
[0.510s] -- Up-to-date: /home/rick/cartographer_ws/install/cartographer/share/cartographer//configuration_files/trajectory_builder_3d.lua
[0.510s] -- Up-to-date: /home/rick/cartographer_ws/install/cartographer/share/cartographer//configuration_files/map_builder.lua
[0.510s] -- Up-to-date: /home/rick/cartographer_ws/install/cartographer/share/cartographer//configuration_files/map_builder_server.lua
[0.510s] -- Up-to-date: /home/rick/cartographer_ws/install/cartographer/share/cartographer//configuration_files/pose_graph.lua
[0.511s] -- Up-to-date: /home/rick/cartographer_ws/install/cartographer/share/cartographer//configuration_files/trajectory_builder.lua
[0.511s] -- Up-to-date: /home/rick/cartographer_ws/install/cartographer/share/cartographer//configuration_files/trajectory_builder_2d.lua
[0.511s] -- Up-to-date: /home/rick/cartographer_ws/install/cartographer/share/cartographer//cmake
[0.511s] -- Up-to-date: /home/rick/cartographer_ws/install/cartographer/share/cartographer//cmake/functions.cmake
[0.511s] -- Up-to-date: /home/rick/cartographer_ws/install/cartographer/share/cartographer//cmake/modules
[0.511s] -- Up-to-date: /home/rick/cartographer_ws/install/cartographer/share/cartographer//cmake/modules/FindLuaGoogle.cmake
[0.511s] -- Up-to-date: /home/rick/cartographer_ws/install/cartographer/share/cartographer//cmake/modules/FindSphinx.cmake
[0.511s] -- Up-to-date: /home/rick/cartographer_ws/install/cartographer/share/cartographer//cmake/modules/FindEigen3.cmake
[0.511s] -- Up-to-date: /home/rick/cartographer_ws/install/cartographer/share/cartographer//cmake/modules/FindGMock.cmake
[0.511s] -- Up-to-date: /home/rick/cartographer_ws/install/cartographer/bin/cartographer_autogenerate_ground_truth
[0.511s] -- Up-to-date: /home/rick/cartographer_ws/install/cartographer/bin/cartographer_compute_relations_metrics
[0.511s] -- Up-to-date: /home/rick/cartographer_ws/install/cartographer/bin/cartographer_pbstream
[0.511s] -- Up-to-date: /home/rick/cartographer_ws/install/cartographer/bin/cartographer_print_configuration
[0.511s] -- Up-to-date: /home/rick/cartographer_ws/install/cartographer/lib/libcartographer.a
[0.511s] -- Up-to-date: /home/rick/cartographer_ws/install/cartographer/include/cartographer/common/configuration_file_resolver.h
[0.511s] -- Up-to-date: /home/rick/cartographer_ws/install/cartographer/include/cartographer/common/fixed_ratio_sampler.h
[0.512s] -- Up-to-date: /home/rick/cartographer_ws/install/cartographer/include/cartographer/common/histogram.h
[0.512s] -- Up-to-date: /home/rick/cartographer_ws/install/cartographer/include/cartographer/common/lua.h
[0.512s] -- Up-to-date: /home/rick/cartographer_ws/install/cartographer/include/cartographer/common/lua_parameter_dictionary.h
[0.512s] -- Up-to-date: /home/rick/cartographer_ws/install/cartographer/include/cartographer/common/math.h
[0.512s] -- Up-to-date: /home/rick/cartographer_ws/install/cartographer/include/cartographer/common/port.h
[0.512s] -- Up-to-date: /home/rick/cartographer_ws/install/cartographer/include/cartographer/common/task.h
[0.512s] -- Up-to-date: /home/rick/cartographer_ws/install/cartographer/include/cartographer/common/thread_pool.h
[0.512s] -- Up-to-date: /home/rick/cartographer_ws/install/cartographer/include/cartographer/common/time.h
[0.512s] -- Up-to-date: /home/rick/cartographer_ws/install/cartographer/include/cartographer/ground_truth/autogenerate_ground_truth.h
[0.512s] -- Up-to-date: /home/rick/cartographer_ws/install/cartographer/include/cartographer/ground_truth/relations_text_file.h
[0.512s] -- Up-to-date: /home/rick/cartographer_ws/install/cartographer/include/cartographer/io/color.h
[0.512s] -- Up-to-date: /home/rick/cartographer_ws/install/cartographer/include/cartographer/io/coloring_points_processor.h
[0.512s] -- Up-to-date: /home/rick/cartographer_ws/install/cartographer/include/cartographer/io/counting_points_processor.h
[0.512s] -- Up-to-date: /home/rick/cartographer_ws/install/cartographer/include/cartographer/io/draw_trajectories.h
[0.512s] -- Up-to-date: /home/rick/cartographer_ws/install/cartographer/include/cartographer/io/file_writer.h
[0.512s] -- Up-to-date: /home/rick/cartographer_ws/install/cartographer/include/cartographer/io/fixed_ratio_sampling_points_processor.h
[0.512s] -- Up-to-date: /home/rick/cartographer_ws/install/cartographer/include/cartographer/io/frame_id_filtering_points_processor.h
[0.512s] -- Up-to-date: /home/rick/cartographer_ws/install/cartographer/include/cartographer/io/hybrid_grid_points_processor.h
[0.512s] -- Up-to-date: /home/rick/cartographer_ws/install/cartographer/include/cartographer/io/image.h
[0.512s] -- Up-to-date: /home/rick/cartographer_ws/install/cartographer/include/cartographer/io/intensity_to_color_points_processor.h
[0.512s] -- Up-to-date: /home/rick/cartographer_ws/install/cartographer/include/cartographer/io/min_max_range_filtering_points_processor.h
[0.512s] -- Up-to-date: /home/rick/cartographer_ws/install/cartographer/include/cartographer/io/null_points_processor.h
[0.512s] -- Up-to-date: /home/rick/cartographer_ws/install/cartographer/include/cartographer/io/outlier_removing_points_processor.h
[0.512s] -- Up-to-date: /home/rick/cartographer_ws/install/cartographer/include/cartographer/io/pcd_writing_points_processor.h
[0.512s] -- Up-to-date: /home/rick/cartographer_ws/install/cartographer/include/cartographer/io/ply_writing_points_processor.h
[0.512s] -- Up-to-date: /home/rick/cartographer_ws/install/cartographer/include/cartographer/io/points_batch.h
[0.512s] -- Up-to-date: /home/rick/cartographer_ws/install/cartographer/include/cartographer/io/points_processor.h
[0.512s] -- Up-to-date: /home/rick/cartographer_ws/install/cartographer/include/cartographer/io/points_processor_pipeline_builder.h
[0.512s] -- Up-to-date: /home/rick/cartographer_ws/install/cartographer/include/cartographer/io/probability_grid_points_processor.h
[0.512s] -- Up-to-date: /home/rick/cartographer_ws/install/cartographer/include/cartographer/io/proto_stream.h
[0.513s] -- Up-to-date: /home/rick/cartographer_ws/install/cartographer/include/cartographer/io/proto_stream_deserializer.h
[0.513s] -- Up-to-date: /home/rick/cartographer_ws/install/cartographer/include/cartographer/io/proto_stream_interface.h
[0.513s] -- Up-to-date: /home/rick/cartographer_ws/install/cartographer/include/cartographer/io/serialization_format_migration.h
[0.513s] -- Up-to-date: /home/rick/cartographer_ws/install/cartographer/include/cartographer/io/submap_painter.h
[0.513s] -- Up-to-date: /home/rick/cartographer_ws/install/cartographer/include/cartographer/io/vertical_range_filtering_points_processor.h
[0.513s] -- Up-to-date: /home/rick/cartographer_ws/install/cartographer/include/cartographer/io/xray_points_processor.h
[0.513s] -- Up-to-date: /home/rick/cartographer_ws/install/cartographer/include/cartographer/io/xyz_writing_points_processor.h
[0.513s] -- Up-to-date: /home/rick/cartographer_ws/install/cartographer/include/cartographer/mapping/2d/grid_2d.h
[0.513s] -- Up-to-date: /home/rick/cartographer_ws/install/cartographer/include/cartographer/mapping/2d/map_limits.h
[0.513s] -- Up-to-date: /home/rick/cartographer_ws/install/cartographer/include/cartographer/mapping/2d/probability_grid.h
[0.513s] -- Up-to-date: /home/rick/cartographer_ws/install/cartographer/include/cartographer/mapping/2d/probability_grid_range_data_inserter_2d.h
[0.513s] -- Up-to-date: /home/rick/cartographer_ws/install/cartographer/include/cartographer/mapping/2d/submap_2d.h
[0.513s] -- Up-to-date: /home/rick/cartographer_ws/install/cartographer/include/cartographer/mapping/2d/xy_index.h
[0.513s] -- Up-to-date: /home/rick/cartographer_ws/install/cartographer/include/cartographer/mapping/3d/hybrid_grid.h
[0.513s] -- Up-to-date: /home/rick/cartographer_ws/install/cartographer/include/cartographer/mapping/3d/range_data_inserter_3d.h
[0.513s] -- Up-to-date: /home/rick/cartographer_ws/install/cartographer/include/cartographer/mapping/3d/submap_3d.h
[0.513s] -- Up-to-date: /home/rick/cartographer_ws/install/cartographer/include/cartographer/mapping/detect_floors.h
[0.513s] -- Up-to-date: /home/rick/cartographer_ws/install/cartographer/include/cartographer/mapping/grid_interface.h
[0.513s] -- Up-to-date: /home/rick/cartographer_ws/install/cartographer/include/cartographer/mapping/id.h
[0.513s] -- Up-to-date: /home/rick/cartographer_ws/install/cartographer/include/cartographer/mapping/imu_tracker.h
[0.513s] -- Up-to-date: /home/rick/cartographer_ws/install/cartographer/include/cartographer/mapping/map_builder.h
[0.513s] -- Up-to-date: /home/rick/cartographer_ws/install/cartographer/include/cartographer/mapping/map_builder_interface.h
[0.513s] -- Up-to-date: /home/rick/cartographer_ws/install/cartographer/include/cartographer/mapping/pose_extrapolator.h
[0.513s] -- Up-to-date: /home/rick/cartographer_ws/install/cartographer/include/cartographer/mapping/pose_extrapolator_interface.h
[0.513s] -- Up-to-date: /home/rick/cartographer_ws/install/cartographer/include/cartographer/mapping/pose_graph.h
[0.513s] -- Up-to-date: /home/rick/cartographer_ws/install/cartographer/include/cartographer/mapping/pose_graph_interface.h
[0.513s] -- Up-to-date: /home/rick/cartographer_ws/install/cartographer/include/cartographer/mapping/pose_graph_trimmer.h
[0.513s] -- Up-to-date: /home/rick/cartographer_ws/install/cartographer/include/cartographer/mapping/probability_values.h
[0.513s] -- Up-to-date: /home/rick/cartographer_ws/install/cartographer/include/cartographer/mapping/range_data_inserter_interface.h
[0.513s] -- Up-to-date: /home/rick/cartographer_ws/install/cartographer/include/cartographer/mapping/submaps.h
[0.513s] -- Up-to-date: /home/rick/cartographer_ws/install/cartographer/include/cartographer/mapping/trajectory_builder_interface.h
[0.513s] -- Up-to-date: /home/rick/cartographer_ws/install/cartographer/include/cartographer/mapping/trajectory_node.h
[0.513s] -- Up-to-date: /home/rick/cartographer_ws/install/cartographer/include/cartographer/mapping/value_conversion_tables.h
[0.513s] -- Up-to-date: /home/rick/cartographer_ws/install/cartographer/include/cartographer/metrics/counter.h
[0.513s] -- Up-to-date: /home/rick/cartographer_ws/install/cartographer/include/cartographer/metrics/family_factory.h
[0.513s] -- Up-to-date: /home/rick/cartographer_ws/install/cartographer/include/cartographer/metrics/gauge.h
[0.513s] -- Up-to-date: /home/rick/cartographer_ws/install/cartographer/include/cartographer/metrics/histogram.h
[0.514s] -- Up-to-date: /home/rick/cartographer_ws/install/cartographer/include/cartographer/metrics/register.h
[0.514s] -- Up-to-date: /home/rick/cartographer_ws/install/cartographer/include/cartographer/sensor/collator_interface.h
[0.514s] -- Up-to-date: /home/rick/cartographer_ws/install/cartographer/include/cartographer/sensor/compressed_point_cloud.h
[0.514s] -- Up-to-date: /home/rick/cartographer_ws/install/cartographer/include/cartographer/sensor/data.h
[0.514s] -- Up-to-date: /home/rick/cartographer_ws/install/cartographer/include/cartographer/sensor/fixed_frame_pose_data.h
[0.514s] -- Up-to-date: /home/rick/cartographer_ws/install/cartographer/include/cartographer/sensor/imu_data.h
[0.514s] -- Up-to-date: /home/rick/cartographer_ws/install/cartographer/include/cartographer/sensor/landmark_data.h
[0.514s] -- Up-to-date: /home/rick/cartographer_ws/install/cartographer/include/cartographer/sensor/map_by_time.h
[0.514s] -- Up-to-date: /home/rick/cartographer_ws/install/cartographer/include/cartographer/sensor/odometry_data.h
[0.514s] -- Up-to-date: /home/rick/cartographer_ws/install/cartographer/include/cartographer/sensor/point_cloud.h
[0.514s] -- Up-to-date: /home/rick/cartographer_ws/install/cartographer/include/cartographer/sensor/range_data.h
[0.514s] -- Up-to-date: /home/rick/cartographer_ws/install/cartographer/include/cartographer/sensor/rangefinder_point.h
[0.514s] -- Up-to-date: /home/rick/cartographer_ws/install/cartographer/include/cartographer/sensor/timed_point_cloud_data.h
[0.514s] -- Up-to-date: /home/rick/cartographer_ws/install/cartographer/include/cartographer/transform/rigid_transform.h
[0.514s] -- Up-to-date: /home/rick/cartographer_ws/install/cartographer/include/cartographer/transform/timestamped_transform.h
[0.514s] -- Up-to-date: /home/rick/cartographer_ws/install/cartographer/include/cartographer/transform/transform.h
[0.514s] -- Up-to-date: /home/rick/cartographer_ws/install/cartographer/include/cartographer/transform/transform_interpolation_buffer.h
[0.514s] -- Up-to-date: /home/rick/cartographer_ws/install/cartographer/include/cartographer/io/fake_file_writer.h
[0.514s] -- Up-to-date: /home/rick/cartographer_ws/install/cartographer/include/cartographer/transform/rigid_transform_test_helpers.h
[0.514s] -- Up-to-date: /home/rick/cartographer_ws/install/cartographer/include/cartographer/common/proto/ceres_solver_options.pb.h
[0.514s] -- Up-to-date: /home/rick/cartographer_ws/install/cartographer/include/cartographer/ground_truth/proto/relations.pb.h
[0.514s] -- Up-to-date: /home/rick/cartographer_ws/install/cartographer/include/cartographer/mapping/proto/cell_limits_2d.pb.h
[0.514s] -- Up-to-date: /home/rick/cartographer_ws/install/cartographer/include/cartographer/mapping/proto/connected_components.pb.h
[0.514s] -- Up-to-date: /home/rick/cartographer_ws/install/cartographer/include/cartographer/mapping/proto/grid_2d.pb.h
[0.514s] -- Up-to-date: /home/rick/cartographer_ws/install/cartographer/include/cartographer/mapping/proto/grid_2d_options.pb.h
[0.514s] -- Up-to-date: /home/rick/cartographer_ws/install/cartographer/include/cartographer/mapping/proto/hybrid_grid.pb.h
[0.514s] -- Up-to-date: /home/rick/cartographer_ws/install/cartographer/include/cartographer/mapping/proto/local_trajectory_builder_options_2d.pb.h
[0.514s] -- Up-to-date: /home/rick/cartographer_ws/install/cartographer/include/cartographer/mapping/proto/local_trajectory_builder_options_3d.pb.h
[0.514s] -- Up-to-date: /home/rick/cartographer_ws/install/cartographer/include/cartographer/mapping/proto/map_builder_options.pb.h
[0.514s] -- Up-to-date: /home/rick/cartographer_ws/install/cartographer/include/cartographer/mapping/proto/map_limits.pb.h
[0.514s] -- Up-to-date: /home/rick/cartographer_ws/install/cartographer/include/cartographer/mapping/proto/motion_filter_options.pb.h
[0.514s] -- Up-to-date: /home/rick/cartographer_ws/install/cartographer/include/cartographer/mapping/proto/normal_estimation_options_2d.pb.h
[0.515s] -- Up-to-date: /home/rick/cartographer_ws/install/cartographer/include/cartographer/mapping/proto/pose_extrapolator_options.pb.h
[0.515s] -- Up-to-date: /home/rick/cartographer_ws/install/cartographer/include/cartographer/mapping/proto/pose_graph.pb.h
[0.515s] -- Up-to-date: /home/rick/cartographer_ws/install/cartographer/include/cartographer/mapping/proto/pose_graph/constraint_builder_options.pb.h
[0.515s] -- Up-to-date: /home/rick/cartographer_ws/install/cartographer/include/cartographer/mapping/proto/pose_graph/optimization_problem_options.pb.h
[0.515s] -- Up-to-date: /home/rick/cartographer_ws/install/cartographer/include/cartographer/mapping/proto/pose_graph_options.pb.h
[0.515s] -- Up-to-date: /home/rick/cartographer_ws/install/cartographer/include/cartographer/mapping/proto/probability_grid.pb.h
[0.515s] -- Up-to-date: /home/rick/cartographer_ws/install/cartographer/include/cartographer/mapping/proto/probability_grid_range_data_inserter_options_2d.pb.h
[0.515s] -- Up-to-date: /home/rick/cartographer_ws/install/cartographer/include/cartographer/mapping/proto/range_data_inserter_options.pb.h
[0.515s] -- Up-to-date: /home/rick/cartographer_ws/install/cartographer/include/cartographer/mapping/proto/range_data_inserter_options_3d.pb.h
[0.515s] -- Up-to-date: /home/rick/cartographer_ws/install/cartographer/include/cartographer/mapping/proto/scan_matching/ceres_scan_matcher_options_2d.pb.h
[0.515s] -- Up-to-date: /home/rick/cartographer_ws/install/cartographer/include/cartographer/mapping/proto/scan_matching/ceres_scan_matcher_options_3d.pb.h
[0.515s] -- Up-to-date: /home/rick/cartographer_ws/install/cartographer/include/cartographer/mapping/proto/scan_matching/fast_correlative_scan_matcher_options_2d.pb.h
[0.515s] -- Up-to-date: /home/rick/cartographer_ws/install/cartographer/include/cartographer/mapping/proto/scan_matching/fast_correlative_scan_matcher_options_3d.pb.h
[0.515s] -- Up-to-date: /home/rick/cartographer_ws/install/cartographer/include/cartographer/mapping/proto/scan_matching/real_time_correlative_scan_matcher_options.pb.h
[0.515s] -- Up-to-date: /home/rick/cartographer_ws/install/cartographer/include/cartographer/mapping/proto/serialization.pb.h
[0.515s] -- Up-to-date: /home/rick/cartographer_ws/install/cartographer/include/cartographer/mapping/proto/submap.pb.h
[0.515s] -- Up-to-date: /home/rick/cartographer_ws/install/cartographer/include/cartographer/mapping/proto/submap_visualization.pb.h
[0.515s] -- Up-to-date: /home/rick/cartographer_ws/install/cartographer/include/cartographer/mapping/proto/submaps_options_2d.pb.h
[0.515s] -- Up-to-date: /home/rick/cartographer_ws/install/cartographer/include/cartographer/mapping/proto/submaps_options_3d.pb.h
[0.515s] -- Up-to-date: /home/rick/cartographer_ws/install/cartographer/include/cartographer/mapping/proto/trajectory.pb.h
[0.515s] -- Up-to-date: /home/rick/cartographer_ws/install/cartographer/include/cartographer/mapping/proto/trajectory_builder_options.pb.h
[0.515s] -- Up-to-date: /home/rick/cartographer_ws/install/cartographer/include/cartographer/mapping/proto/trajectory_node_data.pb.h
[0.515s] -- Up-to-date: /home/rick/cartographer_ws/install/cartographer/include/cartographer/mapping/proto/tsdf_2d.pb.h
[0.515s] -- Up-to-date: /home/rick/cartographer_ws/install/cartographer/include/cartographer/mapping/proto/tsdf_range_data_inserter_options_2d.pb.h
[0.515s] -- Up-to-date: /home/rick/cartographer_ws/install/cartographer/include/cartographer/sensor/proto/adaptive_voxel_filter_options.pb.h
[0.515s] -- Up-to-date: /home/rick/cartographer_ws/install/cartographer/include/cartographer/sensor/proto/sensor.pb.h
[0.515s] -- Up-to-date: /home/rick/cartographer_ws/install/cartographer/include/cartographer/transform/proto/timestamped_transform.pb.h
[0.516s] -- Up-to-date: /home/rick/cartographer_ws/install/cartographer/include/cartographer/transform/proto/transform.pb.h
[0.516s] -- Up-to-date: /home/rick/cartographer_ws/install/cartographer/share/cartographer/cmake/CartographerTargets.cmake
[0.516s] -- Up-to-date: /home/rick/cartographer_ws/install/cartographer/share/cartographer/cmake/CartographerTargets-release.cmake
[0.516s] -- Up-to-date: /home/rick/cartographer_ws/install/cartographer/share/cartographer/cartographer-config.cmake
[0.517s] Invoked command in '/home/rick/cartographer_ws/build/cartographer' returned '0': CMAKE_PREFIX_PATH=/opt/ros/humble /usr/bin/cmake --install /home/rick/cartographer_ws/build/cartographer
