[0.007s] Invoking command in '/home/rick/cartographer_ws/build/cartographer': CMAKE_PREFIX_PATH=/opt/ros/humble /usr/bin/cmake /home/rick/cartographer_ws/src/cartographer -DCMAKE_INSTALL_PREFIX=/home/rick/cartographer_ws/install/cartographer
[0.060s] -- The C compiler identification is GNU 9.5.0
[0.099s] -- The CXX compiler identification is GNU 9.5.0
[0.107s] -- Detecting C compiler ABI info
[0.154s] -- Detecting C compiler ABI info - done
[0.160s] -- Check for working C compiler: /usr/bin/cc - skipped
[0.160s] -- Detecting C compile features
[0.160s] -- Detecting C compile features - done
[0.163s] -- Detecting CXX compiler ABI info
[0.212s] -- Detecting CXX compiler ABI info - done
[0.217s] -- Check for working CXX compiler: /usr/bin/c++ - skipped
[0.217s] -- Detecting CXX compile features
[0.217s] -- Detecting CXX compile features - done
[0.219s] -- Build type: Release
[0.225s] 文件 /home/rick/cartographer_ws/build/cartographer/AllFiles.cmake 和 - 不同
[0.355s] -- Found Python: /usr/bin/python3.10 (found version "3.10.12") found components: Interpreter 
[0.357s] -- Looking for pthread.h
[0.407s] -- Looking for pthread.h - found
[0.407s] -- Performing Test CMAKE_HAVE_LIBC_PTHREAD
[0.458s] -- Performing Test CMAKE_HAVE_LIBC_PTHREAD - Success
[0.459s] -- Found Threads: TRUE  
[0.462s] -- Found GMock: gmock_main  
[0.475s] -- Found Boost: /usr/lib/x86_64-linux-gnu/cmake/Boost-1.74.0/BoostConfig.cmake (found version "1.74.0") found components: iostreams 
[0.483s] -- Found required Ceres dependency: Eigen version 3.4.0 in /usr/include/eigen3
[0.487s] -- Found required Ceres dependency: glog
[0.487s] -- Found required Ceres dependency: gflags
[0.488s] -- Found Ceres version: 2.0.0 installed in: /usr with components: [EigenSparse, SparseLinearAlgebraLibrary, LAPACK, SuiteSparse, CXSparse, SchurSpecializations, Multithreading]
[0.492s] -- Found Lua: /usr/lib/x86_64-linux-gnu/liblua5.3.so;/usr/lib/x86_64-linux-gnu/libm.so (found version "5.3.6") 
[0.506s] -- Found Protobuf: /usr/lib/x86_64-linux-gnu/libprotobuf.so (found suitable version "3.12.4", minimum required is "3.0.0") 
[0.510s] -- Found PkgConfig: /usr/bin/pkg-config (found version "0.29.2") 
[0.510s] -- Checking for one of the modules 'cairo>=1.12.16'
[0.551s] -- Found Sphinx: /usr/local/bin/sphinx-build  
[0.575s] -- Configuring done
[0.737s] -- Generating done
[0.795s] -- Build files have been written to: /home/rick/cartographer_ws/build/cartographer
[0.804s] Invoked command in '/home/rick/cartographer_ws/build/cartographer' returned '0': CMAKE_PREFIX_PATH=/opt/ros/humble /usr/bin/cmake /home/rick/cartographer_ws/src/cartographer -DCMAKE_INSTALL_PREFIX=/home/rick/cartographer_ws/install/cartographer
[0.806s] Invoking command in '/home/rick/cartographer_ws/build/cartographer': CMAKE_PREFIX_PATH=/opt/ros/humble /usr/bin/cmake --build /home/rick/cartographer_ws/build/cartographer -- -j16 -l16
[0.848s] [  0%] [34m[1mRunning C++ protocol buffer compiler on /home/rick/cartographer_ws/src/cartographer/cartographer/common/proto/ceres_solver_options.proto[0m
[0.848s] [  0%] [34m[1mRunning C++ protocol buffer compiler on /home/rick/cartographer_ws/src/cartographer/cartographer/ground_truth/proto/relations.proto[0m
[0.848s] [  1%] [34m[1mRunning C++ protocol buffer compiler on /home/rick/cartographer_ws/src/cartographer/cartographer/mapping/proto/cell_limits_2d.proto[0m
[0.848s] [  2%] [34m[1mRunning C++ protocol buffer compiler on /home/rick/cartographer_ws/src/cartographer/cartographer/transform/proto/transform.proto[0m
[0.848s] [  2%] [34m[1mRunning C++ protocol buffer compiler on /home/rick/cartographer_ws/src/cartographer/cartographer/mapping/proto/connected_components.proto[0m
[0.848s] [  2%] [34m[1mRunning C++ protocol buffer compiler on /home/rick/cartographer_ws/src/cartographer/cartographer/mapping/proto/hybrid_grid.proto[0m
[0.849s] [  2%] [34m[1mRunning C++ protocol buffer compiler on /home/rick/cartographer_ws/src/cartographer/cartographer/mapping/proto/grid_2d_options.proto[0m
[0.849s] [  2%] [34m[1mRunning C++ protocol buffer compiler on /home/rick/cartographer_ws/src/cartographer/cartographer/mapping/proto/grid_2d.proto[0m
[0.849s] [  2%] [34m[1mRunning C++ protocol buffer compiler on /home/rick/cartographer_ws/src/cartographer/cartographer/mapping/proto/local_trajectory_builder_options_2d.proto[0m
[0.850s] [  3%] [34m[1mRunning C++ protocol buffer compiler on /home/rick/cartographer_ws/src/cartographer/cartographer/mapping/proto/map_limits.proto[0m
[0.852s] [  3%] [34m[1mRunning C++ protocol buffer compiler on /home/rick/cartographer_ws/src/cartographer/cartographer/mapping/proto/map_builder_options.proto[0m
[0.852s] [  3%] [34m[1mRunning C++ protocol buffer compiler on /home/rick/cartographer_ws/src/cartographer/cartographer/mapping/proto/local_trajectory_builder_options_3d.proto[0m
[0.852s] [  4%] [32mBuilding CXX object googletest/CMakeFiles/gtest.dir/src/gtest-all.cc.o[0m
[0.852s] [  4%] [34m[1mBuilding documentation.[0m
[0.853s] [  3%] [34m[1mRunning C++ protocol buffer compiler on /home/rick/cartographer_ws/src/cartographer/cartographer/mapping/proto/motion_filter_options.proto[0m
[0.860s] [  4%] [34m[1mRunning C++ protocol buffer compiler on /home/rick/cartographer_ws/src/cartographer/cartographer/mapping/proto/normal_estimation_options_2d.proto[0m
[0.860s] [  4%] [34m[1mRunning C++ protocol buffer compiler on /home/rick/cartographer_ws/src/cartographer/cartographer/mapping/proto/pose_extrapolator_options.proto[0m
[0.861s] [  4%] [34m[1mRunning C++ protocol buffer compiler on /home/rick/cartographer_ws/src/cartographer/cartographer/mapping/proto/pose_graph/constraint_builder_options.proto[0m
[0.861s] [  5%] [34m[1mRunning C++ protocol buffer compiler on /home/rick/cartographer_ws/src/cartographer/cartographer/mapping/proto/pose_graph.proto[0m
[0.861s] [  5%] [34m[1mRunning C++ protocol buffer compiler on /home/rick/cartographer_ws/src/cartographer/cartographer/mapping/proto/pose_graph_options.proto[0m
[0.862s] [  5%] [34m[1mRunning C++ protocol buffer compiler on /home/rick/cartographer_ws/src/cartographer/cartographer/mapping/proto/pose_graph/optimization_problem_options.proto[0m
[0.863s] [  5%] [34m[1mRunning C++ protocol buffer compiler on /home/rick/cartographer_ws/src/cartographer/cartographer/mapping/proto/probability_grid_range_data_inserter_options_2d.proto[0m
[0.864s] [  6%] [34m[1mRunning C++ protocol buffer compiler on /home/rick/cartographer_ws/src/cartographer/cartographer/mapping/proto/probability_grid.proto[0m
[0.866s] [  6%] [34m[1mRunning C++ protocol buffer compiler on /home/rick/cartographer_ws/src/cartographer/cartographer/mapping/proto/range_data_inserter_options.proto[0m
[0.869s] [  6%] [34m[1mRunning C++ protocol buffer compiler on /home/rick/cartographer_ws/src/cartographer/cartographer/mapping/proto/range_data_inserter_options_3d.proto[0m
[0.870s] [  6%] Built target cartographer_detect_changes
[0.871s] [  7%] [34m[1mRunning C++ protocol buffer compiler on /home/rick/cartographer_ws/src/cartographer/cartographer/mapping/proto/scan_matching/ceres_scan_matcher_options_2d.proto[0m
[0.873s] [  7%] [34m[1mRunning C++ protocol buffer compiler on /home/rick/cartographer_ws/src/cartographer/cartographer/mapping/proto/scan_matching/ceres_scan_matcher_options_3d.proto[0m
[0.873s] [  7%] [34m[1mRunning C++ protocol buffer compiler on /home/rick/cartographer_ws/src/cartographer/cartographer/mapping/proto/scan_matching/fast_correlative_scan_matcher_options_2d.proto[0m
[0.873s] [  7%] [34m[1mRunning C++ protocol buffer compiler on /home/rick/cartographer_ws/src/cartographer/cartographer/mapping/proto/scan_matching/fast_correlative_scan_matcher_options_3d.proto[0m
[0.873s] [  8%] [34m[1mRunning C++ protocol buffer compiler on /home/rick/cartographer_ws/src/cartographer/cartographer/mapping/proto/scan_matching/real_time_correlative_scan_matcher_options.proto[0m
[0.874s] [  8%] [34m[1mRunning C++ protocol buffer compiler on /home/rick/cartographer_ws/src/cartographer/cartographer/mapping/proto/serialization.proto[0m
[0.877s] [  8%] [34m[1mRunning C++ protocol buffer compiler on /home/rick/cartographer_ws/src/cartographer/cartographer/mapping/proto/submap.proto[0m
[0.877s] [  8%] [34m[1mRunning C++ protocol buffer compiler on /home/rick/cartographer_ws/src/cartographer/cartographer/mapping/proto/submap_visualization.proto[0m
[0.877s] [  9%] [34m[1mRunning C++ protocol buffer compiler on /home/rick/cartographer_ws/src/cartographer/cartographer/mapping/proto/submaps_options_2d.proto[0m
[0.878s] [  9%] [34m[1mRunning C++ protocol buffer compiler on /home/rick/cartographer_ws/src/cartographer/cartographer/mapping/proto/trajectory.proto[0m
[0.878s] [  9%] [34m[1mRunning C++ protocol buffer compiler on /home/rick/cartographer_ws/src/cartographer/cartographer/mapping/proto/submaps_options_3d.proto[0m
[0.878s] [  9%] [34m[1mRunning C++ protocol buffer compiler on /home/rick/cartographer_ws/src/cartographer/cartographer/mapping/proto/trajectory_builder_options.proto[0m
[0.885s] [  9%] [34m[1mRunning C++ protocol buffer compiler on /home/rick/cartographer_ws/src/cartographer/cartographer/mapping/proto/tsdf_2d.proto[0m
[0.885s] [  9%] [34m[1mRunning C++ protocol buffer compiler on /home/rick/cartographer_ws/src/cartographer/cartographer/mapping/proto/tsdf_range_data_inserter_options_2d.proto[0m
[0.888s] [  9%] [34m[1mRunning C++ protocol buffer compiler on /home/rick/cartographer_ws/src/cartographer/cartographer/transform/proto/timestamped_transform.proto[0m
[0.888s] [ 10%] [34m[1mRunning C++ protocol buffer compiler on /home/rick/cartographer_ws/src/cartographer/cartographer/sensor/proto/adaptive_voxel_filter_options.proto[0m
[0.888s] [ 11%] [34m[1mRunning C++ protocol buffer compiler on /home/rick/cartographer_ws/src/cartographer/cartographer/mapping/proto/trajectory_node_data.proto[0m
[0.888s] [ 11%] [34m[1mRunning C++ protocol buffer compiler on /home/rick/cartographer_ws/src/cartographer/cartographer/sensor/proto/sensor.proto[0m
[0.938s] [ 11%] [32mBuilding CXX object CMakeFiles/cartographer.dir/cartographer/common/histogram.cc.o[0m
[0.938s] [ 13%] [32mBuilding CXX object CMakeFiles/cartographer.dir/cartographer/common/configuration_file_resolver.cc.o[0m
[0.939s] [ 14%] [32mBuilding CXX object CMakeFiles/cartographer.dir/cartographer/common/time.cc.o[0m
[0.939s] [ 11%] [32mBuilding CXX object CMakeFiles/cartographer.dir/cartographer/common/fixed_ratio_sampler.cc.o[0m
[0.939s] [ 11%] [32mBuilding CXX object CMakeFiles/cartographer.dir/cartographer/common/internal/ceres_solver_options.cc.o[0m
[0.939s] [ 14%] [32mBuilding CXX object CMakeFiles/cartographer.dir/cartographer/common/lua_parameter_dictionary.cc.o[0m
[0.939s] [ 14%] [32mBuilding CXX object CMakeFiles/cartographer.dir/cartographer/common/task.cc.o[0m
[0.939s] [ 14%] [32mBuilding CXX object CMakeFiles/cartographer.dir/cartographer/common/thread_pool.cc.o[0m
[0.939s] [ 12%] [32mBuilding CXX object CMakeFiles/cartographer.dir/cartographer/common/internal/testing/thread_pool_for_testing.cc.o[0m
[0.939s] [ 14%] [32mBuilding CXX object CMakeFiles/cartographer.dir/cartographer/ground_truth/autogenerate_ground_truth.cc.o[0m
[0.939s] [ 14%] [32mBuilding CXX object CMakeFiles/cartographer.dir/cartographer/io/color.cc.o[0m
[0.941s] [ 14%] [32mBuilding CXX object CMakeFiles/cartographer.dir/cartographer/ground_truth/relations_text_file.cc.o[0m
[0.945s] [ 15%] [32mBuilding CXX object CMakeFiles/cartographer.dir/cartographer/io/coloring_points_processor.cc.o[0m
[0.947s] [ 15%] [32mBuilding CXX object CMakeFiles/cartographer.dir/cartographer/io/counting_points_processor.cc.o[0m
[1.028s] [01m正在运行 Sphinx v8.1.3[39;49;00m
[1.029s] [01m正在加载翻译 [en]…[39;49;00m完成
[1.201s] [01m正在创建输出目录... [39;49;00m完成
[1.201s] Converting `source_suffix = '.rst'` to `source_suffix = {'.rst': 'restructuredtext'}`.
[1.226s] [01m正在构建 [mo]： [39;49;00m0 个 po 文件的目标文件已过期
[1.226s] [01m正在写入输出……[39;49;00m
[1.230s] [01m正在构建 [html]： [39;49;00m6 个源文件的目标文件已过期
[1.230s] [01m正在更新环境：[39;49;00m[新配置] 有 6 个新增文件，有 0 个文件已被修改，有 0 个文件已被移除
[1.323s] [2K[01m正在读取源文件……[39;49;00m[ 17%] [35mconfiguration[39;49;00m
[1.333s] [2K[01m正在读取源文件……[39;49;00m[ 33%] [35mcost_functions[39;49;00m
[1.346s] [2K[01m正在读取源文件……[39;49;00m[ 50%] [35mevaluation[39;49;00m
[1.364s] [2K[01m正在读取源文件……[39;49;00m[ 67%] [35mindex[39;49;00m
[1.370s] [2K[01m正在读取源文件……[39;49;00m[ 83%] [35mpbstream_migration[39;49;00m
[1.378s] [2K[01m正在读取源文件……[39;49;00m[100%] [35mterminology[39;49;00m
[1.378s] 
[1.378s] [01m正在查找当前已过期的文件……[39;49;00m没有找到已过期文件
[1.384s] [01m正在 Pickle 序列化环境... [39;49;00m完成
[1.384s] [01m正在校验一致性... [39;49;00m完成
[1.384s] [01m正在准备写入文档... [39;49;00m完成
[1.384s] [01m正在复制资产文件... [39;49;00m
[1.384s] [01m正在复制静态文件... [39;49;00m
[1.396s] Writing evaluated template result to /home/rick/cartographer_ws/build/cartographer/docs/html/_static/basic.css
[1.399s] Writing evaluated template result to /home/rick/cartographer_ws/build/cartographer/docs/html/_static/documentation_options.js
[1.406s] Writing evaluated template result to /home/rick/cartographer_ws/build/cartographer/docs/html/_static/language_data.js
[1.414s] Writing evaluated template result to /home/rick/cartographer_ws/build/cartographer/docs/html/_static/sidebar.js
[1.430s] Writing evaluated template result to /home/rick/cartographer_ws/build/cartographer/docs/html/_static/classic.css
[1.435s] [01m正在复制静态文件: [39;49;00m完成
[1.435s] [01m正在复制额外文件... [39;49;00m
[1.435s] [01m正在复制额外文件: [39;49;00m完成
[1.435s] [01m正在复制资产文件: [39;49;00m完成
[1.588s] [2K[01m正在写入输出……[39;49;00m[ 17%] [32mconfiguration[39;49;00m
[1.618s] [2K[01m正在写入输出……[39;49;00m[ 33%] [32mcost_functions[39;49;00m
[1.686s] [2K[01m正在写入输出……[39;49;00m[ 50%] [32mevaluation[39;49;00m
[1.735s] [2K[01m正在写入输出……[39;49;00m[ 67%] [32mindex[39;49;00m
[1.821s] [2K[01m正在写入输出……[39;49;00m[ 83%] [32mpbstream_migration[39;49;00m
[1.845s] [2K[01m正在写入输出……[39;49;00m[100%] [32mterminology[39;49;00m
[1.845s] 
[1.869s] [01m正在生成索引... [39;49;00mgenindex 完成
[1.886s] [01m正在写入附加页面... [39;49;00msearch 完成
[1.887s] [2K[01m正在复制图像文件……[39;49;00m[ 50%] [33mautogenerate_groundtruth.png[39;49;00m
[1.887s] [2K[01m正在复制图像文件……[39;49;00m[100%] [33mhigh_level_system_overview.png[39;49;00m
[1.887s] 
[1.889s] [01m正在导出 English (code: en) 的搜索索引... [39;49;00m完成
[1.893s] [01m正在导出对象清单... [39;49;00m完成
[1.893s] [01mbuild succeeded.[39;49;00m
[1.893s] 
[1.893s] HTML 页面保存在 html 目录。
[1.946s] [ 15%] [32mBuilding CXX object CMakeFiles/cartographer.dir/cartographer/io/draw_trajectories.cc.o[0m
[2.085s] [ 15%] [32mBuilding CXX object CMakeFiles/cartographer.dir/cartographer/io/file_writer.cc.o[0m
[2.091s] [ 15%] Built target build_doc
[2.111s] [ 16%] [32mBuilding CXX object CMakeFiles/cartographer.dir/cartographer/io/fixed_ratio_sampling_points_processor.cc.o[0m
[2.166s] [ 16%] [32mBuilding CXX object CMakeFiles/cartographer.dir/cartographer/io/frame_id_filtering_points_processor.cc.o[0m
[2.447s] [ 16%] [32mBuilding CXX object CMakeFiles/cartographer.dir/cartographer/io/hybrid_grid_points_processor.cc.o[0m
[2.473s] [ 16%] [32mBuilding CXX object CMakeFiles/cartographer.dir/cartographer/io/image.cc.o[0m
[2.708s] [ 17%] [32mBuilding CXX object CMakeFiles/cartographer.dir/cartographer/io/intensity_to_color_points_processor.cc.o[0m
[2.854s] [ 17%] [32mBuilding CXX object CMakeFiles/cartographer.dir/cartographer/io/internal/in_memory_proto_stream.cc.o[0m
[2.900s] [ 17%] [32mBuilding CXX object CMakeFiles/cartographer.dir/cartographer/io/internal/mapping_state_serialization.cc.o[0m
[3.139s] [ 17%] [32mBuilding CXX object CMakeFiles/cartographer.dir/cartographer/io/internal/pbstream_info.cc.o[0m
[3.364s] [ 18%] [32mBuilding CXX object CMakeFiles/cartographer.dir/cartographer/io/internal/pbstream_migrate.cc.o[0m
[3.385s] [ 18%] [32mBuilding CXX object CMakeFiles/cartographer.dir/cartographer/io/min_max_range_filtering_points_processor.cc.o[0m
[4.067s] [ 18%] [32mBuilding CXX object CMakeFiles/cartographer.dir/cartographer/io/outlier_removing_points_processor.cc.o[0m
[4.180s] [ 18%] [32mBuilding CXX object CMakeFiles/cartographer.dir/cartographer/io/pcd_writing_points_processor.cc.o[0m
[4.207s] [ 19%] [32mBuilding CXX object CMakeFiles/cartographer.dir/cartographer/io/ply_writing_points_processor.cc.o[0m
[4.282s] [ 19%] [32mBuilding CXX object CMakeFiles/cartographer.dir/cartographer/io/points_batch.cc.o[0m
[4.538s] [ 19%] [32mBuilding CXX object CMakeFiles/cartographer.dir/cartographer/io/points_processor_pipeline_builder.cc.o[0m
[5.401s] [ 19%] [32mBuilding CXX object CMakeFiles/cartographer.dir/cartographer/io/probability_grid_points_processor.cc.o[0m
[5.517s] [ 20%] [32mBuilding CXX object CMakeFiles/cartographer.dir/cartographer/io/proto_stream.cc.o[0m
[5.792s] [ 20%] [32mBuilding CXX object CMakeFiles/cartographer.dir/cartographer/io/proto_stream_deserializer.cc.o[0m
[6.069s] [ 20%] [32mBuilding CXX object CMakeFiles/cartographer.dir/cartographer/io/serialization_format_migration.cc.o[0m
[6.204s] [ 20%] [32mBuilding CXX object CMakeFiles/cartographer.dir/cartographer/io/vertical_range_filtering_points_processor.cc.o[0m
[6.210s] [ 21%] [32mBuilding CXX object CMakeFiles/cartographer.dir/cartographer/io/submap_painter.cc.o[0m
[6.489s] [ 21%] [32mBuilding CXX object CMakeFiles/cartographer.dir/cartographer/io/xray_points_processor.cc.o[0m
[7.626s] [ 21%] [32mBuilding CXX object CMakeFiles/cartographer.dir/cartographer/io/xyz_writing_points_processor.cc.o[0m
[7.646s] [ 22%] [32mBuilding CXX object CMakeFiles/cartographer.dir/cartographer/mapping/2d/grid_2d.cc.o[0m
[8.142s] [ 22%] [32mBuilding CXX object CMakeFiles/cartographer.dir/cartographer/mapping/2d/probability_grid.cc.o[0m
[8.527s] [ 22%] [32mBuilding CXX object CMakeFiles/cartographer.dir/cartographer/mapping/2d/probability_grid_range_data_inserter_2d.cc.o[0m
[8.958s] [ 22%] [32mBuilding CXX object CMakeFiles/cartographer.dir/cartographer/mapping/2d/submap_2d.cc.o[0m
[9.253s] [ 23%] [32mBuilding CXX object CMakeFiles/cartographer.dir/cartographer/mapping/3d/range_data_inserter_3d.cc.o[0m
[10.082s] [ 23%] [32m[1mLinking CXX static library ../lib/libgtest.a[0m
[10.215s] [ 23%] Built target gtest
[10.269s] [ 24%] [32mBuilding CXX object gmock/CMakeFiles/gmock.dir/src/gmock-all.cc.o[0m
[11.143s] [ 24%] [32mBuilding CXX object CMakeFiles/cartographer.dir/cartographer/mapping/3d/submap_3d.cc.o[0m
[11.169s] [ 24%] [32mBuilding CXX object CMakeFiles/cartographer.dir/cartographer/mapping/detect_floors.cc.o[0m
[11.546s] [ 24%] [32mBuilding CXX object CMakeFiles/cartographer.dir/cartographer/mapping/imu_tracker.cc.o[0m
[11.639s] [ 25%] [32mBuilding CXX object CMakeFiles/cartographer.dir/cartographer/mapping/internal/2d/local_slam_result_2d.cc.o[0m
[12.695s] [ 25%] [32mBuilding CXX object CMakeFiles/cartographer.dir/cartographer/mapping/internal/2d/local_trajectory_builder_2d.cc.o[0m
[12.827s] [ 25%] [32mBuilding CXX object CMakeFiles/cartographer.dir/cartographer/mapping/internal/2d/local_trajectory_builder_options_2d.cc.o[0m
[14.247s] [ 25%] [32mBuilding CXX object CMakeFiles/cartographer.dir/cartographer/mapping/internal/2d/normal_estimation_2d.cc.o[0m
[14.737s] [ 26%] [32mBuilding CXX object CMakeFiles/cartographer.dir/cartographer/mapping/internal/2d/overlapping_submaps_trimmer_2d.cc.o[0m
[14.943s] [ 26%] [32mBuilding CXX object CMakeFiles/cartographer.dir/cartographer/mapping/internal/2d/pose_graph_2d.cc.o[0m
[15.077s] [ 26%] [32mBuilding CXX object CMakeFiles/cartographer.dir/cartographer/mapping/internal/2d/ray_to_pixel_mask.cc.o[0m
[15.089s] [ 26%] [32mBuilding CXX object CMakeFiles/cartographer.dir/cartographer/mapping/internal/2d/scan_matching/ceres_scan_matcher_2d.cc.o[0m
[15.112s] [ 27%] [32mBuilding CXX object CMakeFiles/cartographer.dir/cartographer/mapping/internal/2d/scan_matching/correlative_scan_matcher_2d.cc.o[0m
[15.251s] [ 27%] [32mBuilding CXX object CMakeFiles/cartographer.dir/cartographer/mapping/internal/2d/scan_matching/fast_correlative_scan_matcher_2d.cc.o[0m
[15.940s] [ 27%] [32mBuilding CXX object CMakeFiles/cartographer.dir/cartographer/mapping/internal/2d/scan_matching/occupied_space_cost_function_2d.cc.o[0m
[16.084s] [ 27%] [32m[1mLinking CXX static library ../lib/libgmock.a[0m
[16.218s] [ 27%] Built target gmock
[16.262s] [ 27%] [32mBuilding CXX object gmock/CMakeFiles/gmock_main.dir/src/gmock_main.cc.o[0m
[16.497s] [ 27%] [32mBuilding CXX object CMakeFiles/cartographer.dir/cartographer/mapping/internal/2d/scan_matching/real_time_correlative_scan_matcher_2d.cc.o[0m
[16.766s] [ 28%] [32mBuilding CXX object CMakeFiles/cartographer.dir/cartographer/mapping/internal/2d/scan_matching/tsdf_match_cost_function_2d.cc.o[0m
[17.150s] [ 28%] [32mBuilding CXX object CMakeFiles/cartographer.dir/cartographer/mapping/internal/2d/tsd_value_converter.cc.o[0m
[17.331s] [ 28%] [32m[1mLinking CXX static library ../lib/libgmock_main.a[0m
[17.447s] [ 28%] Built target gmock_main
[17.474s] [ 28%] [32mBuilding CXX object CMakeFiles/cartographer.dir/cartographer/mapping/internal/2d/tsdf_2d.cc.o[0m
[17.478s] [ 28%] [32mBuilding CXX object CMakeFiles/cartographer.dir/cartographer/mapping/internal/2d/tsdf_range_data_inserter_2d.cc.o[0m
[17.850s] [ 29%] [32mBuilding CXX object CMakeFiles/cartographer.dir/cartographer/mapping/internal/3d/local_slam_result_3d.cc.o[0m
[18.126s] [ 29%] [32mBuilding CXX object CMakeFiles/cartographer.dir/cartographer/mapping/internal/3d/local_trajectory_builder_3d.cc.o[0m
[18.564s] [ 29%] [32mBuilding CXX object CMakeFiles/cartographer.dir/cartographer/mapping/internal/3d/local_trajectory_builder_options_3d.cc.o[0m
[18.569s] [ 29%] [32mBuilding CXX object CMakeFiles/cartographer.dir/cartographer/mapping/internal/3d/pose_graph_3d.cc.o[0m
[19.434s] [ 30%] [32mBuilding CXX object CMakeFiles/cartographer.dir/cartographer/mapping/internal/3d/scan_matching/ceres_scan_matcher_3d.cc.o[0m
[19.510s] [ 30%] [32mBuilding CXX object CMakeFiles/cartographer.dir/cartographer/mapping/internal/3d/scan_matching/fast_correlative_scan_matcher_3d.cc.o[0m
[19.705s] [ 30%] [32mBuilding CXX object CMakeFiles/cartographer.dir/cartographer/mapping/internal/3d/scan_matching/intensity_cost_function_3d.cc.o[0m
[20.034s] [ 30%] [32mBuilding CXX object CMakeFiles/cartographer.dir/cartographer/mapping/internal/3d/scan_matching/low_resolution_matcher.cc.o[0m
[20.205s] [ 31%] [32mBuilding CXX object CMakeFiles/cartographer.dir/cartographer/mapping/internal/3d/scan_matching/precomputation_grid_3d.cc.o[0m
[20.241s] [ 31%] [32mBuilding CXX object CMakeFiles/cartographer.dir/cartographer/mapping/internal/3d/scan_matching/real_time_correlative_scan_matcher_3d.cc.o[0m
[20.261s] [ 31%] [32mBuilding CXX object CMakeFiles/cartographer.dir/cartographer/mapping/internal/3d/scan_matching/rotational_scan_matcher.cc.o[0m
[21.343s] [ 32%] [32mBuilding CXX object CMakeFiles/cartographer.dir/cartographer/mapping/internal/collated_trajectory_builder.cc.o[0m
[21.671s] [ 32%] [32mBuilding CXX object CMakeFiles/cartographer.dir/cartographer/mapping/internal/connected_components.cc.o[0m
[21.791s] [ 32%] [32mBuilding CXX object CMakeFiles/cartographer.dir/cartographer/mapping/internal/constraints/constraint_builder.cc.o[0m
[22.348s] [ 32%] [32mBuilding CXX object CMakeFiles/cartographer.dir/cartographer/mapping/internal/constraints/constraint_builder_2d.cc.o[0m
[23.126s] [ 33%] [32mBuilding CXX object CMakeFiles/cartographer.dir/cartographer/mapping/internal/constraints/constraint_builder_3d.cc.o[0m
[23.588s] [ 33%] [32mBuilding CXX object CMakeFiles/cartographer.dir/cartographer/mapping/internal/eigen_quaterniond_from_two_vectors.cc.o[0m
[23.695s] [ 33%] [32mBuilding CXX object CMakeFiles/cartographer.dir/cartographer/mapping/internal/global_trajectory_builder.cc.o[0m
[23.712s] [ 33%] [32mBuilding CXX object CMakeFiles/cartographer.dir/cartographer/mapping/internal/imu_based_pose_extrapolator.cc.o[0m
[23.864s] [ 34%] [32mBuilding CXX object CMakeFiles/cartographer.dir/cartographer/mapping/internal/motion_filter.cc.o[0m
[23.938s] [ 34%] [32mBuilding CXX object CMakeFiles/cartographer.dir/cartographer/mapping/internal/optimization/ceres_pose.cc.o[0m
[24.684s] [ 34%] [32mBuilding CXX object CMakeFiles/cartographer.dir/cartographer/mapping/internal/optimization/cost_functions/spa_cost_function_2d.cc.o[0m
[24.996s] [ 34%] [32mBuilding CXX object CMakeFiles/cartographer.dir/cartographer/mapping/internal/optimization/optimization_problem_2d.cc.o[0m
[25.275s] [ 35%] [32mBuilding CXX object CMakeFiles/cartographer.dir/cartographer/mapping/internal/optimization/optimization_problem_3d.cc.o[0m
[25.989s] [ 35%] [32mBuilding CXX object CMakeFiles/cartographer.dir/cartographer/mapping/internal/optimization/optimization_problem_options.cc.o[0m
[26.038s] [ 35%] [32mBuilding CXX object CMakeFiles/cartographer.dir/cartographer/mapping/internal/range_data_collator.cc.o[0m
[26.088s] [ 36%] [32mBuilding CXX object CMakeFiles/cartographer.dir/cartographer/mapping/internal/submap_controller.cc.o[0m
[26.091s] [ 36%] [32mBuilding CXX object CMakeFiles/cartographer.dir/cartographer/mapping/internal/scan_matching/real_time_correlative_scan_matcher.cc.o[0m
[26.154s] [ 36%] [32mBuilding CXX object CMakeFiles/cartographer.dir/cartographer/mapping/internal/trajectory_connectivity_state.cc.o[0m
[26.560s] [ 36%] [32mBuilding CXX object CMakeFiles/cartographer.dir/cartographer/mapping/map_builder.cc.o[0m
[26.936s] [ 36%] [32mBuilding CXX object CMakeFiles/cartographer.dir/cartographer/mapping/map_builder_interface.cc.o[0m
[27.732s] [ 37%] [32mBuilding CXX object CMakeFiles/cartographer.dir/cartographer/mapping/pose_extrapolator.cc.o[0m
[28.019s] [ 37%] [32mBuilding CXX object CMakeFiles/cartographer.dir/cartographer/mapping/pose_extrapolator_interface.cc.o[0m
[28.125s] [ 37%] [32mBuilding CXX object CMakeFiles/cartographer.dir/cartographer/mapping/pose_graph.cc.o[0m
[28.521s] [ 37%] [32mBuilding CXX object CMakeFiles/cartographer.dir/cartographer/mapping/pose_graph_trimmer.cc.o[0m
[29.640s] [ 38%] [32mBuilding CXX object CMakeFiles/cartographer.dir/cartographer/mapping/probability_values.cc.o[0m
[29.785s] [ 38%] [32mBuilding CXX object CMakeFiles/cartographer.dir/cartographer/mapping/range_data_inserter_interface.cc.o[0m
[29.919s] [ 38%] [32mBuilding CXX object CMakeFiles/cartographer.dir/cartographer/mapping/trajectory_builder_interface.cc.o[0m
[30.283s] [ 38%] [32mBuilding CXX object CMakeFiles/cartographer.dir/cartographer/mapping/trajectory_node.cc.o[0m
[30.307s] [ 39%] [32mBuilding CXX object CMakeFiles/cartographer.dir/cartographer/mapping/value_conversion_tables.cc.o[0m
[30.518s] [ 39%] [32mBuilding CXX object CMakeFiles/cartographer.dir/cartographer/metrics/counter.cc.o[0m
[30.616s] [ 39%] [32mBuilding CXX object CMakeFiles/cartographer.dir/cartographer/metrics/gauge.cc.o[0m
[30.778s] [ 39%] [32mBuilding CXX object CMakeFiles/cartographer.dir/cartographer/metrics/histogram.cc.o[0m
[30.799s] [ 40%] [32mBuilding CXX object CMakeFiles/cartographer.dir/cartographer/metrics/register.cc.o[0m
[30.891s] [ 40%] [32mBuilding CXX object CMakeFiles/cartographer.dir/cartographer/sensor/compressed_point_cloud.cc.o[0m
[31.169s] [ 40%] [32mBuilding CXX object CMakeFiles/cartographer.dir/cartographer/sensor/fixed_frame_pose_data.cc.o[0m
[31.336s] [ 40%] [32mBuilding CXX object CMakeFiles/cartographer.dir/cartographer/sensor/imu_data.cc.o[0m
[31.473s] [ 41%] [32mBuilding CXX object CMakeFiles/cartographer.dir/cartographer/sensor/internal/collator.cc.o[0m
[31.607s] [ 41%] [32mBuilding CXX object CMakeFiles/cartographer.dir/cartographer/sensor/internal/ordered_multi_queue.cc.o[0m
[31.753s] [ 41%] [32mBuilding CXX object CMakeFiles/cartographer.dir/cartographer/sensor/internal/trajectory_collator.cc.o[0m
[32.023s] [ 42%] [32mBuilding CXX object CMakeFiles/cartographer.dir/cartographer/sensor/internal/voxel_filter.cc.o[0m
[32.222s] [ 42%] [32mBuilding CXX object CMakeFiles/cartographer.dir/cartographer/sensor/landmark_data.cc.o[0m
[32.678s] [ 42%] [32mBuilding CXX object CMakeFiles/cartographer.dir/cartographer/sensor/odometry_data.cc.o[0m
[32.893s] [ 42%] [32mBuilding CXX object CMakeFiles/cartographer.dir/cartographer/sensor/point_cloud.cc.o[0m
[33.601s] [ 43%] [32mBuilding CXX object CMakeFiles/cartographer.dir/cartographer/sensor/range_data.cc.o[0m
[33.740s] [ 43%] [32mBuilding CXX object CMakeFiles/cartographer.dir/cartographer/sensor/timed_point_cloud_data.cc.o[0m
[33.906s] [ 43%] [32mBuilding CXX object CMakeFiles/cartographer.dir/cartographer/transform/rigid_transform.cc.o[0m
[34.130s] [ 43%] [32mBuilding CXX object CMakeFiles/cartographer.dir/cartographer/transform/timestamped_transform.cc.o[0m
[34.321s] [ 44%] [32mBuilding CXX object CMakeFiles/cartographer.dir/cartographer/transform/transform.cc.o[0m
[34.639s] [ 44%] [32mBuilding CXX object CMakeFiles/cartographer.dir/cartographer/transform/transform_interpolation_buffer.cc.o[0m
[34.910s] [ 44%] [32mBuilding CXX object CMakeFiles/cartographer.dir/cartographer/common/proto/ceres_solver_options.pb.cc.o[0m
[35.036s] [ 44%] [32mBuilding CXX object CMakeFiles/cartographer.dir/cartographer/ground_truth/proto/relations.pb.cc.o[0m
[35.070s] [ 45%] [32mBuilding CXX object CMakeFiles/cartographer.dir/cartographer/mapping/proto/cell_limits_2d.pb.cc.o[0m
[35.163s] [ 45%] [32mBuilding CXX object CMakeFiles/cartographer.dir/cartographer/mapping/proto/connected_components.pb.cc.o[0m
[35.281s] [ 45%] [32mBuilding CXX object CMakeFiles/cartographer.dir/cartographer/mapping/proto/grid_2d.pb.cc.o[0m
[35.330s] [ 45%] [32mBuilding CXX object CMakeFiles/cartographer.dir/cartographer/mapping/proto/grid_2d_options.pb.cc.o[0m
[35.863s] [ 46%] [32mBuilding CXX object CMakeFiles/cartographer.dir/cartographer/mapping/proto/hybrid_grid.pb.cc.o[0m
[35.919s] [ 46%] [32mBuilding CXX object CMakeFiles/cartographer.dir/cartographer/mapping/proto/local_trajectory_builder_options_2d.pb.cc.o[0m
[36.005s] [ 46%] [32mBuilding CXX object CMakeFiles/cartographer.dir/cartographer/mapping/proto/local_trajectory_builder_options_3d.pb.cc.o[0m
[36.026s] [ 46%] [32mBuilding CXX object CMakeFiles/cartographer.dir/cartographer/mapping/proto/map_builder_options.pb.cc.o[0m
[36.073s] [ 47%] [32mBuilding CXX object CMakeFiles/cartographer.dir/cartographer/mapping/proto/map_limits.pb.cc.o[0m
[36.185s] [ 47%] [32mBuilding CXX object CMakeFiles/cartographer.dir/cartographer/mapping/proto/motion_filter_options.pb.cc.o[0m
[36.255s] [ 47%] [32mBuilding CXX object CMakeFiles/cartographer.dir/cartographer/mapping/proto/normal_estimation_options_2d.pb.cc.o[0m
[36.382s] [ 47%] [32mBuilding CXX object CMakeFiles/cartographer.dir/cartographer/mapping/proto/pose_extrapolator_options.pb.cc.o[0m
[36.489s] [ 48%] [32mBuilding CXX object CMakeFiles/cartographer.dir/cartographer/mapping/proto/pose_graph.pb.cc.o[0m
[36.556s] [ 48%] [32mBuilding CXX object CMakeFiles/cartographer.dir/cartographer/mapping/proto/pose_graph/constraint_builder_options.pb.cc.o[0m
[36.579s] [ 48%] [32mBuilding CXX object CMakeFiles/cartographer.dir/cartographer/mapping/proto/pose_graph/optimization_problem_options.pb.cc.o[0m
[36.712s] [ 48%] [32mBuilding CXX object CMakeFiles/cartographer.dir/cartographer/mapping/proto/pose_graph_options.pb.cc.o[0m
[36.905s] [ 49%] [32mBuilding CXX object CMakeFiles/cartographer.dir/cartographer/mapping/proto/probability_grid.pb.cc.o[0m
[36.925s] [ 49%] [32mBuilding CXX object CMakeFiles/cartographer.dir/cartographer/mapping/proto/probability_grid_range_data_inserter_options_2d.pb.cc.o[0m
[36.936s] [ 49%] [32mBuilding CXX object CMakeFiles/cartographer.dir/cartographer/mapping/proto/range_data_inserter_options.pb.cc.o[0m
[36.945s] [ 49%] [32mBuilding CXX object CMakeFiles/cartographer.dir/cartographer/mapping/proto/range_data_inserter_options_3d.pb.cc.o[0m
[37.106s] [ 50%] [32mBuilding CXX object CMakeFiles/cartographer.dir/cartographer/mapping/proto/scan_matching/ceres_scan_matcher_options_2d.pb.cc.o[0m
[37.170s] [ 50%] [32mBuilding CXX object CMakeFiles/cartographer.dir/cartographer/mapping/proto/scan_matching/ceres_scan_matcher_options_3d.pb.cc.o[0m
[37.187s] [ 50%] [32mBuilding CXX object CMakeFiles/cartographer.dir/cartographer/mapping/proto/scan_matching/fast_correlative_scan_matcher_options_2d.pb.cc.o[0m
[37.243s] [ 50%] [32mBuilding CXX object CMakeFiles/cartographer.dir/cartographer/mapping/proto/scan_matching/fast_correlative_scan_matcher_options_3d.pb.cc.o[0m
[37.296s] [ 51%] [32mBuilding CXX object CMakeFiles/cartographer.dir/cartographer/mapping/proto/scan_matching/real_time_correlative_scan_matcher_options.pb.cc.o[0m
[37.519s] [ 51%] [32mBuilding CXX object CMakeFiles/cartographer.dir/cartographer/mapping/proto/serialization.pb.cc.o[0m
[37.537s] [ 51%] [32mBuilding CXX object CMakeFiles/cartographer.dir/cartographer/mapping/proto/submap.pb.cc.o[0m
[37.541s] [ 52%] [32mBuilding CXX object CMakeFiles/cartographer.dir/cartographer/mapping/proto/submap_visualization.pb.cc.o[0m
[37.629s] [ 52%] [32mBuilding CXX object CMakeFiles/cartographer.dir/cartographer/mapping/proto/submaps_options_2d.pb.cc.o[0m
[37.686s] [ 52%] [32mBuilding CXX object CMakeFiles/cartographer.dir/cartographer/mapping/proto/submaps_options_3d.pb.cc.o[0m
[37.780s] [ 52%] [32mBuilding CXX object CMakeFiles/cartographer.dir/cartographer/mapping/proto/trajectory.pb.cc.o[0m
[37.822s] [ 53%] [32mBuilding CXX object CMakeFiles/cartographer.dir/cartographer/mapping/proto/trajectory_builder_options.pb.cc.o[0m
[37.969s] [ 53%] [32mBuilding CXX object CMakeFiles/cartographer.dir/cartographer/mapping/proto/tsdf_2d.pb.cc.o[0m
[37.972s] [ 53%] [32mBuilding CXX object CMakeFiles/cartographer.dir/cartographer/mapping/proto/trajectory_node_data.pb.cc.o[0m
[38.021s] [ 53%] [32mBuilding CXX object CMakeFiles/cartographer.dir/cartographer/mapping/proto/tsdf_range_data_inserter_options_2d.pb.cc.o[0m
[38.057s] [ 54%] [32mBuilding CXX object CMakeFiles/cartographer.dir/cartographer/sensor/proto/adaptive_voxel_filter_options.pb.cc.o[0m
[38.111s] [ 54%] [32mBuilding CXX object CMakeFiles/cartographer.dir/cartographer/sensor/proto/sensor.pb.cc.o[0m
[38.245s] [ 54%] [32mBuilding CXX object CMakeFiles/cartographer.dir/cartographer/transform/proto/timestamped_transform.pb.cc.o[0m
[38.276s] [ 54%] [32mBuilding CXX object CMakeFiles/cartographer.dir/cartographer/transform/proto/transform.pb.cc.o[0m
[39.760s] [ 55%] [32m[1mLinking CXX static library libcartographer.a[0m
[39.866s] [ 55%] Built target cartographer
[39.879s] [ 55%] [32mBuilding CXX object CMakeFiles/cartographer_test_library.dir/cartographer/io/internal/testing/test_helpers.cc.o[0m
[39.879s] [ 55%] [32mBuilding CXX object CMakeFiles/cartographer_test_library.dir/cartographer/io/fake_file_writer.cc.o[0m
[39.879s] [ 55%] [32mBuilding CXX object CMakeFiles/cartographer_pbstream.dir/cartographer/io/pbstream_main.cc.o[0m
[39.880s] [ 56%] [32mBuilding CXX object CMakeFiles/cartographer_test_library.dir/cartographer/io/fake_file_writer_test.cc.o[0m
[39.880s] [ 56%] [32mBuilding CXX object CMakeFiles/cartographer_compute_relations_metrics.dir/cartographer/ground_truth/compute_relations_metrics_main.cc.o[0m
[39.881s] [ 56%] [32mBuilding CXX object CMakeFiles/cartographer_print_configuration.dir/cartographer/common/print_configuration_main.cc.o[0m
[39.881s] [ 56%] [32mBuilding CXX object CMakeFiles/cartographer_autogenerate_ground_truth.dir/cartographer/ground_truth/autogenerate_ground_truth_main.cc.o[0m
[39.881s] [ 56%] [32mBuilding CXX object CMakeFiles/cartographer_test_library.dir/cartographer/mapping/internal/testing/test_helpers.cc.o[0m
[40.383s] [ 57%] [32m[1mLinking CXX executable cartographer_pbstream[0m
[40.580s] [ 57%] Built target cartographer_pbstream
[40.945s] [ 57%] [32m[1mLinking CXX executable cartographer_print_configuration[0m
[41.015s] [ 57%] Built target cartographer_print_configuration
[41.687s] [ 58%] [32m[1mLinking CXX executable cartographer_autogenerate_ground_truth[0m
[41.802s] [ 58%] Built target cartographer_autogenerate_ground_truth
[42.078s] [ 58%] [32m[1mLinking CXX static library libcartographer_test_library.a[0m
[42.122s] [ 58%] Built target cartographer_test_library
[42.140s] [ 58%] [32mBuilding CXX object CMakeFiles/cartographer.common.configuration_files_test.dir/cartographer/common/configuration_files_test.cc.o[0m
[42.140s] [ 58%] [32mBuilding CXX object CMakeFiles/cartographer.common.fixed_ratio_sampler_test.dir/cartographer/common/fixed_ratio_sampler_test.cc.o[0m
[42.141s] [ 58%] [32mBuilding CXX object CMakeFiles/cartographer.common.lua_parameter_dictionary_test.dir/cartographer/common/lua_parameter_dictionary_test.cc.o[0m
[42.141s] [ 58%] [32mBuilding CXX object CMakeFiles/cartographer.common.thread_pool_test.dir/cartographer/common/thread_pool_test.cc.o[0m
[42.141s] [ 58%] [32mBuilding CXX object CMakeFiles/cartographer.common.task_test.dir/cartographer/common/task_test.cc.o[0m
[42.141s] [ 58%] [32mBuilding CXX object CMakeFiles/cartographer.io.internal.in_memory_proto_stream_test.dir/cartographer/io/internal/in_memory_proto_stream_test.cc.o[0m
[42.142s] [ 58%] [32mBuilding CXX object CMakeFiles/cartographer.common.math_test.dir/cartographer/common/math_test.cc.o[0m
[42.142s] [ 59%] [32mBuilding CXX object CMakeFiles/cartographer.io.proto_stream_test.dir/cartographer/io/proto_stream_test.cc.o[0m
[42.142s] [ 59%] [32mBuilding CXX object CMakeFiles/cartographer.io.points_processor_pipeline_builder_test.dir/cartographer/io/points_processor_pipeline_builder_test.cc.o[0m
[42.142s] [ 59%] [32mBuilding CXX object CMakeFiles/cartographer.io.probability_grid_points_processor_test.dir/cartographer/io/probability_grid_points_processor_test.cc.o[0m
[42.142s] [ 59%] [32mBuilding CXX object CMakeFiles/cartographer.common.internal.blocking_queue_test.dir/cartographer/common/internal/blocking_queue_test.cc.o[0m
[42.142s] [ 59%] [32mBuilding CXX object CMakeFiles/cartographer.io.proto_stream_deserializer_test.dir/cartographer/io/proto_stream_deserializer_test.cc.o[0m
[42.143s] [ 59%] [32mBuilding CXX object CMakeFiles/cartographer.io.fake_file_writer_test.dir/cartographer/io/fake_file_writer_test.cc.o[0m
[42.145s] [ 59%] [32mBuilding CXX object CMakeFiles/cartographer.common.internal.rate_timer_test.dir/cartographer/common/internal/rate_timer_test.cc.o[0m
[42.145s] [ 59%] [32mBuilding CXX object CMakeFiles/cartographer.io.serialization_format_migration_test.dir/cartographer/io/serialization_format_migration_test.cc.o[0m
[42.269s] [ 59%] [32m[1mLinking CXX executable cartographer_compute_relations_metrics[0m
[42.651s] [ 59%] Built target cartographer_compute_relations_metrics
[42.694s] [ 60%] [32mBuilding CXX object CMakeFiles/cartographer.mapping.2d.map_limits_test.dir/cartographer/mapping/2d/map_limits_test.cc.o[0m
[43.808s] [ 61%] [32m[1mLinking CXX executable cartographer.common.fixed_ratio_sampler_test[0m
[43.975s] [ 61%] Built target cartographer.common.fixed_ratio_sampler_test
[44.000s] [ 61%] [32mBuilding CXX object CMakeFiles/cartographer.mapping.2d.probability_grid_test.dir/cartographer/mapping/2d/probability_grid_test.cc.o[0m
[44.074s] [ 62%] [32m[1mLinking CXX executable cartographer.common.thread_pool_test[0m
[44.161s] [ 62%] [32m[1mLinking CXX executable cartographer.io.proto_stream_test[0m
[44.326s] [ 62%] Built target cartographer.common.thread_pool_test
[44.381s] [ 63%] [32mBuilding CXX object CMakeFiles/cartographer.mapping.2d.range_data_inserter_2d_test.dir/cartographer/mapping/2d/range_data_inserter_2d_test.cc.o[0m
[44.415s] [ 63%] Built target cartographer.io.proto_stream_test
[44.448s] [ 63%] [32mBuilding CXX object CMakeFiles/cartographer.mapping.2d.submap_2d_test.dir/cartographer/mapping/2d/submap_2d_test.cc.o[0m
[44.667s] [ 63%] [32m[1mLinking CXX executable cartographer.io.fake_file_writer_test[0m
[44.804s] [ 64%] [32m[1mLinking CXX executable cartographer.common.math_test[0m
[44.877s] [ 65%] [32m[1mLinking CXX executable cartographer.io.internal.in_memory_proto_stream_test[0m
[44.909s] [ 65%] Built target cartographer.io.fake_file_writer_test
[44.953s] [ 66%] [32mBuilding CXX object CMakeFiles/cartographer.mapping.2d.xy_index_test.dir/cartographer/mapping/2d/xy_index_test.cc.o[0m
[44.959s] [ 67%] [32m[1mLinking CXX executable cartographer.common.internal.rate_timer_test[0m
[44.983s] [ 67%] Built target cartographer.common.math_test
[45.029s] [ 67%] [32mBuilding CXX object CMakeFiles/cartographer.mapping.3d.hybrid_grid_test.dir/cartographer/mapping/3d/hybrid_grid_test.cc.o[0m
[45.085s] [ 67%] Built target cartographer.io.internal.in_memory_proto_stream_test
[45.106s] [ 67%] Built target cartographer.common.internal.rate_timer_test
[45.126s] [ 68%] [32mBuilding CXX object CMakeFiles/cartographer.mapping.3d.range_data_inserter_3d_test.dir/cartographer/mapping/3d/range_data_inserter_3d_test.cc.o[0m
[45.152s] [ 68%] [32mBuilding CXX object CMakeFiles/cartographer.mapping.3d.submap_3d_test.dir/cartographer/mapping/3d/submap_3d_test.cc.o[0m
[45.247s] [ 68%] [32m[1mLinking CXX executable cartographer.io.proto_stream_deserializer_test[0m
[45.565s] [ 68%] Built target cartographer.io.proto_stream_deserializer_test
[45.590s] [ 69%] [32mBuilding CXX object CMakeFiles/cartographer.mapping.id_test.dir/cartographer/mapping/id_test.cc.o[0m
[45.590s] [ 69%] [32m[1mLinking CXX executable cartographer.common.internal.blocking_queue_test[0m
[45.612s] [ 69%] [32m[1mLinking CXX executable cartographer.common.lua_parameter_dictionary_test[0m
[45.659s] [ 69%] [32m[1mLinking CXX executable cartographer.io.points_processor_pipeline_builder_test[0m
[45.751s] [ 69%] Built target cartographer.common.internal.blocking_queue_test
[45.800s] [ 69%] [32mBuilding CXX object CMakeFiles/cartographer.mapping.imu_tracker_test.dir/cartographer/mapping/imu_tracker_test.cc.o[0m
[45.815s] [ 69%] Built target cartographer.common.lua_parameter_dictionary_test
[45.858s] [ 70%] [32mBuilding CXX object CMakeFiles/cartographer.mapping.internal.2d.normal_estimation_2d_test.dir/cartographer/mapping/internal/2d/normal_estimation_2d_test.cc.o[0m
[45.860s] [ 70%] [32m[1mLinking CXX executable cartographer.common.task_test[0m
[45.950s] [ 70%] Built target cartographer.io.points_processor_pipeline_builder_test
[45.994s] [ 70%] [32mBuilding CXX object CMakeFiles/cartographer.mapping.internal.2d.overlapping_submaps_trimmer_2d_test.dir/cartographer/mapping/internal/2d/overlapping_submaps_trimmer_2d_test.cc.o[0m
[46.055s] [ 70%] Built target cartographer.common.task_test
[46.095s] [ 71%] [32mBuilding CXX object CMakeFiles/cartographer.mapping.internal.2d.pose_graph_2d_test.dir/cartographer/mapping/internal/2d/pose_graph_2d_test.cc.o[0m
[46.102s] [ 71%] [32m[1mLinking CXX executable cartographer.common.configuration_files_test[0m
[46.394s] [ 71%] Built target cartographer.common.configuration_files_test
[46.424s] [ 71%] [32mBuilding CXX object CMakeFiles/cartographer.mapping.internal.2d.ray_to_pixel_mask_test.dir/cartographer/mapping/internal/2d/ray_to_pixel_mask_test.cc.o[0m
[46.430s] [ 71%] [32m[1mLinking CXX executable cartographer.mapping.2d.map_limits_test[0m
[46.698s] [ 71%] Built target cartographer.mapping.2d.map_limits_test
[46.740s] [ 72%] [32mBuilding CXX object CMakeFiles/cartographer.mapping.internal.2d.scan_matching.ceres_scan_matcher_2d_test.dir/cartographer/mapping/internal/2d/scan_matching/ceres_scan_matcher_2d_test.cc.o[0m
[46.780s] [ 72%] [32m[1mLinking CXX executable cartographer.io.serialization_format_migration_test[0m
[47.093s] [ 72%] Built target cartographer.io.serialization_format_migration_test
[47.135s] [ 72%] [32mBuilding CXX object CMakeFiles/cartographer.mapping.internal.2d.scan_matching.correlative_scan_matcher_test.dir/cartographer/mapping/internal/2d/scan_matching/correlative_scan_matcher_test.cc.o[0m
[47.753s] [ 73%] [32m[1mLinking CXX executable cartographer.io.probability_grid_points_processor_test[0m
[48.196s] [ 73%] Built target cartographer.io.probability_grid_points_processor_test
[48.202s] [ 73%] [32m[1mLinking CXX executable cartographer.mapping.2d.xy_index_test[0m
[48.248s] [ 74%] [32mBuilding CXX object CMakeFiles/cartographer.mapping.internal.2d.scan_matching.fast_correlative_scan_matcher_2d_test.dir/cartographer/mapping/internal/2d/scan_matching/fast_correlative_scan_matcher_2d_test.cc.o[0m
[48.326s] [ 74%] [32m[1mLinking CXX executable cartographer.mapping.2d.range_data_inserter_2d_test[0m
[48.419s] [ 74%] Built target cartographer.mapping.2d.xy_index_test
[48.468s] [ 74%] [32mBuilding CXX object CMakeFiles/cartographer.mapping.internal.2d.scan_matching.interpolated_tsdf_2d_test.dir/cartographer/mapping/internal/2d/scan_matching/interpolated_tsdf_2d_test.cc.o[0m
[48.526s] [ 74%] Built target cartographer.mapping.2d.range_data_inserter_2d_test
[48.544s] [ 74%] [32m[1mLinking CXX executable cartographer.mapping.imu_tracker_test[0m
[48.566s] [ 74%] [32mBuilding CXX object CMakeFiles/cartographer.mapping.internal.2d.scan_matching.occupied_space_cost_function_2d_test.dir/cartographer/mapping/internal/2d/scan_matching/occupied_space_cost_function_2d_test.cc.o[0m
[48.780s] [ 74%] Built target cartographer.mapping.imu_tracker_test
[48.829s] [ 74%] [32mBuilding CXX object CMakeFiles/cartographer.mapping.internal.2d.scan_matching.real_time_correlative_scan_matcher_2d_test.dir/cartographer/mapping/internal/2d/scan_matching/real_time_correlative_scan_matcher_2d_test.cc.o[0m
[48.870s] [ 74%] [32m[1mLinking CXX executable cartographer.mapping.2d.probability_grid_test[0m
[49.118s] [ 74%] Built target cartographer.mapping.2d.probability_grid_test
[49.145s] [ 74%] [32mBuilding CXX object CMakeFiles/cartographer.mapping.internal.2d.scan_matching.tsdf_match_cost_function_2d_test.dir/cartographer/mapping/internal/2d/scan_matching/tsdf_match_cost_function_2d_test.cc.o[0m
[49.814s] [ 74%] [32m[1mLinking CXX executable cartographer.mapping.2d.submap_2d_test[0m
[50.315s] [ 74%] Built target cartographer.mapping.2d.submap_2d_test
[50.352s] [ 74%] [32mBuilding CXX object CMakeFiles/cartographer.mapping.internal.2d.tsd_value_converter_test.dir/cartographer/mapping/internal/2d/tsd_value_converter_test.cc.o[0m
[50.469s] [ 74%] [32m[1mLinking CXX executable cartographer.mapping.internal.2d.normal_estimation_2d_test[0m
[50.478s] [ 74%] [32m[1mLinking CXX executable cartographer.mapping.3d.range_data_inserter_3d_test[0m
[50.505s] [ 74%] [32m[1mLinking CXX executable cartographer.mapping.3d.submap_3d_test[0m
[50.558s] [ 74%] [32m[1mLinking CXX executable cartographer.mapping.id_test[0m
[50.704s] [ 74%] Built target cartographer.mapping.internal.2d.normal_estimation_2d_test
[50.721s] [ 74%] Built target cartographer.mapping.3d.range_data_inserter_3d_test
[50.724s] [ 74%] [32mBuilding CXX object CMakeFiles/cartographer.mapping.internal.2d.tsdf_2d_test.dir/cartographer/mapping/internal/2d/tsdf_2d_test.cc.o[0m
[50.752s] [ 74%] [32mBuilding CXX object CMakeFiles/cartographer.mapping.internal.2d.tsdf_range_data_inserter_2d_test.dir/cartographer/mapping/internal/2d/tsdf_range_data_inserter_2d_test.cc.o[0m
[50.755s] [ 74%] Built target cartographer.mapping.3d.submap_3d_test
[50.792s] [ 74%] [32mBuilding CXX object CMakeFiles/cartographer.mapping.internal.3d.local_trajectory_builder_3d_test.dir/cartographer/mapping/internal/3d/local_trajectory_builder_3d_test.cc.o[0m
[50.799s] [ 74%] Built target cartographer.mapping.id_test
[50.851s] [ 74%] [32mBuilding CXX object CMakeFiles/cartographer.mapping.internal.3d.pose_graph_3d_test.dir/cartographer/mapping/internal/3d/pose_graph_3d_test.cc.o[0m
[51.658s] [ 74%] [32m[1mLinking CXX executable cartographer.mapping.internal.2d.scan_matching.correlative_scan_matcher_test[0m
[51.942s] [ 74%] Built target cartographer.mapping.internal.2d.scan_matching.correlative_scan_matcher_test
[51.989s] [ 74%] [32mBuilding CXX object CMakeFiles/cartographer.mapping.internal.3d.rotation_parameterization_test.dir/cartographer/mapping/internal/3d/rotation_parameterization_test.cc.o[0m
[52.030s] [ 74%] [32m[1mLinking CXX executable cartographer.mapping.internal.3d.rotation_parameterization_test[0m
[52.122s] [ 74%] [32m[1mLinking CXX executable cartographer.mapping.3d.hybrid_grid_test[0m
[52.144s] [ 74%] [32m[1mLinking CXX executable cartographer.mapping.internal.2d.ray_to_pixel_mask_test[0m
[52.179s] [ 74%] Built target cartographer.mapping.internal.3d.rotation_parameterization_test
[52.222s] [ 74%] [32mBuilding CXX object CMakeFiles/cartographer.mapping.internal.3d.scan_matching.ceres_scan_matcher_3d_test.dir/cartographer/mapping/internal/3d/scan_matching/ceres_scan_matcher_3d_test.cc.o[0m
[52.284s] [ 74%] Built target cartographer.mapping.internal.2d.ray_to_pixel_mask_test
[52.314s] [ 74%] [32mBuilding CXX object CMakeFiles/cartographer.mapping.internal.3d.scan_matching.fast_correlative_scan_matcher_3d_test.dir/cartographer/mapping/internal/3d/scan_matching/fast_correlative_scan_matcher_3d_test.cc.o[0m
[52.318s] [ 74%] Built target cartographer.mapping.3d.hybrid_grid_test
[52.363s] [ 74%] [32mBuilding CXX object CMakeFiles/cartographer.mapping.internal.3d.scan_matching.intensity_cost_function_3d_test.dir/cartographer/mapping/internal/3d/scan_matching/intensity_cost_function_3d_test.cc.o[0m
[52.432s] [ 74%] [32m[1mLinking CXX executable cartographer.mapping.internal.2d.scan_matching.ceres_scan_matcher_2d_test[0m
[52.739s] [ 74%] Built target cartographer.mapping.internal.2d.scan_matching.ceres_scan_matcher_2d_test
[52.780s] [ 74%] [32mBuilding CXX object CMakeFiles/cartographer.mapping.internal.3d.scan_matching.interpolated_grid_test.dir/cartographer/mapping/internal/3d/scan_matching/interpolated_grid_test.cc.o[0m
[52.783s] [ 74%] [32m[1mLinking CXX executable cartographer.mapping.internal.2d.scan_matching.occupied_space_cost_function_2d_test[0m
[52.788s] [ 75%] [32m[1mLinking CXX executable cartographer.mapping.internal.2d.scan_matching.interpolated_tsdf_2d_test[0m
[52.945s] [ 76%] [32m[1mLinking CXX executable cartographer.mapping.internal.2d.scan_matching.real_time_correlative_scan_matcher_2d_test[0m
[53.064s] [ 76%] Built target cartographer.mapping.internal.2d.scan_matching.interpolated_tsdf_2d_test
[53.075s] [ 76%] Built target cartographer.mapping.internal.2d.scan_matching.occupied_space_cost_function_2d_test
[53.104s] [ 76%] [32mBuilding CXX object CMakeFiles/cartographer.mapping.internal.3d.scan_matching.precomputation_grid_3d_test.dir/cartographer/mapping/internal/3d/scan_matching/precomputation_grid_3d_test.cc.o[0m
[53.111s] [ 76%] [32mBuilding CXX object CMakeFiles/cartographer.mapping.internal.3d.scan_matching.real_time_correlative_scan_matcher_3d_test.dir/cartographer/mapping/internal/3d/scan_matching/real_time_correlative_scan_matcher_3d_test.cc.o[0m
[53.134s] [ 76%] [32m[1mLinking CXX executable cartographer.mapping.internal.2d.overlapping_submaps_trimmer_2d_test[0m
[53.223s] [ 76%] Built target cartographer.mapping.internal.2d.scan_matching.real_time_correlative_scan_matcher_2d_test
[53.264s] [ 76%] [32mBuilding CXX object CMakeFiles/cartographer.mapping.internal.3d.scan_matching.rotation_delta_cost_functor_3d_test.dir/cartographer/mapping/internal/3d/scan_matching/rotation_delta_cost_functor_3d_test.cc.o[0m
[53.417s] [ 77%] [32m[1mLinking CXX executable cartographer.mapping.internal.2d.tsd_value_converter_test[0m
[53.435s] [ 77%] Built target cartographer.mapping.internal.2d.overlapping_submaps_trimmer_2d_test
[53.466s] [ 77%] [32mBuilding CXX object CMakeFiles/cartographer.mapping.internal.3d.scan_matching.rotational_scan_matcher_test.dir/cartographer/mapping/internal/3d/scan_matching/rotational_scan_matcher_test.cc.o[0m
[53.653s] [ 77%] Built target cartographer.mapping.internal.2d.tsd_value_converter_test
[53.695s] [ 77%] [32mBuilding CXX object CMakeFiles/cartographer.mapping.internal.connected_components_test.dir/cartographer/mapping/internal/connected_components_test.cc.o[0m
[54.368s] [ 77%] [32m[1mLinking CXX executable cartographer.mapping.internal.2d.scan_matching.tsdf_match_cost_function_2d_test[0m
[54.679s] [ 77%] Built target cartographer.mapping.internal.2d.scan_matching.tsdf_match_cost_function_2d_test
[54.701s] [ 77%] [32mBuilding CXX object CMakeFiles/cartographer.mapping.internal.constraints.constraint_builder_2d_test.dir/cartographer/mapping/internal/constraints/constraint_builder_2d_test.cc.o[0m
[54.702s] [ 77%] [32m[1mLinking CXX executable cartographer.mapping.internal.2d.pose_graph_2d_test[0m
[54.879s] [ 77%] [32m[1mLinking CXX executable cartographer.mapping.internal.2d.scan_matching.fast_correlative_scan_matcher_2d_test[0m
[54.918s] [ 77%] [32m[1mLinking CXX executable cartographer.mapping.internal.2d.tsdf_2d_test[0m
[55.116s] [ 77%] Built target cartographer.mapping.internal.2d.scan_matching.fast_correlative_scan_matcher_2d_test
[55.136s] [ 77%] Built target cartographer.mapping.internal.2d.pose_graph_2d_test
[55.142s] [ 78%] [32mBuilding CXX object CMakeFiles/cartographer.mapping.internal.constraints.constraint_builder_3d_test.dir/cartographer/mapping/internal/constraints/constraint_builder_3d_test.cc.o[0m
[55.164s] [ 78%] [32mBuilding CXX object CMakeFiles/cartographer.mapping.internal.motion_filter_test.dir/cartographer/mapping/internal/motion_filter_test.cc.o[0m
[55.207s] [ 78%] Built target cartographer.mapping.internal.2d.tsdf_2d_test
[55.252s] [ 79%] [32mBuilding CXX object CMakeFiles/cartographer.mapping.internal.optimization.cost_functions.landmark_cost_function_2d_test.dir/cartographer/mapping/internal/optimization/cost_functions/landmark_cost_function_2d_test.cc.o[0m
[56.008s] [ 80%] [32m[1mLinking CXX executable cartographer.mapping.internal.2d.tsdf_range_data_inserter_2d_test[0m
[56.260s] [ 80%] Built target cartographer.mapping.internal.2d.tsdf_range_data_inserter_2d_test
[56.307s] [ 80%] [32mBuilding CXX object CMakeFiles/cartographer.mapping.internal.optimization.cost_functions.landmark_cost_function_3d_test.dir/cartographer/mapping/internal/optimization/cost_functions/landmark_cost_function_3d_test.cc.o[0m
[56.427s] [ 81%] [32m[1mLinking CXX executable cartographer.mapping.internal.3d.scan_matching.rotation_delta_cost_functor_3d_test[0m
[56.708s] [ 81%] Built target cartographer.mapping.internal.3d.scan_matching.rotation_delta_cost_functor_3d_test
[56.740s] [ 81%] [32m[1mLinking CXX executable cartographer.mapping.internal.3d.scan_matching.rotational_scan_matcher_test[0m
[56.755s] [ 82%] [32mBuilding CXX object CMakeFiles/cartographer.mapping.internal.optimization.cost_functions.spa_cost_function_2d_test.dir/cartographer/mapping/internal/optimization/cost_functions/spa_cost_function_2d_test.cc.o[0m
[56.853s] [ 83%] [32m[1mLinking CXX executable cartographer.mapping.internal.3d.scan_matching.precomputation_grid_3d_test[0m
[56.944s] [ 83%] Built target cartographer.mapping.internal.3d.scan_matching.rotational_scan_matcher_test
[56.947s] [ 83%] [32m[1mLinking CXX executable cartographer.mapping.internal.3d.scan_matching.interpolated_grid_test[0m
[56.977s] [ 83%] [32mBuilding CXX object CMakeFiles/cartographer.mapping.internal.optimization.optimization_problem_3d_test.dir/cartographer/mapping/internal/optimization/optimization_problem_3d_test.cc.o[0m
[57.034s] [ 84%] [32m[1mLinking CXX executable cartographer.mapping.internal.3d.scan_matching.intensity_cost_function_3d_test[0m
[57.041s] [ 84%] Built target cartographer.mapping.internal.3d.scan_matching.precomputation_grid_3d_test
[57.092s] [ 85%] [32mBuilding CXX object CMakeFiles/cartographer.mapping.internal.range_data_collator_test.dir/cartographer/mapping/internal/range_data_collator_test.cc.o[0m
[57.119s] [ 85%] Built target cartographer.mapping.internal.3d.scan_matching.interpolated_grid_test
[57.153s] [ 85%] [32mBuilding CXX object CMakeFiles/cartographer.mapping.internal.trajectory_connectivity_state_test.dir/cartographer/mapping/internal/trajectory_connectivity_state_test.cc.o[0m
[57.205s] [ 85%] Built target cartographer.mapping.internal.3d.scan_matching.intensity_cost_function_3d_test
[57.256s] [ 86%] [32mBuilding CXX object CMakeFiles/cartographer.mapping.map_builder_test.dir/cartographer/mapping/map_builder_test.cc.o[0m
[57.574s] [ 87%] [32m[1mLinking CXX executable cartographer.mapping.internal.connected_components_test[0m
[57.939s] [ 87%] Built target cartographer.mapping.internal.connected_components_test
[57.994s] [ 87%] [32mBuilding CXX object CMakeFiles/cartographer.mapping.pose_extrapolator_test.dir/cartographer/mapping/pose_extrapolator_test.cc.o[0m
[58.071s] [ 87%] [32m[1mLinking CXX executable cartographer.mapping.internal.3d.local_trajectory_builder_3d_test[0m
[58.530s] [ 87%] Built target cartographer.mapping.internal.3d.local_trajectory_builder_3d_test
[58.578s] [ 88%] [32mBuilding CXX object CMakeFiles/cartographer.mapping.pose_graph_test.dir/cartographer/mapping/pose_graph_test.cc.o[0m
[58.732s] [ 89%] [32m[1mLinking CXX executable cartographer.mapping.internal.3d.pose_graph_3d_test[0m
[58.781s] [ 89%] [32m[1mLinking CXX executable cartographer.mapping.internal.motion_filter_test[0m
[58.983s] [ 89%] [32m[1mLinking CXX executable cartographer.mapping.internal.3d.scan_matching.real_time_correlative_scan_matcher_3d_test[0m
[59.015s] [ 89%] Built target cartographer.mapping.internal.motion_filter_test
[59.060s] [ 89%] [32mBuilding CXX object CMakeFiles/cartographer.mapping.pose_graph_trimmer_test.dir/cartographer/mapping/pose_graph_trimmer_test.cc.o[0m
[59.091s] [ 90%] [32m[1mLinking CXX executable cartographer.mapping.internal.3d.scan_matching.ceres_scan_matcher_3d_test[0m
[59.112s] [ 90%] Built target cartographer.mapping.internal.3d.pose_graph_3d_test
[59.163s] [ 91%] [32mBuilding CXX object CMakeFiles/cartographer.mapping.probability_values_test.dir/cartographer/mapping/probability_values_test.cc.o[0m
[59.171s] [ 91%] Built target cartographer.mapping.internal.3d.scan_matching.real_time_correlative_scan_matcher_3d_test
[59.196s] [ 91%] [32mBuilding CXX object CMakeFiles/cartographer.mapping.submaps_test.dir/cartographer/mapping/submaps_test.cc.o[0m
[59.288s] [ 91%] Built target cartographer.mapping.internal.3d.scan_matching.ceres_scan_matcher_3d_test
[59.309s] [ 92%] [32mBuilding CXX object CMakeFiles/cartographer.mapping.trajectory_node_test.dir/cartographer/mapping/trajectory_node_test.cc.o[0m
[59.830s] [ 92%] [32m[1mLinking CXX executable cartographer.mapping.internal.3d.scan_matching.fast_correlative_scan_matcher_3d_test[0m
[60.119s] [ 92%] Built target cartographer.mapping.internal.3d.scan_matching.fast_correlative_scan_matcher_3d_test
[60.161s] [ 92%] [32mBuilding CXX object CMakeFiles/cartographer.mapping.value_conversion_tables_test.dir/cartographer/mapping/value_conversion_tables_test.cc.o[0m
[60.995s] [ 92%] [32m[1mLinking CXX executable cartographer.mapping.internal.trajectory_connectivity_state_test[0m
[61.280s] [ 92%] Built target cartographer.mapping.internal.trajectory_connectivity_state_test
[61.323s] [ 93%] [32mBuilding CXX object CMakeFiles/cartographer.sensor.compressed_point_cloud_test.dir/cartographer/sensor/compressed_point_cloud_test.cc.o[0m
[61.477s] [ 93%] [32m[1mLinking CXX executable cartographer.mapping.internal.constraints.constraint_builder_2d_test[0m
[61.771s] [ 93%] Built target cartographer.mapping.internal.constraints.constraint_builder_2d_test
[61.794s] [ 93%] [32mBuilding CXX object CMakeFiles/cartographer.sensor.internal.collator_test.dir/cartographer/sensor/internal/collator_test.cc.o[0m
[61.885s] [ 93%] [32m[1mLinking CXX executable cartographer.mapping.probability_values_test[0m
[61.934s] [ 93%] [32m[1mLinking CXX executable cartographer.mapping.value_conversion_tables_test[0m
[61.957s] [ 93%] [32m[1mLinking CXX executable cartographer.mapping.internal.range_data_collator_test[0m
[62.063s] [ 93%] Built target cartographer.mapping.probability_values_test
[62.112s] [ 94%] Built target cartographer.mapping.internal.range_data_collator_test
[62.113s] [ 94%] [32mBuilding CXX object CMakeFiles/cartographer.sensor.internal.ordered_multi_queue_test.dir/cartographer/sensor/internal/ordered_multi_queue_test.cc.o[0m
[62.129s] [ 94%] Built target cartographer.mapping.value_conversion_tables_test
[62.148s] [ 94%] [32mBuilding CXX object CMakeFiles/cartographer.sensor.internal.trajectory_collator_test.dir/cartographer/sensor/internal/trajectory_collator_test.cc.o[0m
[62.165s] [ 94%] [32mBuilding CXX object CMakeFiles/cartographer.sensor.internal.voxel_filter_test.dir/cartographer/sensor/internal/voxel_filter_test.cc.o[0m
[62.203s] [ 94%] [32m[1mLinking CXX executable cartographer.mapping.internal.constraints.constraint_builder_3d_test[0m
[62.278s] [ 94%] [32m[1mLinking CXX executable cartographer.mapping.submaps_test[0m
[62.445s] [ 94%] [32m[1mLinking CXX executable cartographer.mapping.internal.optimization.optimization_problem_3d_test[0m
[62.449s] [ 94%] Built target cartographer.mapping.submaps_test
[62.488s] [ 94%] [32mBuilding CXX object CMakeFiles/cartographer.sensor.landmark_data_test.dir/cartographer/sensor/landmark_data_test.cc.o[0m
[62.531s] [ 94%] [32m[1mLinking CXX executable cartographer.mapping.pose_graph_test[0m
[62.558s] [ 94%] Built target cartographer.mapping.internal.constraints.constraint_builder_3d_test
[62.602s] [ 94%] [32mBuilding CXX object CMakeFiles/cartographer.sensor.map_by_time_test.dir/cartographer/sensor/map_by_time_test.cc.o[0m
[62.633s] [ 94%] Built target cartographer.mapping.internal.optimization.optimization_problem_3d_test
[62.654s] [ 94%] [32mBuilding CXX object CMakeFiles/cartographer.sensor.point_cloud_test.dir/cartographer/sensor/point_cloud_test.cc.o[0m
[62.806s] [ 94%] [32m[1mLinking CXX executable cartographer.mapping.internal.optimization.cost_functions.landmark_cost_function_2d_test[0m
[62.845s] [ 94%] Built target cartographer.mapping.pose_graph_test
[62.895s] [ 94%] [32mBuilding CXX object CMakeFiles/cartographer.sensor.range_data_test.dir/cartographer/sensor/range_data_test.cc.o[0m
[62.961s] [ 94%] Built target cartographer.mapping.internal.optimization.cost_functions.landmark_cost_function_2d_test
[63.005s] [ 94%] [32mBuilding CXX object CMakeFiles/cartographer.transform.rigid_transform_test.dir/cartographer/transform/rigid_transform_test.cc.o[0m
[63.036s] [ 94%] [32m[1mLinking CXX executable cartographer.mapping.internal.optimization.cost_functions.spa_cost_function_2d_test[0m
[63.265s] [ 94%] [32m[1mLinking CXX executable cartographer.mapping.pose_graph_trimmer_test[0m
[63.282s] [ 94%] Built target cartographer.mapping.internal.optimization.cost_functions.spa_cost_function_2d_test
[63.321s] [ 94%] [32mBuilding CXX object CMakeFiles/cartographer.transform.timestamped_transform_test.dir/cartographer/transform/timestamped_transform_test.cc.o[0m
[63.414s] [ 94%] Built target cartographer.mapping.pose_graph_trimmer_test
[63.462s] [ 94%] [32mBuilding CXX object CMakeFiles/cartographer.transform.transform_interpolation_buffer_test.dir/cartographer/transform/transform_interpolation_buffer_test.cc.o[0m
[63.657s] [ 94%] [32m[1mLinking CXX executable cartographer.mapping.internal.optimization.cost_functions.landmark_cost_function_3d_test[0m
[63.868s] [ 94%] Built target cartographer.mapping.internal.optimization.cost_functions.landmark_cost_function_3d_test
[63.914s] [ 94%] [32mBuilding CXX object CMakeFiles/cartographer.transform.transform_test.dir/cartographer/transform/transform_test.cc.o[0m
[64.103s] [ 94%] [32m[1mLinking CXX executable cartographer.mapping.pose_extrapolator_test[0m
[64.312s] [ 94%] Built target cartographer.mapping.pose_extrapolator_test
[64.552s] [ 94%] [32m[1mLinking CXX executable cartographer.mapping.trajectory_node_test[0m
[64.718s] [ 94%] Built target cartographer.mapping.trajectory_node_test
[65.402s] [ 94%] [32m[1mLinking CXX executable cartographer.sensor.compressed_point_cloud_test[0m
[65.467s] [ 94%] [32m[1mLinking CXX executable cartographer.sensor.map_by_time_test[0m
[65.583s] [ 94%] Built target cartographer.sensor.compressed_point_cloud_test
[65.607s] [ 94%] Built target cartographer.sensor.map_by_time_test
[65.896s] [ 94%] [32m[1mLinking CXX executable cartographer.mapping.map_builder_test[0m
[66.034s] [ 94%] [32m[1mLinking CXX executable cartographer.sensor.internal.ordered_multi_queue_test[0m
[66.191s] [ 94%] Built target cartographer.sensor.internal.ordered_multi_queue_test
[66.270s] [ 94%] Built target cartographer.mapping.map_builder_test
[66.309s] [ 94%] [32m[1mLinking CXX executable cartographer.sensor.range_data_test[0m
[66.365s] [ 94%] [32m[1mLinking CXX executable cartographer.sensor.internal.voxel_filter_test[0m
[66.444s] [ 94%] Built target cartographer.sensor.range_data_test
[66.535s] [ 94%] Built target cartographer.sensor.internal.voxel_filter_test
[66.864s] [ 94%] [32m[1mLinking CXX executable cartographer.transform.timestamped_transform_test[0m
[66.970s] [ 94%] Built target cartographer.transform.timestamped_transform_test
[66.990s] [ 95%] [32m[1mLinking CXX executable cartographer.sensor.point_cloud_test[0m
[67.012s] [ 96%] [32m[1mLinking CXX executable cartographer.sensor.internal.trajectory_collator_test[0m
[67.080s] [ 96%] Built target cartographer.sensor.point_cloud_test
[67.111s] [ 96%] Built target cartographer.sensor.internal.trajectory_collator_test
[67.255s] [ 97%] [32m[1mLinking CXX executable cartographer.transform.transform_interpolation_buffer_test[0m
[67.367s] [ 97%] Built target cartographer.transform.transform_interpolation_buffer_test
[67.459s] [ 97%] [32m[1mLinking CXX executable cartographer.sensor.internal.collator_test[0m
[67.542s] [ 97%] Built target cartographer.sensor.internal.collator_test
[67.920s] [ 97%] [32m[1mLinking CXX executable cartographer.transform.transform_test[0m
[67.999s] [ 97%] Built target cartographer.transform.transform_test
[68.054s] [ 98%] [32m[1mLinking CXX executable cartographer.sensor.landmark_data_test[0m
[68.155s] [ 98%] Built target cartographer.sensor.landmark_data_test
[69.588s] [100%] [32m[1mLinking CXX executable cartographer.transform.rigid_transform_test[0m
[69.668s] [100%] Built target cartographer.transform.rigid_transform_test
[69.678s] Invoked command in '/home/rick/cartographer_ws/build/cartographer' returned '0': CMAKE_PREFIX_PATH=/opt/ros/humble /usr/bin/cmake --build /home/rick/cartographer_ws/build/cartographer -- -j16 -l16
[69.679s] Invoking command in '/home/rick/cartographer_ws/build/cartographer': CMAKE_PREFIX_PATH=/opt/ros/humble /usr/bin/cmake --install /home/rick/cartographer_ws/build/cartographer
[69.684s] -- Install configuration: "Release"
[69.684s] -- Installing: /home/rick/cartographer_ws/install/cartographer/share/cartographer/package.xml
[69.684s] -- Installing: /home/rick/cartographer_ws/install/cartographer/share/cartographer//configuration_files
[69.684s] -- Installing: /home/rick/cartographer_ws/install/cartographer/share/cartographer//configuration_files/trajectory_builder_3d.lua
[69.684s] -- Installing: /home/rick/cartographer_ws/install/cartographer/share/cartographer//configuration_files/map_builder.lua
[69.684s] -- Installing: /home/rick/cartographer_ws/install/cartographer/share/cartographer//configuration_files/map_builder_server.lua
[69.684s] -- Installing: /home/rick/cartographer_ws/install/cartographer/share/cartographer//configuration_files/pose_graph.lua
[69.684s] -- Installing: /home/rick/cartographer_ws/install/cartographer/share/cartographer//configuration_files/trajectory_builder.lua
[69.684s] -- Installing: /home/rick/cartographer_ws/install/cartographer/share/cartographer//configuration_files/trajectory_builder_2d.lua
[69.684s] -- Installing: /home/rick/cartographer_ws/install/cartographer/share/cartographer//cmake
[69.684s] -- Installing: /home/rick/cartographer_ws/install/cartographer/share/cartographer//cmake/functions.cmake
[69.684s] -- Installing: /home/rick/cartographer_ws/install/cartographer/share/cartographer//cmake/modules
[69.684s] -- Installing: /home/rick/cartographer_ws/install/cartographer/share/cartographer//cmake/modules/FindLuaGoogle.cmake
[69.684s] -- Installing: /home/rick/cartographer_ws/install/cartographer/share/cartographer//cmake/modules/FindSphinx.cmake
[69.685s] -- Installing: /home/rick/cartographer_ws/install/cartographer/share/cartographer//cmake/modules/FindEigen3.cmake
[69.685s] -- Installing: /home/rick/cartographer_ws/install/cartographer/share/cartographer//cmake/modules/FindGMock.cmake
[69.685s] -- Installing: /home/rick/cartographer_ws/install/cartographer/bin/cartographer_autogenerate_ground_truth
[69.685s] -- Installing: /home/rick/cartographer_ws/install/cartographer/bin/cartographer_compute_relations_metrics
[69.686s] -- Installing: /home/rick/cartographer_ws/install/cartographer/bin/cartographer_pbstream
[69.687s] -- Installing: /home/rick/cartographer_ws/install/cartographer/bin/cartographer_print_configuration
[69.687s] -- Installing: /home/rick/cartographer_ws/install/cartographer/lib/libcartographer.a
[69.692s] -- Installing: /home/rick/cartographer_ws/install/cartographer/include/cartographer/common/configuration_file_resolver.h
[69.692s] -- Installing: /home/rick/cartographer_ws/install/cartographer/include/cartographer/common/fixed_ratio_sampler.h
[69.692s] -- Installing: /home/rick/cartographer_ws/install/cartographer/include/cartographer/common/histogram.h
[69.692s] -- Installing: /home/rick/cartographer_ws/install/cartographer/include/cartographer/common/lua.h
[69.692s] -- Installing: /home/rick/cartographer_ws/install/cartographer/include/cartographer/common/lua_parameter_dictionary.h
[69.692s] -- Installing: /home/rick/cartographer_ws/install/cartographer/include/cartographer/common/math.h
[69.692s] -- Installing: /home/rick/cartographer_ws/install/cartographer/include/cartographer/common/port.h
[69.692s] -- Installing: /home/rick/cartographer_ws/install/cartographer/include/cartographer/common/task.h
[69.692s] -- Installing: /home/rick/cartographer_ws/install/cartographer/include/cartographer/common/thread_pool.h
[69.692s] -- Installing: /home/rick/cartographer_ws/install/cartographer/include/cartographer/common/time.h
[69.692s] -- Installing: /home/rick/cartographer_ws/install/cartographer/include/cartographer/ground_truth/autogenerate_ground_truth.h
[69.692s] -- Installing: /home/rick/cartographer_ws/install/cartographer/include/cartographer/ground_truth/relations_text_file.h
[69.692s] -- Installing: /home/rick/cartographer_ws/install/cartographer/include/cartographer/io/color.h
[69.692s] -- Installing: /home/rick/cartographer_ws/install/cartographer/include/cartographer/io/coloring_points_processor.h
[69.692s] -- Installing: /home/rick/cartographer_ws/install/cartographer/include/cartographer/io/counting_points_processor.h
[69.692s] -- Installing: /home/rick/cartographer_ws/install/cartographer/include/cartographer/io/draw_trajectories.h
[69.692s] -- Installing: /home/rick/cartographer_ws/install/cartographer/include/cartographer/io/file_writer.h
[69.692s] -- Installing: /home/rick/cartographer_ws/install/cartographer/include/cartographer/io/fixed_ratio_sampling_points_processor.h
[69.692s] -- Installing: /home/rick/cartographer_ws/install/cartographer/include/cartographer/io/frame_id_filtering_points_processor.h
[69.692s] -- Installing: /home/rick/cartographer_ws/install/cartographer/include/cartographer/io/hybrid_grid_points_processor.h
[69.693s] -- Installing: /home/rick/cartographer_ws/install/cartographer/include/cartographer/io/image.h
[69.693s] -- Installing: /home/rick/cartographer_ws/install/cartographer/include/cartographer/io/intensity_to_color_points_processor.h
[69.693s] -- Installing: /home/rick/cartographer_ws/install/cartographer/include/cartographer/io/min_max_range_filtering_points_processor.h
[69.693s] -- Installing: /home/rick/cartographer_ws/install/cartographer/include/cartographer/io/null_points_processor.h
[69.693s] -- Installing: /home/rick/cartographer_ws/install/cartographer/include/cartographer/io/outlier_removing_points_processor.h
[69.693s] -- Installing: /home/rick/cartographer_ws/install/cartographer/include/cartographer/io/pcd_writing_points_processor.h
[69.693s] -- Installing: /home/rick/cartographer_ws/install/cartographer/include/cartographer/io/ply_writing_points_processor.h
[69.693s] -- Installing: /home/rick/cartographer_ws/install/cartographer/include/cartographer/io/points_batch.h
[69.693s] -- Installing: /home/rick/cartographer_ws/install/cartographer/include/cartographer/io/points_processor.h
[69.693s] -- Installing: /home/rick/cartographer_ws/install/cartographer/include/cartographer/io/points_processor_pipeline_builder.h
[69.693s] -- Installing: /home/rick/cartographer_ws/install/cartographer/include/cartographer/io/probability_grid_points_processor.h
[69.693s] -- Installing: /home/rick/cartographer_ws/install/cartographer/include/cartographer/io/proto_stream.h
[69.693s] -- Installing: /home/rick/cartographer_ws/install/cartographer/include/cartographer/io/proto_stream_deserializer.h
[69.693s] -- Installing: /home/rick/cartographer_ws/install/cartographer/include/cartographer/io/proto_stream_interface.h
[69.693s] -- Installing: /home/rick/cartographer_ws/install/cartographer/include/cartographer/io/serialization_format_migration.h
[69.693s] -- Installing: /home/rick/cartographer_ws/install/cartographer/include/cartographer/io/submap_painter.h
[69.693s] -- Installing: /home/rick/cartographer_ws/install/cartographer/include/cartographer/io/vertical_range_filtering_points_processor.h
[69.693s] -- Installing: /home/rick/cartographer_ws/install/cartographer/include/cartographer/io/xray_points_processor.h
[69.693s] -- Installing: /home/rick/cartographer_ws/install/cartographer/include/cartographer/io/xyz_writing_points_processor.h
[69.693s] -- Installing: /home/rick/cartographer_ws/install/cartographer/include/cartographer/mapping/2d/grid_2d.h
[69.693s] -- Installing: /home/rick/cartographer_ws/install/cartographer/include/cartographer/mapping/2d/map_limits.h
[69.693s] -- Installing: /home/rick/cartographer_ws/install/cartographer/include/cartographer/mapping/2d/probability_grid.h
[69.693s] -- Installing: /home/rick/cartographer_ws/install/cartographer/include/cartographer/mapping/2d/probability_grid_range_data_inserter_2d.h
[69.694s] -- Installing: /home/rick/cartographer_ws/install/cartographer/include/cartographer/mapping/2d/submap_2d.h
[69.694s] -- Installing: /home/rick/cartographer_ws/install/cartographer/include/cartographer/mapping/2d/xy_index.h
[69.694s] -- Installing: /home/rick/cartographer_ws/install/cartographer/include/cartographer/mapping/3d/hybrid_grid.h
[69.694s] -- Installing: /home/rick/cartographer_ws/install/cartographer/include/cartographer/mapping/3d/range_data_inserter_3d.h
[69.694s] -- Installing: /home/rick/cartographer_ws/install/cartographer/include/cartographer/mapping/3d/submap_3d.h
[69.694s] -- Installing: /home/rick/cartographer_ws/install/cartographer/include/cartographer/mapping/detect_floors.h
[69.694s] -- Installing: /home/rick/cartographer_ws/install/cartographer/include/cartographer/mapping/grid_interface.h
[69.694s] -- Installing: /home/rick/cartographer_ws/install/cartographer/include/cartographer/mapping/id.h
[69.694s] -- Installing: /home/rick/cartographer_ws/install/cartographer/include/cartographer/mapping/imu_tracker.h
[69.694s] -- Installing: /home/rick/cartographer_ws/install/cartographer/include/cartographer/mapping/map_builder.h
[69.694s] -- Installing: /home/rick/cartographer_ws/install/cartographer/include/cartographer/mapping/map_builder_interface.h
[69.694s] -- Installing: /home/rick/cartographer_ws/install/cartographer/include/cartographer/mapping/pose_extrapolator.h
[69.694s] -- Installing: /home/rick/cartographer_ws/install/cartographer/include/cartographer/mapping/pose_extrapolator_interface.h
[69.694s] -- Installing: /home/rick/cartographer_ws/install/cartographer/include/cartographer/mapping/pose_graph.h
[69.694s] -- Installing: /home/rick/cartographer_ws/install/cartographer/include/cartographer/mapping/pose_graph_interface.h
[69.694s] -- Installing: /home/rick/cartographer_ws/install/cartographer/include/cartographer/mapping/pose_graph_trimmer.h
[69.694s] -- Installing: /home/rick/cartographer_ws/install/cartographer/include/cartographer/mapping/probability_values.h
[69.694s] -- Installing: /home/rick/cartographer_ws/install/cartographer/include/cartographer/mapping/range_data_inserter_interface.h
[69.694s] -- Installing: /home/rick/cartographer_ws/install/cartographer/include/cartographer/mapping/submaps.h
[69.694s] -- Installing: /home/rick/cartographer_ws/install/cartographer/include/cartographer/mapping/trajectory_builder_interface.h
[69.694s] -- Installing: /home/rick/cartographer_ws/install/cartographer/include/cartographer/mapping/trajectory_node.h
[69.694s] -- Installing: /home/rick/cartographer_ws/install/cartographer/include/cartographer/mapping/value_conversion_tables.h
[69.695s] -- Installing: /home/rick/cartographer_ws/install/cartographer/include/cartographer/metrics/counter.h
[69.695s] -- Installing: /home/rick/cartographer_ws/install/cartographer/include/cartographer/metrics/family_factory.h
[69.695s] -- Installing: /home/rick/cartographer_ws/install/cartographer/include/cartographer/metrics/gauge.h
[69.695s] -- Installing: /home/rick/cartographer_ws/install/cartographer/include/cartographer/metrics/histogram.h
[69.695s] -- Installing: /home/rick/cartographer_ws/install/cartographer/include/cartographer/metrics/register.h
[69.695s] -- Installing: /home/rick/cartographer_ws/install/cartographer/include/cartographer/sensor/collator_interface.h
[69.695s] -- Installing: /home/rick/cartographer_ws/install/cartographer/include/cartographer/sensor/compressed_point_cloud.h
[69.695s] -- Installing: /home/rick/cartographer_ws/install/cartographer/include/cartographer/sensor/data.h
[69.695s] -- Installing: /home/rick/cartographer_ws/install/cartographer/include/cartographer/sensor/fixed_frame_pose_data.h
[69.695s] -- Installing: /home/rick/cartographer_ws/install/cartographer/include/cartographer/sensor/imu_data.h
[69.695s] -- Installing: /home/rick/cartographer_ws/install/cartographer/include/cartographer/sensor/landmark_data.h
[69.695s] -- Installing: /home/rick/cartographer_ws/install/cartographer/include/cartographer/sensor/map_by_time.h
[69.695s] -- Installing: /home/rick/cartographer_ws/install/cartographer/include/cartographer/sensor/odometry_data.h
[69.695s] -- Installing: /home/rick/cartographer_ws/install/cartographer/include/cartographer/sensor/point_cloud.h
[69.695s] -- Installing: /home/rick/cartographer_ws/install/cartographer/include/cartographer/sensor/range_data.h
[69.695s] -- Installing: /home/rick/cartographer_ws/install/cartographer/include/cartographer/sensor/rangefinder_point.h
[69.695s] -- Installing: /home/rick/cartographer_ws/install/cartographer/include/cartographer/sensor/timed_point_cloud_data.h
[69.695s] -- Installing: /home/rick/cartographer_ws/install/cartographer/include/cartographer/transform/rigid_transform.h
[69.695s] -- Installing: /home/rick/cartographer_ws/install/cartographer/include/cartographer/transform/timestamped_transform.h
[69.695s] -- Installing: /home/rick/cartographer_ws/install/cartographer/include/cartographer/transform/transform.h
[69.695s] -- Installing: /home/rick/cartographer_ws/install/cartographer/include/cartographer/transform/transform_interpolation_buffer.h
[69.695s] -- Installing: /home/rick/cartographer_ws/install/cartographer/include/cartographer/io/fake_file_writer.h
[69.696s] -- Installing: /home/rick/cartographer_ws/install/cartographer/include/cartographer/transform/rigid_transform_test_helpers.h
[69.696s] -- Installing: /home/rick/cartographer_ws/install/cartographer/include/cartographer/common/proto/ceres_solver_options.pb.h
[69.696s] -- Installing: /home/rick/cartographer_ws/install/cartographer/include/cartographer/ground_truth/proto/relations.pb.h
[69.696s] -- Installing: /home/rick/cartographer_ws/install/cartographer/include/cartographer/mapping/proto/cell_limits_2d.pb.h
[69.696s] -- Installing: /home/rick/cartographer_ws/install/cartographer/include/cartographer/mapping/proto/connected_components.pb.h
[69.696s] -- Installing: /home/rick/cartographer_ws/install/cartographer/include/cartographer/mapping/proto/grid_2d.pb.h
[69.696s] -- Installing: /home/rick/cartographer_ws/install/cartographer/include/cartographer/mapping/proto/grid_2d_options.pb.h
[69.696s] -- Installing: /home/rick/cartographer_ws/install/cartographer/include/cartographer/mapping/proto/hybrid_grid.pb.h
[69.696s] -- Installing: /home/rick/cartographer_ws/install/cartographer/include/cartographer/mapping/proto/local_trajectory_builder_options_2d.pb.h
[69.696s] -- Installing: /home/rick/cartographer_ws/install/cartographer/include/cartographer/mapping/proto/local_trajectory_builder_options_3d.pb.h
[69.696s] -- Installing: /home/rick/cartographer_ws/install/cartographer/include/cartographer/mapping/proto/map_builder_options.pb.h
[69.696s] -- Installing: /home/rick/cartographer_ws/install/cartographer/include/cartographer/mapping/proto/map_limits.pb.h
[69.696s] -- Installing: /home/rick/cartographer_ws/install/cartographer/include/cartographer/mapping/proto/motion_filter_options.pb.h
[69.696s] -- Installing: /home/rick/cartographer_ws/install/cartographer/include/cartographer/mapping/proto/normal_estimation_options_2d.pb.h
[69.696s] -- Installing: /home/rick/cartographer_ws/install/cartographer/include/cartographer/mapping/proto/pose_extrapolator_options.pb.h
[69.696s] -- Installing: /home/rick/cartographer_ws/install/cartographer/include/cartographer/mapping/proto/pose_graph.pb.h
[69.696s] -- Installing: /home/rick/cartographer_ws/install/cartographer/include/cartographer/mapping/proto/pose_graph/constraint_builder_options.pb.h
[69.697s] -- Installing: /home/rick/cartographer_ws/install/cartographer/include/cartographer/mapping/proto/pose_graph/optimization_problem_options.pb.h
[69.697s] -- Installing: /home/rick/cartographer_ws/install/cartographer/include/cartographer/mapping/proto/pose_graph_options.pb.h
[69.697s] -- Installing: /home/rick/cartographer_ws/install/cartographer/include/cartographer/mapping/proto/probability_grid.pb.h
[69.697s] -- Installing: /home/rick/cartographer_ws/install/cartographer/include/cartographer/mapping/proto/probability_grid_range_data_inserter_options_2d.pb.h
[69.697s] -- Installing: /home/rick/cartographer_ws/install/cartographer/include/cartographer/mapping/proto/range_data_inserter_options.pb.h
[69.697s] -- Installing: /home/rick/cartographer_ws/install/cartographer/include/cartographer/mapping/proto/range_data_inserter_options_3d.pb.h
[69.697s] -- Installing: /home/rick/cartographer_ws/install/cartographer/include/cartographer/mapping/proto/scan_matching/ceres_scan_matcher_options_2d.pb.h
[69.697s] -- Installing: /home/rick/cartographer_ws/install/cartographer/include/cartographer/mapping/proto/scan_matching/ceres_scan_matcher_options_3d.pb.h
[69.697s] -- Installing: /home/rick/cartographer_ws/install/cartographer/include/cartographer/mapping/proto/scan_matching/fast_correlative_scan_matcher_options_2d.pb.h
[69.697s] -- Installing: /home/rick/cartographer_ws/install/cartographer/include/cartographer/mapping/proto/scan_matching/fast_correlative_scan_matcher_options_3d.pb.h
[69.697s] -- Installing: /home/rick/cartographer_ws/install/cartographer/include/cartographer/mapping/proto/scan_matching/real_time_correlative_scan_matcher_options.pb.h
[69.697s] -- Installing: /home/rick/cartographer_ws/install/cartographer/include/cartographer/mapping/proto/serialization.pb.h
[69.697s] -- Installing: /home/rick/cartographer_ws/install/cartographer/include/cartographer/mapping/proto/submap.pb.h
[69.697s] -- Installing: /home/rick/cartographer_ws/install/cartographer/include/cartographer/mapping/proto/submap_visualization.pb.h
[69.697s] -- Installing: /home/rick/cartographer_ws/install/cartographer/include/cartographer/mapping/proto/submaps_options_2d.pb.h
[69.697s] -- Installing: /home/rick/cartographer_ws/install/cartographer/include/cartographer/mapping/proto/submaps_options_3d.pb.h
[69.698s] -- Installing: /home/rick/cartographer_ws/install/cartographer/include/cartographer/mapping/proto/trajectory.pb.h
[69.698s] -- Installing: /home/rick/cartographer_ws/install/cartographer/include/cartographer/mapping/proto/trajectory_builder_options.pb.h
[69.698s] -- Installing: /home/rick/cartographer_ws/install/cartographer/include/cartographer/mapping/proto/trajectory_node_data.pb.h
[69.698s] -- Installing: /home/rick/cartographer_ws/install/cartographer/include/cartographer/mapping/proto/tsdf_2d.pb.h
[69.698s] -- Installing: /home/rick/cartographer_ws/install/cartographer/include/cartographer/mapping/proto/tsdf_range_data_inserter_options_2d.pb.h
[69.698s] -- Installing: /home/rick/cartographer_ws/install/cartographer/include/cartographer/sensor/proto/adaptive_voxel_filter_options.pb.h
[69.698s] -- Installing: /home/rick/cartographer_ws/install/cartographer/include/cartographer/sensor/proto/sensor.pb.h
[69.698s] -- Installing: /home/rick/cartographer_ws/install/cartographer/include/cartographer/transform/proto/timestamped_transform.pb.h
[69.698s] -- Installing: /home/rick/cartographer_ws/install/cartographer/include/cartographer/transform/proto/transform.pb.h
[69.698s] -- Installing: /home/rick/cartographer_ws/install/cartographer/share/cartographer/cmake/CartographerTargets.cmake
[69.698s] -- Installing: /home/rick/cartographer_ws/install/cartographer/share/cartographer/cmake/CartographerTargets-release.cmake
[69.698s] -- Installing: /home/rick/cartographer_ws/install/cartographer/share/cartographer/cartographer-config.cmake
[69.700s] Invoked command in '/home/rick/cartographer_ws/build/cartographer' returned '0': CMAKE_PREFIX_PATH=/opt/ros/humble /usr/bin/cmake --install /home/rick/cartographer_ws/build/cartographer
